Runing CMake configure...
-- [morpheus] Downloading RAPIDS CMake Version: 22.10
-- [morpheus] MORPHEUS_USE_CONDA is defined and CONDA environment (/opt/conda/envs/morpheus) exists.
-- [morpheus] Prepending CONDA_PREFIX (/opt/conda/envs/morpheus) to CMAKE_FIND_ROOT_PATH
-- [morpheus.cuda] CMAKE_CUDA_ARCHITECTURES was not defined. Defaulting to 'native' to build only for local architecture. Specify -DCMAKE_CUDA_ARCHITECTURES='ALL' to build for all archs.
-- [morpheus] The C compiler identification is GNU 11.2.0
-- [morpheus] The CXX compiler identification is GNU 11.2.0
-- [morpheus] The CUDA compiler identification is NVIDIA 11.7.99
-- [morpheus] Detecting C compiler ABI info
-- [morpheus] Detecting C compiler ABI info - done
-- [morpheus] Check for working C compiler: /opt/conda/envs/morpheus/bin/x86_64-conda-linux-gnu-cc - skipped
-- [morpheus] Detecting C compile features
-- [morpheus] Detecting C compile features - done
-- [morpheus] Detecting CXX compiler ABI info
-- [morpheus] Detecting CXX compiler ABI info - done
-- [morpheus] Check for working CXX compiler: /opt/conda/envs/morpheus/bin/x86_64-conda-linux-gnu-c++ - skipped
-- [morpheus] Detecting CXX compile features
-- [morpheus] Detecting CXX compile features - done
-- [morpheus] Detecting CUDA compiler ABI info
-- [morpheus] Detecting CUDA compiler ABI info - done
-- [morpheus] Check for working CUDA compiler: /opt/conda/envs/morpheus/bin/nvcc - skipped
-- [morpheus] Detecting CUDA compile features
-- [morpheus] Detecting CUDA compile features - done
-- [morpheus.cache.ccache] Using ccache: /opt/conda/envs/morpheus/bin/ccache
-- [morpheus.cache.ccache] Using ccache directory: /workspace/.cache/ccache
-- [morpheus.dep.cpm] Using CPM source cache: /workspace/.cache/cpm
-- [morpheus.dep] Found Protobuf: /opt/conda/envs/morpheus/lib/libprotobuf.so;-lpthread (found version "3.20.2") 
-- [morpheus.dep] Found CUDAToolkit: /usr/local/cuda/include (found version "11.7.99") 
-- [morpheus.dep] Found Threads: TRUE  
-- [morpheus.dep.libcudacxx.rapids.cpm.libcudacxx.rapids.cpm.find] CPM: using local package libcudacxx@1.8.0.0
-- [morpheus.dep.matx.rapids.cpm.find] Using GPU architectures native
-- [morpheus.dep.matx.rapids.cpm.find] Recent libcuda++ found in CUDA toolkit. Skipping finding...
-- [morpheus.dep.matx.rapids.cpm.find] CPM: adding package matx@0.1.0 (v0.1.0 at /workspace/.cache/cpm/matx/4e3a7306e9a205860dad58afc9ec5c7f922d9594)
-- [morpheus.dep.pybind11.rapids.cpm.find] Found PythonLibs: /opt/conda/envs/morpheus/lib/libpython3.8.so
-- [morpheus.dep.pybind11.rapids.cpm.find] Performing Test HAS_FLTO
-- [morpheus.dep.pybind11.rapids.cpm.find] Performing Test HAS_FLTO - Success
-- [morpheus.dep.pybind11.rapids.cpm.find] CPM: using local package pybind11@2.8.1
-- [morpheus.dep.rdkafka.rapids.find.package] Found RDKAFKA: /opt/conda/envs/morpheus/lib/librdkafka++.so  
-- [morpheus.dep.mrc.rapids.cpm.find] Found PkgConfig: /opt/conda/envs/morpheus/bin/pkg-config (found version "0.29.2") 
-- [morpheus.dep.mrc.rapids.cpm.find] Checking for module 'hwloc'
-- [morpheus.dep.mrc.rapids.cpm.find]   Found hwloc, version 2.5.0
-- [morpheus.dep.mrc.rapids.cpm.find] Found ZLIB: /opt/conda/envs/morpheus/lib/libz.so (found version "1.2.13") 
-- [morpheus.dep.mrc.rapids.cpm.find] Found OpenSSL: /opt/conda/envs/morpheus/lib/libcrypto.so (found version "1.1.1t")  
-- [morpheus.dep.mrc.rapids.cpm.find] Found c-ares: /opt/conda/envs/morpheus/lib/cmake/c-ares/c-ares-config.cmake (found version "1.18.1") 
-- [morpheus.dep.mrc.rapids.cpm.find] Check if compiler accepts -pthread
-- [morpheus.dep.mrc.rapids.cpm.find] Check if compiler accepts -pthread - yes
-- [morpheus.dep.mrc.rapids.cpm.find] Found RE2 via CMake.
-- [morpheus.dep.mrc.rapids.cpm.find] CPM: using local package mrc@23.01.0
-- [morpheus.dep.cudf.rapids.find.package] Found nvcomp: /opt/conda/envs/morpheus/lib/cmake/nvcomp/nvcomp-config.cmake (found version "2.4.1") 
-- [morpheus.dep.cudf.rapids.find.package] Found Thrust: /opt/conda/envs/morpheus/lib/cmake/thrust/thrust-config.cmake (found version "1.17.2.0") 
-- [morpheus.dep.cudf.rapids.find.package] Found rmm: /opt/conda/envs/morpheus/lib/cmake/rmm/rmm-config.cmake (found version "22.10.01") 
-- [morpheus.dep.cudf.rapids.find.package] Found cudf: /opt/conda/envs/morpheus/lib/cmake/cudf/cudf-config.cmake (found suitable version "22.10.0", minimum required is "22.10") 
-- [morpheus.dep.TritonClient.rapids.cpm.find] RapidJSON found. Headers: /opt/conda/envs/morpheus/include
-- [morpheus.dep.TritonClient.rapids.cpm.find] RapidJSON found. Headers: /opt/conda/envs/morpheus/include
-- [morpheus.dep.TritonClient.rapids.cpm.find] Found CURL: /opt/conda/envs/morpheus/lib/libcurl.so (found version "7.87.0")  
-- [morpheus.dep.TritonClient.rapids.cpm.find] Using curl 
-- [morpheus.dep.TritonClient.rapids.cpm.find] RapidJSON found. Headers: /opt/conda/envs/morpheus/include
-- [morpheus.dep.TritonClient.rapids.cpm.find] CPM: adding package TritonClient@22.10 (r22.10 at /workspace/.cache/cpm/tritonclient/f2dd9277615c6e3c56858568bcd1e470c4d30a1f)
-- [morpheus.compiler] Performing Test COMPILER_C_HAS_O0
-- [morpheus.compiler] Performing Test COMPILER_C_HAS_O0 - Success
-- [morpheus.compiler] Performing Test COMPILER_CXX_HAS_O0
-- [morpheus.compiler] Performing Test COMPILER_CXX_HAS_O0 - Success
-- [morpheus.package-morpheus] Found Python3: /opt/conda/envs/morpheus/bin/python3.8 (found version "3.8.15") found components: Development Development.Module Development.Embed Interpreter NumPy 
-- [morpheus.package-morpheus] Found PythonInterp: /opt/conda/envs/morpheus/bin/python (found version "3.8.15") 
-- [morpheus.package-morpheus] Found Cython: /opt/conda/envs/morpheus/bin/cython  
-- [morpheus.package-morpheus] Found PythonLibs: /opt/conda/envs/morpheus/lib/libpython3.8.so (found version "3.8.15") 
-- [morpheus.package-morpheus] Creating python package 'morpheus'
-- [morpheus.morpheus._lib] Performing inplace build for Python modules and library dependencies. Use `pip install -e .`   from the root folder to install Morpheus.
-- [morpheus.morpheus._lib.cuda_utils]  Install dest: (cuda_utils) 
-- [morpheus.morpheus._lib] Adding library: morpheus
-- [morpheus.morpheus._lib]  Install dest: (morpheus) 
-- [morpheus] Finalizing python package 'morpheus'
-- [morpheus] Python package 'morpheus' has been built but has not been installed. Use `/opt/conda/envs/morpheus/bin/python3.8 -m pip install /workspace` to install the library manually
-- Configuring done
-- Generating done
-- Build files have been written to: /workspace/build
Running CMake build...
[0/2] Re-checking globbed directories...
[1/209] Copying ${SOURCE_DIR}/morpheus/pipeline/stream_pair.py to ${SOURCE_DIR}/build/morpheus/pipeline/stream_pair.py
[2/209] Copying ${SOURCE_DIR}/MANIFEST.in to ${SOURCE_DIR}/build/MANIFEST.in
[3/209] Copying ${SOURCE_DIR}/morpheus/__init__.py to ${SOURCE_DIR}/build/morpheus/__init__.py
[4/209] Copying ${SOURCE_DIR}/morpheus/_lib/__init__.py to ${SOURCE_DIR}/build/morpheus/_lib/__init__.py
[5/209] Copying ${SOURCE_DIR}/morpheus/_version.py to ${SOURCE_DIR}/build/morpheus/_version.py
[6/209] Copying ${SOURCE_DIR}/morpheus/cli/__init__.py to ${SOURCE_DIR}/build/morpheus/cli/__init__.py
[7/209] Copying ${SOURCE_DIR}/morpheus/cli/click_completion_tools.py to ${SOURCE_DIR}/build/morpheus/cli/click_completion_tools.py
[8/209] Copying ${SOURCE_DIR}/morpheus/cli/commands.py to ${SOURCE_DIR}/build/morpheus/cli/commands.py
[9/209] Copying ${SOURCE_DIR}/morpheus/cli/default_command_hooks.py to ${SOURCE_DIR}/build/morpheus/cli/default_command_hooks.py
[10/209] Copying ${SOURCE_DIR}/morpheus/cli/hookspecs.py to ${SOURCE_DIR}/build/morpheus/cli/hookspecs.py
[11/209] Copying ${SOURCE_DIR}/morpheus/cli/plugin_manager.py to ${SOURCE_DIR}/build/morpheus/cli/plugin_manager.py
[12/209] Copying ${SOURCE_DIR}/morpheus/cli/register_stage.py to ${SOURCE_DIR}/build/morpheus/cli/register_stage.py
[13/209] Copying ${SOURCE_DIR}/morpheus/cli/run.py to ${SOURCE_DIR}/build/morpheus/cli/run.py
[14/209] Copying ${SOURCE_DIR}/morpheus/cli/stage_registry.py to ${SOURCE_DIR}/build/morpheus/cli/stage_registry.py
[15/209] Copying ${SOURCE_DIR}/morpheus/cli/utils.py to ${SOURCE_DIR}/build/morpheus/cli/utils.py
[16/209] Copying ${SOURCE_DIR}/morpheus/config.py to ${SOURCE_DIR}/build/morpheus/config.py
[17/209] Copying ${SOURCE_DIR}/morpheus/data/bert-base-cased-hash.txt to ${SOURCE_DIR}/build/morpheus/data/bert-base-cased-hash.txt
[18/209] Copying ${SOURCE_DIR}/morpheus/data/bert-base-uncased-hash.txt to ${SOURCE_DIR}/build/morpheus/data/bert-base-uncased-hash.txt
[19/209] Copying ${SOURCE_DIR}/morpheus/data/columns_ae.txt to ${SOURCE_DIR}/build/morpheus/data/columns_ae.txt
[20/209] Copying ${SOURCE_DIR}/morpheus/data/columns_ae_azure.txt to ${SOURCE_DIR}/build/morpheus/data/columns_ae_azure.txt
[21/209] Copying ${SOURCE_DIR}/morpheus/data/columns_ae_cloudtrail.txt to ${SOURCE_DIR}/build/morpheus/data/columns_ae_cloudtrail.txt
[22/209] Copying ${SOURCE_DIR}/morpheus/data/columns_ae_duo.txt to ${SOURCE_DIR}/build/morpheus/data/columns_ae_duo.txt
[23/209] Copying ${SOURCE_DIR}/morpheus/data/columns_fil.txt to ${SOURCE_DIR}/build/morpheus/data/columns_fil.txt
[24/209] Copying ${SOURCE_DIR}/morpheus/data/labels_ae.txt to ${SOURCE_DIR}/build/morpheus/data/labels_ae.txt
[25/209] Copying ${SOURCE_DIR}/morpheus/data/labels_nlp.txt to ${SOURCE_DIR}/build/morpheus/data/labels_nlp.txt
[26/209] Copying ${SOURCE_DIR}/morpheus/data/labels_phishing.txt to ${SOURCE_DIR}/build/morpheus/data/labels_phishing.txt
[27/209] Copying ${SOURCE_DIR}/morpheus/io/__init__.py to ${SOURCE_DIR}/build/morpheus/io/__init__.py
[28/209] Copying ${SOURCE_DIR}/morpheus/io/deserializers.py to ${SOURCE_DIR}/build/morpheus/io/deserializers.py
[29/209] Copying ${SOURCE_DIR}/morpheus/io/serializers.py to ${SOURCE_DIR}/build/morpheus/io/serializers.py
[30/209] Copying ${SOURCE_DIR}/morpheus/io/utils.py to ${SOURCE_DIR}/build/morpheus/io/utils.py
[31/209] Copying ${SOURCE_DIR}/morpheus/messages/__init__.py to ${SOURCE_DIR}/build/morpheus/messages/__init__.py
[32/209] Copying ${SOURCE_DIR}/morpheus/messages/data_class_prop.py to ${SOURCE_DIR}/build/morpheus/messages/data_class_prop.py
[33/209] Copying ${SOURCE_DIR}/morpheus/messages/message_base.py to ${SOURCE_DIR}/build/morpheus/messages/message_base.py
[34/209] Copying ${SOURCE_DIR}/morpheus/messages/message_meta.py to ${SOURCE_DIR}/build/morpheus/messages/message_meta.py
[35/209] Copying ${SOURCE_DIR}/morpheus/messages/multi_ae_message.py to ${SOURCE_DIR}/build/morpheus/messages/multi_ae_message.py
[36/209] Copying ${SOURCE_DIR}/morpheus/messages/multi_inference_ae_message.py to ${SOURCE_DIR}/build/morpheus/messages/multi_inference_ae_message.py
[37/209] Copying ${SOURCE_DIR}/morpheus/messages/multi_inference_message.py to ${SOURCE_DIR}/build/morpheus/messages/multi_inference_message.py
[38/209] Copying ${SOURCE_DIR}/morpheus/messages/multi_message.py to ${SOURCE_DIR}/build/morpheus/messages/multi_message.py
[39/209] Copying ${SOURCE_DIR}/morpheus/messages/tensor_memory.py to ${SOURCE_DIR}/build/morpheus/messages/tensor_memory.py
[40/209] Copying ${SOURCE_DIR}/morpheus/modules/__init__.py to ${SOURCE_DIR}/build/morpheus/modules/__init__.py
[41/209] Copying ${SOURCE_DIR}/morpheus/modules/mlflow_model_writer.py to ${SOURCE_DIR}/build/morpheus/modules/mlflow_model_writer.py
[42/209] Copying ${SOURCE_DIR}/morpheus/pipeline/__init__.py to ${SOURCE_DIR}/build/morpheus/pipeline/__init__.py
[43/209] Copying ${SOURCE_DIR}/morpheus/pipeline/linear_pipeline.py to ${SOURCE_DIR}/build/morpheus/pipeline/linear_pipeline.py
[44/209] Copying ${SOURCE_DIR}/morpheus/pipeline/multi_message_stage.py to ${SOURCE_DIR}/build/morpheus/pipeline/multi_message_stage.py
[45/209] Copying ${SOURCE_DIR}/morpheus/pipeline/receiver.py to ${SOURCE_DIR}/build/morpheus/pipeline/receiver.py
[46/209] Copying ${SOURCE_DIR}/morpheus/pipeline/sender.py to ${SOURCE_DIR}/build/morpheus/pipeline/sender.py
[47/209] Copying ${SOURCE_DIR}/morpheus/messages/multi_response_message.py to ${SOURCE_DIR}/build/morpheus/messages/multi_response_message.py
[48/209] Copying ${SOURCE_DIR}/morpheus/modules/file_batcher.py to ${SOURCE_DIR}/build/morpheus/modules/file_batcher.py
[49/209] Copying ${SOURCE_DIR}/morpheus/modules/file_to_df.py to ${SOURCE_DIR}/build/morpheus/modules/file_to_df.py
[50/209] Copying ${SOURCE_DIR}/morpheus/pipeline/pipeline.py to ${SOURCE_DIR}/build/morpheus/pipeline/pipeline.py
[51/209] Copying ${SOURCE_DIR}/morpheus/pipeline/single_output_source.py to ${SOURCE_DIR}/build/morpheus/pipeline/single_output_source.py
[52/209] Copying ${SOURCE_DIR}/morpheus/pipeline/single_port_stage.py to ${SOURCE_DIR}/build/morpheus/pipeline/single_port_stage.py
[53/209] Copying ${SOURCE_DIR}/morpheus/pipeline/source_stage.py to ${SOURCE_DIR}/build/morpheus/pipeline/source_stage.py
[54/209] Copying ${SOURCE_DIR}/morpheus/pipeline/stage.py to ${SOURCE_DIR}/build/morpheus/pipeline/stage.py
[55/209] Copying ${SOURCE_DIR}/morpheus/pipeline/stream_wrapper.py to ${SOURCE_DIR}/build/morpheus/pipeline/stream_wrapper.py
[56/209] Copying ${SOURCE_DIR}/morpheus/py.typed to ${SOURCE_DIR}/build/morpheus/py.typed
[57/209] Copying ${SOURCE_DIR}/morpheus/stages/__init__.py to ${SOURCE_DIR}/build/morpheus/stages/__init__.py
[58/209] Copying ${SOURCE_DIR}/morpheus/stages/boundary/__init__.py to ${SOURCE_DIR}/build/morpheus/stages/boundary/__init__.py
[59/209] Copying ${SOURCE_DIR}/morpheus/stages/boundary/linear_boundary_stage.py to ${SOURCE_DIR}/build/morpheus/stages/boundary/linear_boundary_stage.py
[60/209] Copying ${SOURCE_DIR}/morpheus/stages/doca/__init__.py to ${SOURCE_DIR}/build/morpheus/stages/doca/__init__.py
[61/209] Copying ${SOURCE_DIR}/morpheus/stages/doca/doca_source_stage.py to ${SOURCE_DIR}/build/morpheus/stages/doca/doca_source_stage.py
[62/209] Copying ${SOURCE_DIR}/morpheus/stages/general/__init__.py to ${SOURCE_DIR}/build/morpheus/stages/general/__init__.py
[63/209] Copying ${SOURCE_DIR}/morpheus/stages/general/buffer_stage.py to ${SOURCE_DIR}/build/morpheus/stages/general/buffer_stage.py
[64/209] Copying ${SOURCE_DIR}/morpheus/stages/general/delay_stage.py to ${SOURCE_DIR}/build/morpheus/stages/general/delay_stage.py
[65/209] Copying ${SOURCE_DIR}/morpheus/stages/general/linear_modules_stage.py to ${SOURCE_DIR}/build/morpheus/stages/general/linear_modules_stage.py
[66/209] Copying ${SOURCE_DIR}/morpheus/stages/general/monitor_stage.py to ${SOURCE_DIR}/build/morpheus/stages/general/monitor_stage.py
[67/209] Copying ${SOURCE_DIR}/morpheus/stages/general/trigger_stage.py to ${SOURCE_DIR}/build/morpheus/stages/general/trigger_stage.py
[68/209] Copying ${SOURCE_DIR}/morpheus/stages/inference/__init__.py to ${SOURCE_DIR}/build/morpheus/stages/inference/__init__.py
[69/209] Copying ${SOURCE_DIR}/morpheus/stages/inference/auto_encoder_inference_stage.py to ${SOURCE_DIR}/build/morpheus/stages/inference/auto_encoder_inference_stage.py
[70/209] Copying ${SOURCE_DIR}/morpheus/stages/inference/identity_inference_stage.py to ${SOURCE_DIR}/build/morpheus/stages/inference/identity_inference_stage.py
[71/209] Copying ${SOURCE_DIR}/morpheus/stages/inference/inference_stage.py to ${SOURCE_DIR}/build/morpheus/stages/inference/inference_stage.py
[72/209] Copying ${SOURCE_DIR}/morpheus/stages/inference/pytorch_inference_stage.py to ${SOURCE_DIR}/build/morpheus/stages/inference/pytorch_inference_stage.py
[73/209] Copying ${SOURCE_DIR}/morpheus/stages/inference/triton_inference_stage.py to ${SOURCE_DIR}/build/morpheus/stages/inference/triton_inference_stage.py
[74/209] Copying ${SOURCE_DIR}/morpheus/stages/input/__init__.py to ${SOURCE_DIR}/build/morpheus/stages/input/__init__.py
[75/209] Copying ${SOURCE_DIR}/morpheus/stages/input/appshield_source_stage.py to ${SOURCE_DIR}/build/morpheus/stages/input/appshield_source_stage.py
[76/209] Copying ${SOURCE_DIR}/morpheus/stages/input/autoencoder_source_stage.py to ${SOURCE_DIR}/build/morpheus/stages/input/autoencoder_source_stage.py
[77/209] Copying ${SOURCE_DIR}/morpheus/stages/input/azure_source_stage.py to ${SOURCE_DIR}/build/morpheus/stages/input/azure_source_stage.py
[78/209] Copying ${SOURCE_DIR}/morpheus/stages/input/cloud_trail_source_stage.py to ${SOURCE_DIR}/build/morpheus/stages/input/cloud_trail_source_stage.py
[79/209] Copying ${SOURCE_DIR}/morpheus/stages/input/duo_source_stage.py to ${SOURCE_DIR}/build/morpheus/stages/input/duo_source_stage.py
[80/209] Copying ${SOURCE_DIR}/morpheus/stages/input/file_source_stage.py to ${SOURCE_DIR}/build/morpheus/stages/input/file_source_stage.py
[81/209] Copying ${SOURCE_DIR}/morpheus/stages/input/kafka_source_stage.py to ${SOURCE_DIR}/build/morpheus/stages/input/kafka_source_stage.py
[82/209] Copying ${SOURCE_DIR}/morpheus/stages/output/__init__.py to ${SOURCE_DIR}/build/morpheus/stages/output/__init__.py
[83/209] Copying ${SOURCE_DIR}/morpheus/stages/output/write_to_file_stage.py to ${SOURCE_DIR}/build/morpheus/stages/output/write_to_file_stage.py
[84/209] Copying ${SOURCE_DIR}/morpheus/stages/output/write_to_kafka_stage.py to ${SOURCE_DIR}/build/morpheus/stages/output/write_to_kafka_stage.py
[85/209] Copying ${SOURCE_DIR}/morpheus/stages/postprocess/__init__.py to ${SOURCE_DIR}/build/morpheus/stages/postprocess/__init__.py
[86/209] Copying ${SOURCE_DIR}/morpheus/stages/postprocess/add_classifications_stage.py to ${SOURCE_DIR}/build/morpheus/stages/postprocess/add_classifications_stage.py
[87/209] Copying ${SOURCE_DIR}/morpheus/stages/postprocess/add_scores_stage.py to ${SOURCE_DIR}/build/morpheus/stages/postprocess/add_scores_stage.py
[88/209] Copying ${SOURCE_DIR}/morpheus/stages/postprocess/filter_detections_stage.py to ${SOURCE_DIR}/build/morpheus/stages/postprocess/filter_detections_stage.py
[89/209] Copying ${SOURCE_DIR}/morpheus/stages/postprocess/generate_viz_frames_stage.py to ${SOURCE_DIR}/build/morpheus/stages/postprocess/generate_viz_frames_stage.py
[90/209] Copying ${SOURCE_DIR}/morpheus/stages/postprocess/ml_flow_drift_stage.py to ${SOURCE_DIR}/build/morpheus/stages/postprocess/ml_flow_drift_stage.py
[91/209] Copying ${SOURCE_DIR}/morpheus/stages/postprocess/serialize_stage.py to ${SOURCE_DIR}/build/morpheus/stages/postprocess/serialize_stage.py
[92/209] Copying ${SOURCE_DIR}/morpheus/stages/postprocess/timeseries_stage.py to ${SOURCE_DIR}/build/morpheus/stages/postprocess/timeseries_stage.py
[93/209] Copying ${SOURCE_DIR}/morpheus/stages/postprocess/validation_stage.py to ${SOURCE_DIR}/build/morpheus/stages/postprocess/validation_stage.py
[94/209] Copying ${SOURCE_DIR}/morpheus/stages/preprocess/__init__.py to ${SOURCE_DIR}/build/morpheus/stages/preprocess/__init__.py
[95/209] Copying ${SOURCE_DIR}/morpheus/stages/preprocess/deserialize_stage.py to ${SOURCE_DIR}/build/morpheus/stages/preprocess/deserialize_stage.py
[96/209] Copying ${SOURCE_DIR}/morpheus/stages/preprocess/drop_null_stage.py to ${SOURCE_DIR}/build/morpheus/stages/preprocess/drop_null_stage.py
[97/209] Copying ${SOURCE_DIR}/morpheus/stages/preprocess/preprocess_ae_stage.py to ${SOURCE_DIR}/build/morpheus/stages/preprocess/preprocess_ae_stage.py
[98/209] Copying ${SOURCE_DIR}/morpheus/stages/preprocess/preprocess_base_stage.py to ${SOURCE_DIR}/build/morpheus/stages/preprocess/preprocess_base_stage.py
[99/209] Copying ${SOURCE_DIR}/morpheus/stages/preprocess/preprocess_fil_stage.py to ${SOURCE_DIR}/build/morpheus/stages/preprocess/preprocess_fil_stage.py
[100/209] Copying ${SOURCE_DIR}/morpheus/utils/__init__.py to ${SOURCE_DIR}/build/morpheus/utils/__init__.py
[101/209] Copying ${SOURCE_DIR}/morpheus/stages/preprocess/preprocess_nlp_stage.py to ${SOURCE_DIR}/build/morpheus/stages/preprocess/preprocess_nlp_stage.py
[102/209] Copying ${SOURCE_DIR}/morpheus/stages/preprocess/train_ae_stage.py to ${SOURCE_DIR}/build/morpheus/stages/preprocess/train_ae_stage.py
[103/209] Copying ${SOURCE_DIR}/morpheus/utils/atomic_integer.py to ${SOURCE_DIR}/build/morpheus/utils/atomic_integer.py
[104/209] Copying ${SOURCE_DIR}/morpheus/utils/column_info.py to ${SOURCE_DIR}/build/morpheus/utils/column_info.py
[105/209] Copying ${SOURCE_DIR}/morpheus/utils/compare_df.py to ${SOURCE_DIR}/build/morpheus/utils/compare_df.py
[106/209] Copying ${SOURCE_DIR}/morpheus/utils/cudf_subword_helper.py to ${SOURCE_DIR}/build/morpheus/utils/cudf_subword_helper.py
[107/209] Copying ${SOURCE_DIR}/morpheus/utils/directory_watcher.py to ${SOURCE_DIR}/build/morpheus/utils/directory_watcher.py
[108/209] Copying ${SOURCE_DIR}/morpheus/utils/file_utils.py to ${SOURCE_DIR}/build/morpheus/utils/file_utils.py
[109/209] Copying ${SOURCE_DIR}/morpheus/utils/logger.py to ${SOURCE_DIR}/build/morpheus/utils/logger.py
[110/209] Copying ${SOURCE_DIR}/morpheus/utils/onnx_to_trt.py to ${SOURCE_DIR}/build/morpheus/utils/onnx_to_trt.py
[111/209] Copying ${SOURCE_DIR}/morpheus/utils/producer_consumer_queue.py to ${SOURCE_DIR}/build/morpheus/utils/producer_consumer_queue.py
[112/209] Copying ${SOURCE_DIR}/morpheus/utils/type_utils.py to ${SOURCE_DIR}/build/morpheus/utils/type_utils.py
[113/209] Copying ${SOURCE_DIR}/setup.cfg to ${SOURCE_DIR}/build/setup.cfg
[114/209] Copying ${SOURCE_DIR}/setup.py to ${SOURCE_DIR}/build/setup.py
[115/209] Copying ${SOURCE_DIR}/morpheus/utils/module_ids.py to ${SOURCE_DIR}/build/morpheus/utils/module_ids.py
[116/209] Copying ${SOURCE_DIR}/versioneer.py to ${SOURCE_DIR}/build/versioneer.py
[117/209] Copying ${SOURCE_DIR}/pyproject.toml to ${SOURCE_DIR}/build/pyproject.toml
[118/209] Copying ${SOURCE_DIR}/morpheus/utils/module_utils.py to ${SOURCE_DIR}/build/morpheus/utils/module_utils.py
[119/209] Building CXX object _deps/repo-common-build/CMakeFiles/triton-common-logging.dir/src/logging.cc.o
[120/209] Building CXX object _deps/repo-common-build/CMakeFiles/triton-common-thread-pool.dir/src/thread_pool.cc.o
[121/209] Building CXX object _deps/repo-common-build/CMakeFiles/triton-common-async-work-queue.dir/src/async_work_queue.cc.o
[122/209] Building CXX object _deps/repo-common-build/CMakeFiles/triton-common-async-work-queue.dir/src/thread_pool.cc.o
[123/209] Building CXX object _deps/repo-common-build/CMakeFiles/triton-common-table-printer.dir/src/table_printer.cc.o
[124/209] Building CXX object _deps/repo-common-build/CMakeFiles/triton-common-error.dir/src/error.cc.o
[125/209] Building CXX object _deps/tritonclient-build/library/CMakeFiles/http-client-library.dir/common.cc.o
[126/209] Building CXX object _deps/repo-common-build/CMakeFiles/triton-common-async-work-queue.dir/src/error.cc.o
[127/209] Building CXX object morpheus/_lib/CMakeFiles/cuda_utils.dir/src/utilities/type_util_detail.cpp.o
[128/209] Building CXX object _deps/tritonclient-build/library/CMakeFiles/http-client-library.dir/http_client.cc.o
[129/209] Building C object _deps/tritonclient-build/library/CMakeFiles/http-client-library.dir/cencode.c.o
[130/209] Building CXX object morpheus/_lib/CMakeFiles/cuda_utils.dir/src/objects/tensor_object.cpp.o
[131/209] Building CXX object morpheus/_lib/CMakeFiles/cuda_utils.dir/src/utilities/tensor_util.cpp.o
[132/209] Building CXX object morpheus/_lib/CMakeFiles/cuda_utils.dir/src/objects/dev_mem_info.cpp.o
[133/209] Building CUDA object morpheus/_lib/CMakeFiles/cuda_utils_objs.dir/src/utilities/type_util.cu.o
[134/209] Building CXX object morpheus/_lib/CMakeFiles/cuda_utils.dir/src/objects/table_info.cpp.o
[135/209] Linking CXX static library _deps/tritonclient-build/library/libhttpclient_static.a
[136/209] Building CUDA object morpheus/_lib/CMakeFiles/cuda_utils_objs.dir/src/utilities/matx_util.cu.o
[137/209] Linking CXX shared library _deps/repo-common-build/libtritontableprinter.so
[138/209] Linking CXX shared library _deps/repo-common-build/libtritoncommonerror.so
[139/209] Linking CXX shared library _deps/repo-common-build/libtritoncommonlogging.so
[140/209] Linking CXX shared library _deps/tritonclient-build/library/libhttpclient.so
[141/209] Linking CXX shared library _deps/repo-common-build/libtritonasyncworkqueue.so
[142/209] Linking CXX shared library _deps/repo-common-build/libtritonthreadpool.so
[143/209] Linking CXX shared library morpheus/_lib/libmorpheus_utils.so
[144/209] Generating CXX source morpheus/_lib/cudf_helpers.cxx
warning: /opt/conda/envs/morpheus/lib/python3.8/site-packages/cudf/_lib/cpp/types.pxd:51:8: 'UNEQUAL' redeclared 
[145/209] Building CXX object morpheus/_lib/CMakeFiles/morpheus.dir/src/messages/memory/response_memory_probs.cpp.o
[146/209] Building CXX object morpheus/_lib/CMakeFiles/morpheus.dir/src/messages/memory/inference_memory.cpp.o
[147/209] Building CXX object morpheus/_lib/CMakeFiles/morpheus.dir/src/messages/meta.cpp.o
[148/209] Building CXX object morpheus/_lib/CMakeFiles/morpheus.dir/src/messages/memory/response_memory.cpp.o
[149/209] Building CXX object morpheus/_lib/CMakeFiles/cudf_helpers.dir/cudf_helpers.cxx.o
/workspace/build/morpheus/_lib/cudf_helpers.cxx: In function 'int __pyx_add_acquisition_count_locked(__pyx_atomic_int*, PyThread_type_lock)':
/workspace/build/morpheus/_lib/cudf_helpers.cxx:26826:15: warning: '++' expression of 'volatile'-qualified type is deprecated [-Wvolatile]
26826 |     result = (*acquisition_count)++;
      |              ~^~~~~~~~~~~~~~~~~~~
/workspace/build/morpheus/_lib/cudf_helpers.cxx: In function 'int __pyx_sub_acquisition_count_locked(__pyx_atomic_int*, PyThread_type_lock)':
/workspace/build/morpheus/_lib/cudf_helpers.cxx:26836:15: warning: '--' expression of 'volatile'-qualified type is deprecated [-Wvolatile]
26836 |     result = (*acquisition_count)--;
      |              ~^~~~~~~~~~~~~~~~~~~
[150/209] Building CXX object morpheus/_lib/CMakeFiles/morpheus.dir/src/messages/multi_response.cpp.o
[151/209] Building CXX object morpheus/_lib/CMakeFiles/morpheus.dir/src/io/deserializers.cpp.o
[152/209] Building CXX object morpheus/_lib/CMakeFiles/morpheus.dir/src/io/serializers.cpp.o
[153/209] Building CXX object morpheus/_lib/CMakeFiles/morpheus.dir/src/messages/memory/inference_memory_fil.cpp.o
[154/209] Building CXX object morpheus/_lib/CMakeFiles/morpheus.dir/src/messages/memory/inference_memory_nlp.cpp.o
[155/209] Building CXX object morpheus/_lib/CMakeFiles/morpheus.dir/src/messages/memory/tensor_memory.cpp.o
[156/209] Building CXX object morpheus/_lib/CMakeFiles/morpheus.dir/src/messages/multi.cpp.o
[157/209] Building CXX object morpheus/_lib/CMakeFiles/morpheus.dir/src/messages/multi_inference.cpp.o
[158/209] Building CXX object morpheus/_lib/CMakeFiles/morpheus.dir/src/messages/multi_inference_fil.cpp.o
[159/209] Building CXX object morpheus/_lib/CMakeFiles/morpheus.dir/src/messages/multi_response_probs.cpp.o
[160/209] Building CXX object morpheus/_lib/CMakeFiles/morpheus.dir/src/messages/multi_tensor.cpp.o
[161/209] Building CXX object morpheus/_lib/CMakeFiles/morpheus.dir/src/objects/fiber_queue.cpp.o
[162/209] Building CXX object morpheus/_lib/CMakeFiles/morpheus.dir/src/objects/file_types.cpp.o
[163/209] Building CXX object morpheus/_lib/CMakeFiles/morpheus.dir/src/utilities/cupy_util.cpp.o
[164/209] Building CXX object morpheus/_lib/CMakeFiles/morpheus.dir/src/messages/multi_inference_nlp.cpp.o
[165/209] Building CXX object morpheus/_lib/CMakeFiles/morpheus.dir/src/objects/wrapped_tensor.cpp.o
[166/209] Building CXX object morpheus/_lib/CMakeFiles/morpheus.dir/src/objects/python_data_table.cpp.o
[167/209] Building CXX object morpheus/_lib/CMakeFiles/morpheus.dir/src/objects/rmm_tensor.cpp.o
[168/209] Building CXX object morpheus/_lib/CMakeFiles/morpheus.dir/src/objects/tensor.cpp.o
[169/209] Building CXX object morpheus/_lib/CMakeFiles/morpheus.dir/src/stages/add_classification.cpp.o
[170/209] Building CXX object morpheus/_lib/CMakeFiles/morpheus.dir/src/stages/add_scores.cpp.o
[171/209] Building CXX object morpheus/_lib/CMakeFiles/morpheus.dir/src/stages/deserialize.cpp.o
[172/209] Building CXX object morpheus/_lib/CMakeFiles/morpheus.dir/src/stages/file_source.cpp.o
[173/209] Building CXX object morpheus/_lib/CMakeFiles/morpheus.dir/src/stages/filter_detection.cpp.o
[174/209] Building CXX object morpheus/_lib/CMakeFiles/morpheus.dir/src/stages/kafka_source.cpp.o
[175/209] Building CXX object morpheus/_lib/CMakeFiles/morpheus.dir/src/stages/preprocess_nlp.cpp.o
[176/209] Building CXX object morpheus/_lib/CMakeFiles/morpheus.dir/src/stages/write_to_file.cpp.o
[177/209] Building CXX object morpheus/_lib/CMakeFiles/morpheus.dir/src/utilities/cudf_util.cpp.o
[178/209] Building CXX object morpheus/_lib/CMakeFiles/morpheus.dir/src/utilities/string_util.cpp.o
[179/209] Building CXX object morpheus/_lib/CMakeFiles/morpheus.dir/src/utilities/table_util.cpp.o
[180/209] Building C object morpheus/_lib/CMakeFiles/morpheus.dir/src/doca/utils.c.o
/workspace/morpheus/_lib/src/doca/utils.c: In function 'DOCA_LOG_CTOR___FILE__':
/workspace/morpheus/_lib/src/doca/utils.c:29:1: warning: 'doca_log_source_register' is deprecated: Symbol is defined as experimental [-Wdeprecated-declarations]
   29 | DOCA_LOG_REGISTER(UTILS);
      | ^~~~~~~~~~~~~~~~~
In file included from /workspace/morpheus/_lib/src/doca/utils.c:22:
/opt/mellanox/doca/include/doca_log.h:169:14: note: declared here
  169 | doca_error_t doca_log_source_register(const char *source_name, int *source);
      |              ^~~~~~~~~~~~~~~~~~~~~~~~
/workspace/morpheus/_lib/src/doca/utils.c: In function 'DOCA_LOG_DTOR___FILE__':
/workspace/morpheus/_lib/src/doca/utils.c:29:1: warning: 'doca_log_source_destroy' is deprecated: Symbol is defined as experimental [-Wdeprecated-declarations]
   29 | DOCA_LOG_REGISTER(UTILS);
      | ^~~~~~~~~~~~~~~~~
In file included from /workspace/morpheus/_lib/src/doca/utils.c:22:
/opt/mellanox/doca/include/doca_log.h:184:14: note: declared here
  184 | doca_error_t doca_log_source_destroy(int source);
      |              ^~~~~~~~~~~~~~~~~~~~~~~
/workspace/morpheus/_lib/src/doca/utils.c: In function 'sdk_version_callback':
/workspace/morpheus/_lib/src/doca/utils.c:35:9: warning: 'doca_version_runtime' is deprecated: Symbol is defined as experimental [-Wdeprecated-declarations]
   35 |         printf("DOCA Runtime Version (Runtime):     %s\n", doca_version_runtime());
      |         ^~~~~~
In file included from /workspace/morpheus/_lib/src/doca/utils.c:21:
/opt/mellanox/doca/include/doca_version.h:96:13: note: declared here
   96 | const char *doca_version_runtime(void);
      |             ^~~~~~~~~~~~~~~~~~~~
[181/209] Building CXX object morpheus/_lib/tests/CMakeFiles/test_libmorpheus.dir/test_main.cpp.o
[182/209] Building CXX object morpheus/_lib/tests/CMakeFiles/test_libmorpheus.dir/test_matx_util.cpp.o
[183/209] Building CXX object morpheus/_lib/tests/CMakeFiles/test_libmorpheus.dir/test_morpheus.cpp.o
[184/209] Building CXX object morpheus/_lib/tests/CMakeFiles/test_libmorpheus.dir/test_multi_slices.cpp.o
[185/209] Building CXX object morpheus/_lib/tests/CMakeFiles/test_libmorpheus.dir/test_tensor.cpp.o
[186/209] Building CXX object morpheus/_lib/tests/CMakeFiles/test_libmorpheus.dir/test_type_util_detail.cpp.o
[187/209] Building CXX object morpheus/_lib/CMakeFiles/morpheus.dir/src/stages/preprocess_fil.cpp.o
[188/209] Building CXX object morpheus/_lib/CMakeFiles/morpheus.dir/src/stages/serialize.cpp.o
[189/209] Building CXX object morpheus/_lib/CMakeFiles/morpheus.dir/src/stages/triton_inference.cpp.o
[190/209] Building CUDA object morpheus/_lib/CMakeFiles/morpheus.dir/src/stages/doca_source_kernels.cu.o
/opt/mellanox/dpdk/include/dpdk/rte_common.h(869): warning #1217-D: unrecognized format function type "gnu_printf" ignored

/opt/mellanox/dpdk/include/dpdk/rte_log.h(281): warning #1217-D: unrecognized format function type "gnu_printf" ignored

/opt/mellanox/dpdk/include/dpdk/rte_log.h(310): warning #1217-D: unrecognized format function type "gnu_printf" ignored

/opt/mellanox/dpdk/include/dpdk/rte_devargs.h(169): warning #1217-D: unrecognized format function type "gnu_printf" ignored

/opt/mellanox/dpdk/include/dpdk/rte_debug.h(69): warning #1217-D: unrecognized format function type "gnu_printf" ignored

/opt/mellanox/dpdk/include/dpdk/rte_common.h(869): warning #1217-D: unrecognized format function type "gnu_printf" ignored

/opt/mellanox/dpdk/include/dpdk/rte_log.h(281): warning #1217-D: unrecognized format function type "gnu_printf" ignored

/opt/mellanox/dpdk/include/dpdk/rte_log.h(310): warning #1217-D: unrecognized format function type "gnu_printf" ignored

/opt/mellanox/dpdk/include/dpdk/rte_devargs.h(169): warning #1217-D: unrecognized format function type "gnu_printf" ignored

/opt/mellanox/dpdk/include/dpdk/rte_debug.h(69): warning #1217-D: unrecognized format function type "gnu_printf" ignored

[191/209] Building CXX object morpheus/_lib/CMakeFiles/common.dir/src/python_modules/common.cpp.o
[192/209] Building CXX object morpheus/_lib/CMakeFiles/stages.dir/src/python_modules/stages.cpp.o
[193/209] Building CXX object morpheus/_lib/CMakeFiles/morpheus.dir/src/stages/doca_source.cpp.o
In file included from /opt/mellanox/dpdk/include/x86_64-linux-gnu/dpdk/rte_spinlock.h:12,
                 from /opt/mellanox/dpdk/include/dpdk/rte_mempool.h:44,
                 from /opt/mellanox/dpdk/include/dpdk/rte_mbuf.h:38,
                 from /opt/mellanox/dpdk/include/dpdk/rte_gpudev.h:12,
                 from /opt/mellanox/doca/include/doca_gpu.h:30,
                 from ../morpheus/_lib/include/morpheus/doca/doca_context.hpp:3,
                 from ../morpheus/_lib/include/morpheus/stages/doca_source.hpp:20,
                 from ../morpheus/_lib/src/stages/doca_source.cpp:18:
/opt/mellanox/dpdk/include/dpdk/generic/rte_spinlock.h: In function 'void rte_spinlock_recursive_lock(rte_spinlock_recursive_t*)':
/opt/mellanox/dpdk/include/dpdk/generic/rte_spinlock.h:221:14: warning: '++' expression of 'volatile'-qualified type is deprecated [-Wvolatile]
  221 |         slr->count++;
      |         ~~~~~^~~~~
/opt/mellanox/dpdk/include/dpdk/generic/rte_spinlock.h: In function 'void rte_spinlock_recursive_unlock(rte_spinlock_recursive_t*)':
/opt/mellanox/dpdk/include/dpdk/generic/rte_spinlock.h:231:21: warning: '--' expression of 'volatile'-qualified type is deprecated [-Wvolatile]
  231 |         if (--(slr->count) == 0) {
      |               ~~~~~~^~~~~~
/opt/mellanox/dpdk/include/dpdk/generic/rte_spinlock.h: In function 'int rte_spinlock_recursive_trylock(rte_spinlock_recursive_t*)':
/opt/mellanox/dpdk/include/dpdk/generic/rte_spinlock.h:255:14: warning: '++' expression of 'volatile'-qualified type is deprecated [-Wvolatile]
  255 |         slr->count++;
      |         ~~~~~^~~~~
[194/209] Building CXX object morpheus/_lib/CMakeFiles/doca.dir/src/python_modules/doca.cpp.o
In file included from /opt/mellanox/dpdk/include/x86_64-linux-gnu/dpdk/rte_spinlock.h:12,
                 from /opt/mellanox/dpdk/include/dpdk/rte_mempool.h:44,
                 from /opt/mellanox/dpdk/include/dpdk/rte_mbuf.h:38,
                 from /opt/mellanox/dpdk/include/dpdk/rte_gpudev.h:12,
                 from /opt/mellanox/doca/include/doca_gpu.h:30,
                 from ../morpheus/_lib/include/morpheus/doca/doca_context.hpp:3,
                 from ../morpheus/_lib/include/morpheus/stages/doca_source.hpp:20,
                 from ../morpheus/_lib/src/python_modules/doca.cpp:8:
/opt/mellanox/dpdk/include/dpdk/generic/rte_spinlock.h: In function 'void rte_spinlock_recursive_lock(rte_spinlock_recursive_t*)':
/opt/mellanox/dpdk/include/dpdk/generic/rte_spinlock.h:221:14: warning: '++' expression of 'volatile'-qualified type is deprecated [-Wvolatile]
  221 |         slr->count++;
      |         ~~~~~^~~~~
/opt/mellanox/dpdk/include/dpdk/generic/rte_spinlock.h: In function 'void rte_spinlock_recursive_unlock(rte_spinlock_recursive_t*)':
/opt/mellanox/dpdk/include/dpdk/generic/rte_spinlock.h:231:21: warning: '--' expression of 'volatile'-qualified type is deprecated [-Wvolatile]
  231 |         if (--(slr->count) == 0) {
      |               ~~~~~~^~~~~~
/opt/mellanox/dpdk/include/dpdk/generic/rte_spinlock.h: In function 'int rte_spinlock_recursive_trylock(rte_spinlock_recursive_t*)':
/opt/mellanox/dpdk/include/dpdk/generic/rte_spinlock.h:255:14: warning: '++' expression of 'volatile'-qualified type is deprecated [-Wvolatile]
  255 |         slr->count++;
      |         ~~~~~^~~~~
[195/209] Building CXX object morpheus/_lib/CMakeFiles/messages.dir/src/python_modules/messages.cpp.o
[196/209] Building C object morpheus/_lib/CMakeFiles/morpheus.dir/src/doca/gpu_init.c.o
/workspace/morpheus/_lib/src/doca/gpu_init.c: In function 'DOCA_LOG_CTOR___FILE__':
/workspace/morpheus/_lib/src/doca/gpu_init.c:24:1: warning: 'doca_log_source_register' is deprecated: Symbol is defined as experimental [-Wdeprecated-declarations]
   24 | DOCA_LOG_REGISTER(GPU_INIT);
      | ^~~~~~~~~~~~~~~~~
In file included from /workspace/morpheus/_lib/src/doca/gpu_init.c:20:
/opt/mellanox/doca/include/doca_log.h:169:14: note: declared here
  169 | doca_error_t doca_log_source_register(const char *source_name, int *source);
      |              ^~~~~~~~~~~~~~~~~~~~~~~~
/workspace/morpheus/_lib/src/doca/gpu_init.c: In function 'DOCA_LOG_DTOR___FILE__':
/workspace/morpheus/_lib/src/doca/gpu_init.c:24:1: warning: 'doca_log_source_destroy' is deprecated: Symbol is defined as experimental [-Wdeprecated-declarations]
   24 | DOCA_LOG_REGISTER(GPU_INIT);
      | ^~~~~~~~~~~~~~~~~
In file included from /workspace/morpheus/_lib/src/doca/gpu_init.c:20:
/opt/mellanox/doca/include/doca_log.h:184:14: note: declared here
  184 | doca_error_t doca_log_source_destroy(int source);
      |              ^~~~~~~~~~~~~~~~~~~~~~~
/workspace/morpheus/_lib/src/doca/gpu_init.c: In function 'allocate_mempool_gpu':
/workspace/morpheus/_lib/src/doca/gpu_init.c:39:25: warning: 'doca_log' is deprecated: Symbol is defined as experimental [-Wdeprecated-declarations]
   39 |                         DOCA_LOG_ERR("Could not allocate CPU DPDK memory");
      |                         ^~~~~~~~~~~~
In file included from /workspace/morpheus/_lib/src/doca/gpu_init.c:20:
/opt/mellanox/doca/include/doca_log.h:285:14: note: declared here
  285 | doca_error_t doca_log(uint32_t level, int source, int line, const char *format, ...) __attribute__ ((format (printf, 4, 5)));
      |              ^~~~~~~~
/workspace/morpheus/_lib/src/doca/gpu_init.c:43:17: warning: 'rte_gpu_mem_register' is deprecated: Symbol is not yet part of stable ABI [-Wdeprecated-declarations]
   43 |                 result = rte_gpu_mem_register(gpu_id, pipe->ext_mem.buf_len, pipe->ext_mem.buf_ptr);
      |                 ^~~~~~
In file included from /workspace/morpheus/_lib/src/doca/gpu_init.c:15:
/opt/mellanox/dpdk/include/dpdk/rte_gpudev.h:436:5: note: declared here
  436 | int rte_gpu_mem_register(int16_t dev_id, size_t size, void *ptr);
      |     ^~~~~~~~~~~~~~~~~~~~
/workspace/morpheus/_lib/src/doca/gpu_init.c:45:25: warning: 'doca_log' is deprecated: Symbol is defined as experimental [-Wdeprecated-declarations]
   45 |                         DOCA_LOG_ERR("Unable to gpudev register addr %p, result %d", pipe->ext_mem.buf_ptr, result);
      |                         ^~~~~~~~~~~~
In file included from /workspace/morpheus/_lib/src/doca/gpu_init.c:20:
/opt/mellanox/doca/include/doca_log.h:285:14: note: declared here
  285 | doca_error_t doca_log(uint32_t level, int source, int line, const char *format, ...) __attribute__ ((format (printf, 4, 5)));
      |              ^~~~~~~~
/workspace/morpheus/_lib/src/doca/gpu_init.c:51:17: warning: 'rte_gpu_mem_alloc' is deprecated: Symbol is not yet part of stable ABI [-Wdeprecated-declarations]
   51 |                 pipe->ext_mem.buf_ptr = rte_gpu_mem_alloc(gpu_id, pipe->ext_mem.buf_len, 0);
      |                 ^~~~
In file included from /workspace/morpheus/_lib/src/doca/gpu_init.c:15:
/opt/mellanox/dpdk/include/dpdk/rte_gpudev.h:387:7: note: declared here
  387 | void *rte_gpu_mem_alloc(int16_t dev_id, size_t size, unsigned int align)
      |       ^~~~~~~~~~~~~~~~~
/workspace/morpheus/_lib/src/doca/gpu_init.c:53:25: warning: 'doca_log' is deprecated: Symbol is defined as experimental [-Wdeprecated-declarations]
   53 |                         DOCA_LOG_ERR("Could not allocate GPU device memory");
      |                         ^~~~~~~~~~~~
In file included from /workspace/morpheus/_lib/src/doca/gpu_init.c:20:
/opt/mellanox/doca/include/doca_log.h:285:14: note: declared here
  285 | doca_error_t doca_log(uint32_t level, int source, int line, const char *format, ...) __attribute__ ((format (printf, 4, 5)));
      |              ^~~~~~~~
/workspace/morpheus/_lib/src/doca/gpu_init.c:57:17: warning: 'rte_extmem_register' is deprecated: Symbol is not yet part of stable ABI [-Wdeprecated-declarations]
   57 |                 result = rte_extmem_register(pipe->ext_mem.buf_ptr, pipe->ext_mem.buf_len, NULL, pipe->ext_mem.buf_iova,
      |                 ^~~~~~
In file included from /opt/mellanox/dpdk/include/dpdk/rte_mempool.h:48,
                 from /opt/mellanox/dpdk/include/dpdk/rte_mbuf.h:38,
                 from /opt/mellanox/dpdk/include/dpdk/rte_ether.h:23,
                 from /opt/mellanox/dpdk/include/dpdk/rte_ethdev.h:159,
                 from ../morpheus/_lib/src/doca/gpu_init.c:14:
/opt/mellanox/dpdk/include/dpdk/rte_memory.h:461:1: note: declared here
  461 | rte_extmem_register(void *va_addr, size_t len, rte_iova_t iova_addrs[],
      | ^~~~~~~~~~~~~~~~~~~
/workspace/morpheus/_lib/src/doca/gpu_init.c:60:25: warning: 'doca_log' is deprecated: Symbol is defined as experimental [-Wdeprecated-declarations]
   60 |                         DOCA_LOG_ERR("Unable to register addr %p, result %d", pipe->ext_mem.buf_ptr, result);
      |                         ^~~~~~~~~~~~
In file included from /workspace/morpheus/_lib/src/doca/gpu_init.c:20:
/opt/mellanox/doca/include/doca_log.h:285:14: note: declared here
  285 | doca_error_t doca_log(uint32_t level, int source, int line, const char *format, ...) __attribute__ ((format (printf, 4, 5)));
      |              ^~~~~~~~
/workspace/morpheus/_lib/src/doca/gpu_init.c:61:25: warning: 'rte_gpu_mem_free' is deprecated: Symbol is not yet part of stable ABI [-Wdeprecated-declarations]
   61 |                         rte_gpu_mem_free(gpu_id, pipe->ext_mem.buf_ptr);
      |                         ^~~~~~~~~~~~~~~~
In file included from /workspace/morpheus/_lib/src/doca/gpu_init.c:15:
/opt/mellanox/dpdk/include/dpdk/rte_gpudev.h:409:5: note: declared here
  409 | int rte_gpu_mem_free(int16_t dev_id, void *ptr);
      |     ^~~~~~~~~~~~~~~~
/workspace/morpheus/_lib/src/doca/gpu_init.c:67:9: warning: 'rte_pktmbuf_pool_create_extbuf' is deprecated: Symbol is not yet part of stable ABI [-Wdeprecated-declarations]
   67 |         *mpool_payload = rte_pktmbuf_pool_create_extbuf("payload_mpool", total_nb_mbufs, 0, 0, pipe->ext_mem.elt_size,
      |         ^
In file included from /opt/mellanox/dpdk/include/dpdk/rte_ether.h:23,
                 from /opt/mellanox/dpdk/include/dpdk/rte_ethdev.h:159,
                 from ../morpheus/_lib/src/doca/gpu_init.c:14:
/opt/mellanox/dpdk/include/dpdk/rte_mbuf.h:792:1: note: declared here
  792 | rte_pktmbuf_pool_create_extbuf(const char *name, unsigned int n,
      | ^~~~~~~~~~~~~~~~~~~~~~~~~~~~~~
/workspace/morpheus/_lib/src/doca/gpu_init.c:70:17: warning: 'doca_log' is deprecated: Symbol is defined as experimental [-Wdeprecated-declarations]
   70 |                 DOCA_LOG_ERR("Could not create EXT memory mempool");
      |                 ^~~~~~~~~~~~
In file included from /workspace/morpheus/_lib/src/doca/gpu_init.c:20:
/opt/mellanox/doca/include/doca_log.h:285:14: note: declared here
  285 | doca_error_t doca_log(uint32_t level, int source, int line, const char *format, ...) __attribute__ ((format (printf, 4, 5)));
      |              ^~~~~~~~
/workspace/morpheus/_lib/src/doca/gpu_init.c:74:25: warning: 'rte_gpu_mem_free' is deprecated: Symbol is not yet part of stable ABI [-Wdeprecated-declarations]
   74 |                         rte_gpu_mem_free(gpu_id, pipe->ext_mem.buf_ptr);
      |                         ^~~~~~~~~~~~~~~~
In file included from /workspace/morpheus/_lib/src/doca/gpu_init.c:15:
/opt/mellanox/dpdk/include/dpdk/rte_gpudev.h:409:5: note: declared here
  409 | int rte_gpu_mem_free(int16_t dev_id, void *ptr);
      |     ^~~~~~~~~~~~~~~~
/workspace/morpheus/_lib/src/doca/gpu_init.c: In function 'gpu_init':
/workspace/morpheus/_lib/src/doca/gpu_init.c:96:9: warning: 'rte_gpu_count_avail' is deprecated: Symbol is not yet part of stable ABI [-Wdeprecated-declarations]
   96 |         nb_gpus = rte_gpu_count_avail();
      |         ^~~~~~~
In file included from /workspace/morpheus/_lib/src/doca/gpu_init.c:15:
/opt/mellanox/dpdk/include/dpdk/rte_gpudev.h:164:10: note: declared here
  164 | uint16_t rte_gpu_count_avail(void);
      |          ^~~~~~~~~~~~~~~~~~~
/workspace/morpheus/_lib/src/doca/gpu_init.c:99:9: warning: 'doca_log' is deprecated: Symbol is defined as experimental [-Wdeprecated-declarations]
   99 |         DOCA_LOG_INFO("DPDK found %d GPUs:", nb_gpus);
      |         ^~~~~~~~~~~~~
In file included from /workspace/morpheus/_lib/src/doca/gpu_init.c:20:
/opt/mellanox/doca/include/doca_log.h:285:14: note: declared here
  285 | doca_error_t doca_log(uint32_t level, int source, int line, const char *format, ...) __attribute__ ((format (printf, 4, 5)));
      |              ^~~~~~~~
/workspace/morpheus/_lib/src/doca/gpu_init.c:100:9: warning: 'rte_gpu_find_next' is deprecated: Symbol is not yet part of stable ABI [-Wdeprecated-declarations]
  100 |         RTE_GPU_FOREACH(gpu_idx)
      |         ^~~~~~~~~~~~~~~
In file included from /workspace/morpheus/_lib/src/doca/gpu_init.c:15:
/opt/mellanox/dpdk/include/dpdk/rte_gpudev.h:227:9: note: declared here
  227 | int16_t rte_gpu_find_next(int16_t dev_id, int16_t parent);
      |         ^~~~~~~~~~~~~~~~~
/workspace/morpheus/_lib/src/doca/gpu_init.c:100:9: warning: 'rte_gpu_find_next' is deprecated: Symbol is not yet part of stable ABI [-Wdeprecated-declarations]
  100 |         RTE_GPU_FOREACH(gpu_idx)
      |         ^~~~~~~~~~~~~~~
In file included from /workspace/morpheus/_lib/src/doca/gpu_init.c:15:
/opt/mellanox/dpdk/include/dpdk/rte_gpudev.h:227:9: note: declared here
  227 | int16_t rte_gpu_find_next(int16_t dev_id, int16_t parent);
      |         ^~~~~~~~~~~~~~~~~
/workspace/morpheus/_lib/src/doca/gpu_init.c:102:17: warning: 'rte_gpu_info_get' is deprecated: Symbol is not yet part of stable ABI [-Wdeprecated-declarations]
  102 |                 if (rte_gpu_info_get(gpu_idx, &ginfo)) {
      |                 ^~
In file included from /workspace/morpheus/_lib/src/doca/gpu_init.c:15:
/opt/mellanox/dpdk/include/dpdk/rte_gpudev.h:358:5: note: declared here
  358 | int rte_gpu_info_get(int16_t dev_id, struct rte_gpu_info *info);
      |     ^~~~~~~~~~~~~~~~
/workspace/morpheus/_lib/src/doca/gpu_init.c:103:25: warning: 'doca_log' is deprecated: Symbol is defined as experimental [-Wdeprecated-declarations]
  103 |                         DOCA_LOG_ERR("Failed to get gpu device info");
      |                         ^~~~~~~~~~~~
In file included from /workspace/morpheus/_lib/src/doca/gpu_init.c:20:
/opt/mellanox/doca/include/doca_log.h:285:14: note: declared here
  285 | doca_error_t doca_log(uint32_t level, int source, int line, const char *format, ...) __attribute__ ((format (printf, 4, 5)));
      |              ^~~~~~~~
/workspace/morpheus/_lib/src/doca/gpu_init.c:107:17: warning: 'doca_log' is deprecated: Symbol is defined as experimental [-Wdeprecated-declarations]
  107 |                 DOCA_LOG_INFO("\tGPU ID %d", ginfo.dev_id);
      |                 ^~~~~~~~~~~~~
In file included from /workspace/morpheus/_lib/src/doca/gpu_init.c:20:
/opt/mellanox/doca/include/doca_log.h:285:14: note: declared here
  285 | doca_error_t doca_log(uint32_t level, int source, int line, const char *format, ...) __attribute__ ((format (printf, 4, 5)));
      |              ^~~~~~~~
/workspace/morpheus/_lib/src/doca/gpu_init.c:108:17: warning: 'doca_log' is deprecated: Symbol is defined as experimental [-Wdeprecated-declarations]
  108 |                 DOCA_LOG_INFO("\t\tParent ID %d GPU Bus ID %s NUMA node %d Tot memory %.02f MB, Tot processors %d",
      |                 ^~~~~~~~~~~~~
In file included from /workspace/morpheus/_lib/src/doca/gpu_init.c:20:
/opt/mellanox/doca/include/doca_log.h:285:14: note: declared here
  285 | doca_error_t doca_log(uint32_t level, int source, int line, const char *format, ...) __attribute__ ((format (printf, 4, 5)));
      |              ^~~~~~~~
/workspace/morpheus/_lib/src/doca/gpu_init.c:115:17: warning: 'doca_log' is deprecated: Symbol is defined as experimental [-Wdeprecated-declarations]
  115 |                 DOCA_LOG_ERR("Error nb_gpus %d gpu_id %d", nb_gpus, gpu_id);
      |                 ^~~~~~~~~~~~
In file included from /workspace/morpheus/_lib/src/doca/gpu_init.c:20:
/opt/mellanox/doca/include/doca_log.h:285:14: note: declared here
  285 | doca_error_t doca_log(uint32_t level, int source, int line, const char *format, ...) __attribute__ ((format (printf, 4, 5)));
      |              ^~~~~~~~
/workspace/morpheus/_lib/src/doca/gpu_init.c:120:9: warning: 'rte_gpu_comm_create_list' is deprecated: Symbol is not yet part of stable ABI [-Wdeprecated-declarations]
  120 |         pipe->comm_list = rte_gpu_comm_create_list(pipe->gpu_id, COMM_LIST_LEN);
      |         ^~~~
In file included from /workspace/morpheus/_lib/src/doca/gpu_init.c:15:
/opt/mellanox/dpdk/include/dpdk/rte_gpudev.h:640:27: note: declared here
  640 | struct rte_gpu_comm_list *rte_gpu_comm_create_list(uint16_t dev_id,
      |                           ^~~~~~~~~~~~~~~~~~~~~~~~
/workspace/morpheus/_lib/src/doca/gpu_init.c:122:17: warning: 'doca_log' is deprecated: Symbol is defined as experimental [-Wdeprecated-declarations]
  122 |                 DOCA_LOG_ERR("Failed to create communication list");
      |                 ^~~~~~~~~~~~
In file included from /workspace/morpheus/_lib/src/doca/gpu_init.c:20:
/opt/mellanox/doca/include/doca_log.h:285:14: note: declared here
  285 | doca_error_t doca_log(uint32_t level, int source, int line, const char *format, ...) __attribute__ ((format (printf, 4, 5)));
      |              ^~~~~~~~
/workspace/morpheus/_lib/src/doca/gpu_init.c: In function 'gpu_fini':
/workspace/morpheus/_lib/src/doca/gpu_init.c:138:9: warning: 'rte_gpu_comm_destroy_list' is deprecated: Symbol is not yet part of stable ABI [-Wdeprecated-declarations]
  138 |         result = rte_gpu_comm_destroy_list(pipe->comm_list, COMM_LIST_LEN);
      |         ^~~~~~
In file included from /workspace/morpheus/_lib/src/doca/gpu_init.c:15:
/opt/mellanox/dpdk/include/dpdk/rte_gpudev.h:659:5: note: declared here
  659 | int rte_gpu_comm_destroy_list(struct rte_gpu_comm_list *comm_list,
      |     ^~~~~~~~~~~~~~~~~~~~~~~~~
/workspace/morpheus/_lib/src/doca/gpu_init.c:140:17: warning: 'doca_log' is deprecated: Symbol is defined as experimental [-Wdeprecated-declarations]
  140 |                 DOCA_LOG_ERR("Communication list release failed, returned error %d", result);
      |                 ^~~~~~~~~~~~
In file included from /workspace/morpheus/_lib/src/doca/gpu_init.c:20:
/opt/mellanox/doca/include/doca_log.h:285:14: note: declared here
  285 | doca_error_t doca_log(uint32_t level, int source, int line, const char *format, ...) __attribute__ ((format (printf, 4, 5)));
      |              ^~~~~~~~
/workspace/morpheus/_lib/src/doca/gpu_init.c:143:17: warning: 'rte_gpu_mem_unregister' is deprecated: Symbol is not yet part of stable ABI [-Wdeprecated-declarations]
  143 |                 result = rte_gpu_mem_unregister(pipe->gpu_id, ext_mem->buf_ptr);
      |                 ^~~~~~
In file included from /workspace/morpheus/_lib/src/doca/gpu_init.c:15:
/opt/mellanox/dpdk/include/dpdk/rte_gpudev.h:457:5: note: declared here
  457 | int rte_gpu_mem_unregister(int16_t dev_id, void *ptr);
      |     ^~~~~~~~~~~~~~~~~~~~~~
/workspace/morpheus/_lib/src/doca/gpu_init.c:145:25: warning: 'doca_log' is deprecated: Symbol is defined as experimental [-Wdeprecated-declarations]
  145 |                         DOCA_LOG_ERR("Unable to unregister addr %p, result %d", ext_mem->buf_ptr, result);
      |                         ^~~~~~~~~~~~
In file included from /workspace/morpheus/_lib/src/doca/gpu_init.c:20:
/opt/mellanox/doca/include/doca_log.h:285:14: note: declared here
  285 | doca_error_t doca_log(uint32_t level, int source, int line, const char *format, ...) __attribute__ ((format (printf, 4, 5)));
      |              ^~~~~~~~
/workspace/morpheus/_lib/src/doca/gpu_init.c:147:17: warning: 'rte_gpu_mem_free' is deprecated: Symbol is not yet part of stable ABI [-Wdeprecated-declarations]
  147 |                 result = rte_gpu_mem_free(pipe->gpu_id, ext_mem->buf_ptr);
      |                 ^~~~~~
In file included from /workspace/morpheus/_lib/src/doca/gpu_init.c:15:
/opt/mellanox/dpdk/include/dpdk/rte_gpudev.h:409:5: note: declared here
  409 | int rte_gpu_mem_free(int16_t dev_id, void *ptr);
      |     ^~~~~~~~~~~~~~~~
/workspace/morpheus/_lib/src/doca/gpu_init.c:149:25: warning: 'doca_log' is deprecated: Symbol is defined as experimental [-Wdeprecated-declarations]
  149 |                         DOCA_LOG_ERR("Failed to free GPU memory addr %p, result %d ", ext_mem->buf_ptr, result);
      |                         ^~~~~~~~~~~~
In file included from /workspace/morpheus/_lib/src/doca/gpu_init.c:20:
/opt/mellanox/doca/include/doca_log.h:285:14: note: declared here
  285 | doca_error_t doca_log(uint32_t level, int source, int line, const char *format, ...) __attribute__ ((format (printf, 4, 5)));
      |              ^~~~~~~~
[197/209] Building CXX object morpheus/_lib/CMakeFiles/morpheus.dir/src/doca/doca_context.cpp.o
In file included from /opt/mellanox/dpdk/include/x86_64-linux-gnu/dpdk/rte_spinlock.h:12,
                 from /opt/mellanox/dpdk/include/dpdk/rte_mempool.h:44,
                 from /opt/mellanox/dpdk/include/dpdk/rte_mbuf.h:38,
                 from /opt/mellanox/dpdk/include/dpdk/rte_gpudev.h:12,
                 from /opt/mellanox/doca/include/doca_gpu.h:30,
                 from ../morpheus/_lib/include/morpheus/doca/doca_context.hpp:3,
                 from ../morpheus/_lib/src/doca/doca_context.cpp:1:
/opt/mellanox/dpdk/include/dpdk/generic/rte_spinlock.h: In function 'void rte_spinlock_recursive_lock(rte_spinlock_recursive_t*)':
/opt/mellanox/dpdk/include/dpdk/generic/rte_spinlock.h:221:14: warning: '++' expression of 'volatile'-qualified type is deprecated [-Wvolatile]
  221 |         slr->count++;
      |         ~~~~~^~~~~
/opt/mellanox/dpdk/include/dpdk/generic/rte_spinlock.h: In function 'void rte_spinlock_recursive_unlock(rte_spinlock_recursive_t*)':
/opt/mellanox/dpdk/include/dpdk/generic/rte_spinlock.h:231:21: warning: '--' expression of 'volatile'-qualified type is deprecated [-Wvolatile]
  231 |         if (--(slr->count) == 0) {
      |               ~~~~~~^~~~~~
/opt/mellanox/dpdk/include/dpdk/generic/rte_spinlock.h: In function 'int rte_spinlock_recursive_trylock(rte_spinlock_recursive_t*)':
/opt/mellanox/dpdk/include/dpdk/generic/rte_spinlock.h:255:14: warning: '++' expression of 'volatile'-qualified type is deprecated [-Wvolatile]
  255 |         slr->count++;
      |         ~~~~~^~~~~
/workspace/morpheus/_lib/src/doca/doca_context.cpp: In function 'doca_error_t morpheus::doca::get_dpdk_port_id_doca_dev(doca_dev*, uint16_t*)':
/workspace/morpheus/_lib/src/doca/doca_context.cpp:35:47: warning: 'doca_error_t doca_dpdk_port_as_dev(uint16_t, doca_dev**)' is deprecated: Symbol is defined as experimental [-Wdeprecated-declarations]
   35 |                 result = doca_dpdk_port_as_dev(dpdk_port_id, &dev_local);
      |                          ~~~~~~~~~~~~~~~~~~~~~^~~~~~~~~~~~~~~~~~~~~~~~~~
In file included from /opt/mellanox/doca/include/doca_gpu.h:32,
                 from ../morpheus/_lib/include/morpheus/doca/doca_context.hpp:3,
                 from ../morpheus/_lib/src/doca/doca_context.cpp:1:
/opt/mellanox/doca/include/doca_dpdk.h:82:14: note: declared here
   82 | doca_error_t doca_dpdk_port_as_dev(uint16_t port_id, struct doca_dev **dev);
      |              ^~~~~~~~~~~~~~~~~~~~~
/workspace/morpheus/_lib/src/doca/doca_context.cpp:42:71: warning: 'doca_devinfo* doca_dev_as_devinfo(const doca_dev*)' is deprecated: Symbol is defined as experimental [-Wdeprecated-declarations]
   42 |                 result = doca_devinfo_get_pci_addr(doca_dev_as_devinfo(dev_local), &pci_addr_local);
      |                                                    ~~~~~~~~~~~~~~~~~~~^~~~~~~~~~~
In file included from /opt/mellanox/doca/include/doca_gpu.h:31,
                 from ../morpheus/_lib/include/morpheus/doca/doca_context.hpp:3,
                 from ../morpheus/_lib/src/doca/doca_context.cpp:1:
/opt/mellanox/doca/include/doca_dev.h:237:22: note: declared here
  237 | struct doca_devinfo *doca_dev_as_devinfo(const struct doca_dev *dev);
      |                      ^~~~~~~~~~~~~~~~~~~
/workspace/morpheus/_lib/src/doca/doca_context.cpp:42:51: warning: 'doca_error_t doca_devinfo_get_pci_addr(const doca_devinfo*, doca_pci_bdf*)' is deprecated: Symbol is defined as experimental [-Wdeprecated-declarations]
   42 |                 result = doca_devinfo_get_pci_addr(doca_dev_as_devinfo(dev_local), &pci_addr_local);
      |                          ~~~~~~~~~~~~~~~~~~~~~~~~~^~~~~~~~~~~~~~~~~~~~~~~~~~~~~~~~~~~~~~~~~~~~~~~~~
In file included from /opt/mellanox/doca/include/doca_gpu.h:31,
                 from ../morpheus/_lib/include/morpheus/doca/doca_context.hpp:3,
                 from ../morpheus/_lib/src/doca/doca_context.cpp:1:
/opt/mellanox/doca/include/doca_dev.h:282:14: note: declared here
  282 | doca_error_t doca_devinfo_get_pci_addr(const struct doca_devinfo *devinfo, struct doca_pci_bdf *pci_addr);
      |              ^~~~~~~~~~~~~~~~~~~~~~~~~
/workspace/morpheus/_lib/src/doca/doca_context.cpp:49:71: warning: 'doca_devinfo* doca_dev_as_devinfo(const doca_dev*)' is deprecated: Symbol is defined as experimental [-Wdeprecated-declarations]
   49 |                 result = doca_devinfo_get_pci_addr(doca_dev_as_devinfo(dev_input), &pci_addr_input);
      |                                                    ~~~~~~~~~~~~~~~~~~~^~~~~~~~~~~
In file included from /opt/mellanox/doca/include/doca_gpu.h:31,
                 from ../morpheus/_lib/include/morpheus/doca/doca_context.hpp:3,
                 from ../morpheus/_lib/src/doca/doca_context.cpp:1:
/opt/mellanox/doca/include/doca_dev.h:237:22: note: declared here
  237 | struct doca_devinfo *doca_dev_as_devinfo(const struct doca_dev *dev);
      |                      ^~~~~~~~~~~~~~~~~~~
/workspace/morpheus/_lib/src/doca/doca_context.cpp:49:51: warning: 'doca_error_t doca_devinfo_get_pci_addr(const doca_devinfo*, doca_pci_bdf*)' is deprecated: Symbol is defined as experimental [-Wdeprecated-declarations]
   49 |                 result = doca_devinfo_get_pci_addr(doca_dev_as_devinfo(dev_input), &pci_addr_input);
      |                          ~~~~~~~~~~~~~~~~~~~~~~~~~^~~~~~~~~~~~~~~~~~~~~~~~~~~~~~~~~~~~~~~~~~~~~~~~~
In file included from /opt/mellanox/doca/include/doca_gpu.h:31,
                 from ../morpheus/_lib/include/morpheus/doca/doca_context.hpp:3,
                 from ../morpheus/_lib/src/doca/doca_context.cpp:1:
/opt/mellanox/doca/include/doca_dev.h:282:14: note: declared here
  282 | doca_error_t doca_devinfo_get_pci_addr(const struct doca_devinfo *devinfo, struct doca_pci_bdf *pci_addr);
      |              ^~~~~~~~~~~~~~~~~~~~~~~~~
/workspace/morpheus/_lib/src/doca/doca_context.cpp: In constructor 'morpheus::doca::doca_context::doca_context(std::string, std::string)':
/workspace/morpheus/_lib/src/doca/doca_context.cpp:89:20: warning: ISO C++ forbids converting a string constant to 'std::vector<char*>::value_type' {aka 'char*'} [-Wwrite-strings]
   89 |     argv.push_back("00:00.0");
      |                    ^~~~~~~~~
/workspace/morpheus/_lib/src/doca/doca_context.cpp:102:92: warning: 'const char* doca_get_error_string(doca_error_t)' is deprecated: Symbol is defined as experimental [-Wdeprecated-declarations]
  102 |         "DOCA Failed to parse NIC device PCI address: " + std::string(doca_get_error_string(doca_ret_0))
      |                                                                       ~~~~~~~~~~~~~~~~~~~~~^~~~~~~~~~~~
In file included from /opt/mellanox/doca/include/doca_dev.h:31,
                 from /opt/mellanox/doca/include/doca_gpu.h:31,
                 from ../morpheus/_lib/include/morpheus/doca/doca_context.hpp:3,
                 from ../morpheus/_lib/src/doca/doca_context.cpp:1:
/opt/mellanox/doca/include/doca_error.h:95:13: note: declared here
   95 | const char *doca_get_error_string(doca_error_t error);
      |             ^~~~~~~~~~~~~~~~~~~~~
/workspace/morpheus/_lib/src/doca/doca_context.cpp:109:100: warning: 'const char* doca_get_error_string(doca_error_t)' is deprecated: Symbol is defined as experimental [-Wdeprecated-declarations]
  109 |         "DOCA Failed to open NIC device based on PCI address: " + std::string(doca_get_error_string(doca_ret_1))
      |                                                                               ~~~~~~~~~~~~~~~~~~~~~^~~~~~~~~~~~
In file included from /opt/mellanox/doca/include/doca_dev.h:31,
                 from /opt/mellanox/doca/include/doca_gpu.h:31,
                 from ../morpheus/_lib/include/morpheus/doca/doca_context.hpp:3,
                 from ../morpheus/_lib/src/doca/doca_context.cpp:1:
/opt/mellanox/doca/include/doca_error.h:95:13: note: declared here
   95 | const char *doca_get_error_string(doca_error_t error);
      |             ^~~~~~~~~~~~~~~~~~~~~
/workspace/morpheus/_lib/src/doca/doca_context.cpp:113:36: warning: 'doca_error_t doca_gpu_create(const char*, doca_gpu**)' is deprecated: Symbol is defined as experimental [-Wdeprecated-declarations]
  113 |     auto doca_ret = doca_gpu_create(gpu_addr_c, &_gpu);
      |                     ~~~~~~~~~~~~~~~^~~~~~~~~~~~~~~~~~~
In file included from /workspace/morpheus/_lib/include/morpheus/doca/doca_context.hpp:3,
                 from ../morpheus/_lib/src/doca/doca_context.cpp:1:
/opt/mellanox/doca/include/doca_gpu.h:208:14: note: declared here
  208 | doca_error_t doca_gpu_create(const char *gpu_bus_id, struct doca_gpu **gpu);
      |              ^~~~~~~~~~~~~~~
/workspace/morpheus/_lib/src/doca/doca_context.cpp:116:75: warning: 'const char* doca_get_error_string(doca_error_t)' is deprecated: Symbol is defined as experimental [-Wdeprecated-declarations]
  116 |         "DOCA initialization failed: " + std::string(doca_get_error_string(doca_ret))
      |                                                      ~~~~~~~~~~~~~~~~~~~~~^~~~~~~~~~
In file included from /opt/mellanox/doca/include/doca_dev.h:31,
                 from /opt/mellanox/doca/include/doca_gpu.h:31,
                 from ../morpheus/_lib/include/morpheus/doca/doca_context.hpp:3,
                 from ../morpheus/_lib/src/doca/doca_context.cpp:1:
/opt/mellanox/doca/include/doca_error.h:95:13: note: declared here
   95 | const char *doca_get_error_string(doca_error_t error);
      |             ^~~~~~~~~~~~~~~~~~~~~
/workspace/morpheus/_lib/src/doca/doca_context.cpp:127:48: warning: 'doca_error_t doca_gpu_to_dpdk(doca_gpu*)' is deprecated: Symbol is defined as experimental [-Wdeprecated-declarations]
  127 |     auto gpu_attack_dpdk_ret = doca_gpu_to_dpdk(_gpu);
      |                                ~~~~~~~~~~~~~~~~^~~~~~
In file included from /workspace/morpheus/_lib/include/morpheus/doca/doca_context.hpp:3,
                 from ../morpheus/_lib/src/doca/doca_context.cpp:1:
/opt/mellanox/doca/include/doca_gpu.h:239:14: note: declared here
  239 | doca_error_t doca_gpu_to_dpdk(struct doca_gpu *gpu);
      |              ^~~~~~~~~~~~~~~~
/workspace/morpheus/_lib/src/doca/doca_context.cpp:130:75: warning: 'const char* doca_get_error_string(doca_error_t)' is deprecated: Symbol is defined as experimental [-Wdeprecated-declarations]
  130 |         "DOCA to DPDK attach failed: " + std::string(doca_get_error_string(gpu_attack_dpdk_ret))
      |                                                      ~~~~~~~~~~~~~~~~~~~~~^~~~~~~~~~~~~~~~~~~~~
In file included from /opt/mellanox/doca/include/doca_dev.h:31,
                 from /opt/mellanox/doca/include/doca_gpu.h:31,
                 from ../morpheus/_lib/include/morpheus/doca/doca_context.hpp:3,
                 from ../morpheus/_lib/src/doca/doca_context.cpp:1:
/opt/mellanox/doca/include/doca_error.h:95:13: note: declared here
   95 | const char *doca_get_error_string(doca_error_t error);
      |             ^~~~~~~~~~~~~~~~~~~~~
/workspace/morpheus/_lib/src/doca/doca_context.cpp:134:43: warning: 'doca_error_t doca_dpdk_port_probe(doca_dev*, const char*)' is deprecated: Symbol is defined as experimental [-Wdeprecated-declarations]
  134 |     auto ret_doca_2 = doca_dpdk_port_probe(_dev, "");
      |                       ~~~~~~~~~~~~~~~~~~~~^~~~~~~~~~
In file included from /opt/mellanox/doca/include/doca_gpu.h:32,
                 from ../morpheus/_lib/include/morpheus/doca/doca_context.hpp:3,
                 from ../morpheus/_lib/src/doca/doca_context.cpp:1:
/opt/mellanox/doca/include/doca_dpdk.h:65:14: note: declared here
   65 | doca_error_t doca_dpdk_port_probe(struct doca_dev *dev, const char *devargs);
      |              ^~~~~~~~~~~~~~~~~~~~
/workspace/morpheus/_lib/src/doca/doca_context.cpp:137:78: warning: 'const char* doca_get_error_string(doca_error_t)' is deprecated: Symbol is defined as experimental [-Wdeprecated-declarations]
  137 |         "doca_dpdk_port_probe returned: " + std::string(doca_get_error_string(ret_doca_2)));
      |                                                         ~~~~~~~~~~~~~~~~~~~~~^~~~~~~~~~~~
In file included from /opt/mellanox/doca/include/doca_dev.h:31,
                 from /opt/mellanox/doca/include/doca_gpu.h:31,
                 from ../morpheus/_lib/include/morpheus/doca/doca_context.hpp:3,
                 from ../morpheus/_lib/src/doca/doca_context.cpp:1:
/opt/mellanox/doca/include/doca_error.h:95:13: note: declared here
   95 | const char *doca_get_error_string(doca_error_t error);
      |             ^~~~~~~~~~~~~~~~~~~~~
/workspace/morpheus/_lib/src/doca/doca_context.cpp:143:83: warning: 'const char* doca_get_error_string(doca_error_t)' is deprecated: Symbol is defined as experimental [-Wdeprecated-declarations]
  143 |         "get_dpdk_port_id_doca_dev returned: " + std::string(doca_get_error_string(ret_doca_3)));
      |                                                              ~~~~~~~~~~~~~~~~~~~~~^~~~~~~~~~~~
In file included from /opt/mellanox/doca/include/doca_dev.h:31,
                 from /opt/mellanox/doca/include/doca_gpu.h:31,
                 from ../morpheus/_lib/include/morpheus/doca/doca_context.hpp:3,
                 from ../morpheus/_lib/src/doca/doca_context.cpp:1:
/opt/mellanox/doca/include/doca_error.h:95:13: note: declared here
   95 | const char *doca_get_error_string(doca_error_t error);
      |             ^~~~~~~~~~~~~~~~~~~~~
/workspace/morpheus/_lib/src/doca/doca_context.cpp: In destructor 'morpheus::doca::doca_context::~doca_context()':
/workspace/morpheus/_lib/src/doca/doca_context.cpp:176:37: warning: 'doca_error_t doca_gpu_destroy(doca_gpu**)' is deprecated: Symbol is defined as experimental [-Wdeprecated-declarations]
  176 |     auto doca_ret = doca_gpu_destroy(&_gpu);
      |                     ~~~~~~~~~~~~~~~~^~~~~~~
In file included from /workspace/morpheus/_lib/include/morpheus/doca/doca_context.hpp:3,
                 from ../morpheus/_lib/src/doca/doca_context.cpp:1:
/opt/mellanox/doca/include/doca_gpu.h:222:14: note: declared here
  222 | doca_error_t doca_gpu_destroy(struct doca_gpu **gpu);
      |              ^~~~~~~~~~~~~~~~
/workspace/morpheus/_lib/src/doca/doca_context.cpp: In constructor 'morpheus::doca::doca_rx_queue::doca_rx_queue(std::shared_ptr<morpheus::doca::doca_context>)':
/workspace/morpheus/_lib/src/doca/doca_context.cpp:207:33: warning: 'doca_error_t doca_gpu_rxq_create(doca_gpu*, doca_dev*, uint32_t, doca_gpu_comm_type, size_t, uint32_t, doca_gpu_memtype, bool, doca_gpu_rxq_info**, doca_gpu_rxq_info**)' is deprecated: Symbol is defined as experimental [-Wdeprecated-declarations]
  207 |   auto ret = doca_gpu_rxq_create(
      |              ~~~~~~~~~~~~~~~~~~~^
  208 |     _context->gpu(),
      |     ~~~~~~~~~~~~~~~~             
  209 |     _context->dev(),
      |     ~~~~~~~~~~~~~~~~             
  210 |     // desc_n,
      |     ~~~~~~~~~~                   
  211 |     8192,
      |     ~~~~~                        
  212 |     // (app_cfg.receive_mode == RECEIVE_CPU ? DOCA_GPU_COMM_CPU : DOCA_GPU_COMM_GPU),
      |     ~~~~~~~~~~~~~~~~~~~~~~~~~~~~~~~~~~~~~~~~~~~~~~~~~~~~~~~~~~~~~~~~~~~~~~~~~~~~~~~~~
  213 |     DOCA_GPU_COMM_GPU,
      |     ~~~~~~~~~~~~~~~~~~           
  214 |     // ((app_cfg.processing == PROCESSING_INFERENCE_HTTP) ? MAX_PKT_HTTP_PAYLOAD : MAX_PKT_PAYLOAD),
      |     ~~~~~~~~~~~~~~~~~~~~~~~~~~~~~~~~~~~~~~~~~~~~~~~~~~~~~~~~~~~~~~~~~~~~~~~~~~~~~~~~~~~~~~~~~~~~~~~~
  215 |     MAX_PKT_PAYLOAD,
      |     ~~~~~~~~~~~~~~~~             
  216 |     // stride_num,
      |     ~~~~~~~~~~~~~~               
  217 |     65536,
      |     ~~~~~~                       
  218 |     DOCA_GPU_MEM_GPU,
      |     ~~~~~~~~~~~~~~~~~            
  219 |     false,
      |     ~~~~~~                       
  220 |     &_rxq_info_gpu,
      |     ~~~~~~~~~~~~~~~              
  221 |     &_rxq_info_cpu
      |     ~~~~~~~~~~~~~~               
  222 |   );
      |   ~                              
In file included from /workspace/morpheus/_lib/include/morpheus/doca/doca_context.hpp:3,
                 from ../morpheus/_lib/src/doca/doca_context.cpp:1:
/opt/mellanox/doca/include/doca_gpu.h:396:14: note: declared here
  396 | doca_error_t doca_gpu_rxq_create(struct doca_gpu *gpu, struct doca_dev *ddev, uint32_t desc_n, enum doca_gpu_comm_type rx_type,
      |              ^~~~~~~~~~~~~~~~~~~
/workspace/morpheus/_lib/src/doca/doca_context.cpp: In destructor 'morpheus::doca::doca_rx_queue::~doca_rx_queue()':
/workspace/morpheus/_lib/src/doca/doca_context.cpp:231:34: warning: 'doca_error_t doca_gpu_rxq_destroy(doca_gpu_rxq_info*)' is deprecated: Symbol is defined as experimental [-Wdeprecated-declarations]
  231 |   auto ret = doca_gpu_rxq_destroy(_rxq_info_cpu);
      |              ~~~~~~~~~~~~~~~~~~~~^~~~~~~~~~~~~~~
In file included from /workspace/morpheus/_lib/include/morpheus/doca/doca_context.hpp:3,
                 from ../morpheus/_lib/src/doca/doca_context.cpp:1:
/opt/mellanox/doca/include/doca_gpu.h:413:14: note: declared here
  413 | doca_error_t doca_gpu_rxq_destroy(struct doca_gpu_rxq_info *rxq_info_cpu);
      |              ^~~~~~~~~~~~~~~~~~~~
/workspace/morpheus/_lib/src/doca/doca_context.cpp: In constructor 'morpheus::doca::doca_semaphore::doca_semaphore(std::shared_ptr<morpheus::doca::doca_context>, uint16_t)':
/workspace/morpheus/_lib/src/doca/doca_context.cpp:280:46: warning: 'doca_error_t doca_gpu_semaphore_create(doca_gpu*, uint16_t, doca_gpu_memtype, size_t, doca_gpu_memtype, doca_gpu_semaphore**)' is deprecated: Symbol is defined as experimental [-Wdeprecated-declarations]
  280 |   auto create_ret = doca_gpu_semaphore_create(
      |                     ~~~~~~~~~~~~~~~~~~~~~~~~~^
  281 |     _context->gpu(),
      |     ~~~~~~~~~~~~~~~~                          
  282 |     size,
      |     ~~~~~                                     
  283 |     DOCA_GPU_MEM_GPU_CPU,
      |     ~~~~~~~~~~~~~~~~~~~~~                     
  284 |     sizeof(proxy_sem_out),
      |     ~~~~~~~~~~~~~~~~~~~~~~                    
  285 |     DOCA_GPU_MEM_CPU_GPU,
      |     ~~~~~~~~~~~~~~~~~~~~~                     
  286 |     &_semaphore
      |     ~~~~~~~~~~~                               
  287 |   );
      |   ~                                           
In file included from /workspace/morpheus/_lib/include/morpheus/doca/doca_context.hpp:3,
                 from ../morpheus/_lib/src/doca/doca_context.cpp:1:
/opt/mellanox/doca/include/doca_gpu.h:533:14: note: declared here
  533 | doca_error_t doca_gpu_semaphore_create(struct doca_gpu *gpu, uint16_t item_num, enum doca_gpu_memtype input_sem_mtype,
      |              ^~~~~~~~~~~~~~~~~~~~~~~~~
/workspace/morpheus/_lib/src/doca/doca_context.cpp:295:46: warning: 'doca_error_t doca_gpu_semaphore_get_in(doca_gpu_semaphore*, doca_gpu_semaphore_in**, doca_gpu_semaphore_in**)' is deprecated: Symbol is defined as experimental [-Wdeprecated-declarations]
  295 |   auto get_in_ret = doca_gpu_semaphore_get_in(
      |                     ~~~~~~~~~~~~~~~~~~~~~~~~~^
  296 |     _semaphore,
      |     ~~~~~~~~~~~                               
  297 |     &_semaphore_in_gpu,
      |     ~~~~~~~~~~~~~~~~~~~                       
  298 |     &_semaphore_in_cpu
      |     ~~~~~~~~~~~~~~~~~~                        
  299 |   );
      |   ~                                           
In file included from /workspace/morpheus/_lib/include/morpheus/doca/doca_context.hpp:3,
                 from ../morpheus/_lib/src/doca/doca_context.cpp:1:
/opt/mellanox/doca/include/doca_gpu.h:567:14: note: declared here
  567 | doca_error_t doca_gpu_semaphore_get_in(struct doca_gpu_semaphore *sem_h, struct doca_gpu_semaphore_in **sem_in_gpu, struct doca_gpu_semaphore_in **sem_in_cpu);
      |              ^~~~~~~~~~~~~~~~~~~~~~~~~
/workspace/morpheus/_lib/src/doca/doca_context.cpp:307:50: warning: 'doca_error_t doca_gpu_semaphore_get_info(doca_gpu_semaphore*, void**, void**)' is deprecated: Symbol is defined as experimental [-Wdeprecated-declarations]
  307 |   auto get_info_ret = doca_gpu_semaphore_get_info(
      |                       ~~~~~~~~~~~~~~~~~~~~~~~~~~~^
  308 |     _semaphore,
      |     ~~~~~~~~~~~                                   
  309 |     (void **)&_semaphore_info_gpu,
      |     ~~~~~~~~~~~~~~~~~~~~~~~~~~~~~~                
  310 |     (void **)&_semaphore_info_cpu
      |     ~~~~~~~~~~~~~~~~~~~~~~~~~~~~~                 
  311 |   );
      |   ~                                               
In file included from /workspace/morpheus/_lib/include/morpheus/doca/doca_context.hpp:3,
                 from ../morpheus/_lib/src/doca/doca_context.cpp:1:
/opt/mellanox/doca/include/doca_gpu.h:585:14: note: declared here
  585 | doca_error_t doca_gpu_semaphore_get_info(struct doca_gpu_semaphore *sem_h, void **sem_info_gpu, void **sem_info_cpu);
      |              ^~~~~~~~~~~~~~~~~~~~~~~~~~~
[198/209] Building C object morpheus/_lib/CMakeFiles/morpheus.dir/src/doca/offload_rules.c.o
/workspace/morpheus/_lib/src/doca/offload_rules.c: In function 'DOCA_LOG_CTOR___FILE__':
/workspace/morpheus/_lib/src/doca/offload_rules.c:20:1: warning: 'doca_log_source_register' is deprecated: Symbol is defined as experimental [-Wdeprecated-declarations]
   20 | DOCA_LOG_REGISTER(OFRLS);
      | ^~~~~~~~~~~~~~~~~
In file included from /workspace/morpheus/_lib/src/doca/offload_rules.c:16:
/opt/mellanox/doca/include/doca_log.h:169:14: note: declared here
  169 | doca_error_t doca_log_source_register(const char *source_name, int *source);
      |              ^~~~~~~~~~~~~~~~~~~~~~~~
/workspace/morpheus/_lib/src/doca/offload_rules.c: In function 'DOCA_LOG_DTOR___FILE__':
/workspace/morpheus/_lib/src/doca/offload_rules.c:20:1: warning: 'doca_log_source_destroy' is deprecated: Symbol is defined as experimental [-Wdeprecated-declarations]
   20 | DOCA_LOG_REGISTER(OFRLS);
      | ^~~~~~~~~~~~~~~~~
In file included from /workspace/morpheus/_lib/src/doca/offload_rules.c:16:
/opt/mellanox/doca/include/doca_log.h:184:14: note: declared here
  184 | doca_error_t doca_log_source_destroy(int source);
      |              ^~~~~~~~~~~~~~~~~~~~~~~
/workspace/morpheus/_lib/src/doca/offload_rules.c: In function 'create_rules_sft_offload':
/workspace/morpheus/_lib/src/doca/offload_rules.c:251:17: warning: 'doca_log' is deprecated: Symbol is defined as experimental [-Wdeprecated-declarations]
  251 |                 DOCA_LOG_ERR("Invalid SFT ports number [%u] is greater than [%d]", nb_ports, SFT_PORTS_NUM);
      |                 ^~~~~~~~~~~~
In file included from /workspace/morpheus/_lib/src/doca/offload_rules.c:16:
/opt/mellanox/doca/include/doca_log.h:285:14: note: declared here
  285 | doca_error_t doca_log(uint32_t level, int source, int line, const char *format, ...) __attribute__ ((format (printf, 4, 5)));
      |              ^~~~~~~~
/workspace/morpheus/_lib/src/doca/offload_rules.c:269:25: warning: 'doca_log' is deprecated: Symbol is defined as experimental [-Wdeprecated-declarations]
  269 |                         DOCA_LOG_ERR("Forward to SFT IPV4-UDP failed, error=%s", rte_error.message);
      |                         ^~~~~~~~~~~~
In file included from /workspace/morpheus/_lib/src/doca/offload_rules.c:16:
/opt/mellanox/doca/include/doca_log.h:285:14: note: declared here
  285 | doca_error_t doca_log(uint32_t level, int source, int line, const char *format, ...) __attribute__ ((format (printf, 4, 5)));
      |              ^~~~~~~~
/workspace/morpheus/_lib/src/doca/offload_rules.c:277:25: warning: 'doca_log' is deprecated: Symbol is defined as experimental [-Wdeprecated-declarations]
  277 |                         DOCA_LOG_ERR("Forward to SFT IPV4-TCP failed, error=%s", rte_error.message);
      |                         ^~~~~~~~~~~~
In file included from /workspace/morpheus/_lib/src/doca/offload_rules.c:16:
/opt/mellanox/doca/include/doca_log.h:285:14: note: declared here
  285 | doca_error_t doca_log(uint32_t level, int source, int line, const char *format, ...) __attribute__ ((format (printf, 4, 5)));
      |              ^~~~~~~~
/workspace/morpheus/_lib/src/doca/offload_rules.c:285:25: warning: 'doca_log' is deprecated: Symbol is defined as experimental [-Wdeprecated-declarations]
  285 |                         DOCA_LOG_ERR("Forward to SFT IPV6-UDP failed, error=%s", rte_error.message);
      |                         ^~~~~~~~~~~~
In file included from /workspace/morpheus/_lib/src/doca/offload_rules.c:16:
/opt/mellanox/doca/include/doca_log.h:285:14: note: declared here
  285 | doca_error_t doca_log(uint32_t level, int source, int line, const char *format, ...) __attribute__ ((format (printf, 4, 5)));
      |              ^~~~~~~~
/workspace/morpheus/_lib/src/doca/offload_rules.c:294:25: warning: 'doca_log' is deprecated: Symbol is defined as experimental [-Wdeprecated-declarations]
  294 |                         DOCA_LOG_ERR("Forward to SFT IPV6-TCP failed, error=%s", rte_error.message);
      |                         ^~~~~~~~~~~~
In file included from /workspace/morpheus/_lib/src/doca/offload_rules.c:16:
/opt/mellanox/doca/include/doca_log.h:285:14: note: declared here
  285 | doca_error_t doca_log(uint32_t level, int source, int line, const char *format, ...) __attribute__ ((format (printf, 4, 5)));
      |              ^~~~~~~~
/workspace/morpheus/_lib/src/doca/offload_rules.c:301:25: warning: 'doca_log' is deprecated: Symbol is defined as experimental [-Wdeprecated-declarations]
  301 |                         DOCA_LOG_ERR("SFT set non state RSS failed, error=%s", rte_error.message);
      |                         ^~~~~~~~~~~~
In file included from /workspace/morpheus/_lib/src/doca/offload_rules.c:16:
/opt/mellanox/doca/include/doca_log.h:285:14: note: declared here
  285 | doca_error_t doca_log(uint32_t level, int source, int line, const char *format, ...) __attribute__ ((format (printf, 4, 5)));
      |              ^~~~~~~~
/workspace/morpheus/_lib/src/doca/offload_rules.c:309:25: warning: 'doca_log' is deprecated: Symbol is defined as experimental [-Wdeprecated-declarations]
  309 |                         DOCA_LOG_ERR("Hairpin flow creation failed: %s", rte_error.message);
      |                         ^~~~~~~~~~~~
In file included from /workspace/morpheus/_lib/src/doca/offload_rules.c:16:
/opt/mellanox/doca/include/doca_log.h:285:14: note: declared here
  285 | doca_error_t doca_log(uint32_t level, int source, int line, const char *format, ...) __attribute__ ((format (printf, 4, 5)));
      |              ^~~~~~~~
/workspace/morpheus/_lib/src/doca/offload_rules.c:318:33: warning: 'doca_log' is deprecated: Symbol is defined as experimental [-Wdeprecated-declarations]
  318 |                                 DOCA_LOG_ERR("Forward fid with state, error=%s", rte_error.message);
      |                                 ^~~~~~~~~~~~
In file included from /workspace/morpheus/_lib/src/doca/offload_rules.c:16:
/opt/mellanox/doca/include/doca_log.h:285:14: note: declared here
  285 | doca_error_t doca_log(uint32_t level, int source, int line, const char *format, ...) __attribute__ ((format (printf, 4, 5)));
      |              ^~~~~~~~
/workspace/morpheus/_lib/src/doca/offload_rules.c:327:33: warning: 'doca_log' is deprecated: Symbol is defined as experimental [-Wdeprecated-declarations]
  327 |                                 DOCA_LOG_ERR("Drop fid with state, error=%s", rte_error.message);
      |                                 ^~~~~~~~~~~~
In file included from /workspace/morpheus/_lib/src/doca/offload_rules.c:16:
/opt/mellanox/doca/include/doca_log.h:285:14: note: declared here
  285 | doca_error_t doca_log(uint32_t level, int source, int line, const char *format, ...) __attribute__ ((format (printf, 4, 5)));
      |              ^~~~~~~~
/workspace/morpheus/_lib/src/doca/offload_rules.c:336:33: warning: 'doca_log' is deprecated: Symbol is defined as experimental [-Wdeprecated-declarations]
  336 |                                 DOCA_LOG_ERR("Fragments to SFT IPV4 failed, error=%s", rte_error.message);
      |                                 ^~~~~~~~~~~~
In file included from /workspace/morpheus/_lib/src/doca/offload_rules.c:16:
/opt/mellanox/doca/include/doca_log.h:285:14: note: declared here
  285 | doca_error_t doca_log(uint32_t level, int source, int line, const char *format, ...) __attribute__ ((format (printf, 4, 5)));
      |              ^~~~~~~~
/workspace/morpheus/_lib/src/doca/offload_rules.c:344:33: warning: 'doca_log' is deprecated: Symbol is defined as experimental [-Wdeprecated-declarations]
  344 |                                 DOCA_LOG_ERR("Fragments to SFT IPV6 failed, error=%s", rte_error.message);
      |                                 ^~~~~~~~~~~~
In file included from /workspace/morpheus/_lib/src/doca/offload_rules.c:16:
/opt/mellanox/doca/include/doca_log.h:285:14: note: declared here
  285 | doca_error_t doca_log(uint32_t level, int source, int line, const char *format, ...) __attribute__ ((format (printf, 4, 5)));
      |              ^~~~~~~~
/workspace/morpheus/_lib/src/doca/offload_rules.c: In function 'print_offload_rules_counter':
/workspace/morpheus/_lib/src/doca/offload_rules.c:370:9: warning: 'doca_log' is deprecated: Symbol is defined as experimental [-Wdeprecated-declarations]
  370 |         DOCA_LOG_DBG("------------ L4 Jump to SFT----------------");
      |         ^~~~~~~~~~~~
In file included from /workspace/morpheus/_lib/src/doca/offload_rules.c:16:
/opt/mellanox/doca/include/doca_log.h:285:14: note: declared here
  285 | doca_error_t doca_log(uint32_t level, int source, int line, const char *format, ...) __attribute__ ((format (printf, 4, 5)));
      |              ^~~~~~~~
/workspace/morpheus/_lib/src/doca/offload_rules.c:375:25: warning: 'doca_log' is deprecated: Symbol is defined as experimental [-Wdeprecated-declarations]
  375 |                         DOCA_LOG_ERR("Query failed, error=%s", rte_error.message);
      |                         ^~~~~~~~~~~~
In file included from /workspace/morpheus/_lib/src/doca/offload_rules.c:16:
/opt/mellanox/doca/include/doca_log.h:285:14: note: declared here
  285 | doca_error_t doca_log(uint32_t level, int source, int line, const char *format, ...) __attribute__ ((format (printf, 4, 5)));
      |              ^~~~~~~~
/workspace/morpheus/_lib/src/doca/offload_rules.c:378:33: warning: 'doca_log' is deprecated: Symbol is defined as experimental [-Wdeprecated-declarations]
  378 |                                 DOCA_LOG_DBG("Port %d UDP - %lu", port_id, count.hits);
      |                                 ^~~~~~~~~~~~
In file included from /workspace/morpheus/_lib/src/doca/offload_rules.c:16:
/opt/mellanox/doca/include/doca_log.h:285:14: note: declared here
  285 | doca_error_t doca_log(uint32_t level, int source, int line, const char *format, ...) __attribute__ ((format (printf, 4, 5)));
      |              ^~~~~~~~
/workspace/morpheus/_lib/src/doca/offload_rules.c:380:33: warning: 'doca_log' is deprecated: Symbol is defined as experimental [-Wdeprecated-declarations]
  380 |                                 DOCA_LOG_DBG("Port %d TCP - %lu", port_id, count.hits);
      |                                 ^~~~~~~~~~~~
In file included from /workspace/morpheus/_lib/src/doca/offload_rules.c:16:
/opt/mellanox/doca/include/doca_log.h:285:14: note: declared here
  285 | doca_error_t doca_log(uint32_t level, int source, int line, const char *format, ...) __attribute__ ((format (printf, 4, 5)));
      |              ^~~~~~~~
/workspace/morpheus/_lib/src/doca/offload_rules.c:385:9: warning: 'doca_log' is deprecated: Symbol is defined as experimental [-Wdeprecated-declarations]
  385 |         DOCA_LOG_DBG("------------ IPV6 L4 Jump to SFT----------------");
      |         ^~~~~~~~~~~~
In file included from /workspace/morpheus/_lib/src/doca/offload_rules.c:16:
/opt/mellanox/doca/include/doca_log.h:285:14: note: declared here
  285 | doca_error_t doca_log(uint32_t level, int source, int line, const char *format, ...) __attribute__ ((format (printf, 4, 5)));
      |              ^~~~~~~~
/workspace/morpheus/_lib/src/doca/offload_rules.c:390:25: warning: 'doca_log' is deprecated: Symbol is defined as experimental [-Wdeprecated-declarations]
  390 |                         DOCA_LOG_ERR("Query failed, error=%s", rte_error.message);
      |                         ^~~~~~~~~~~~
In file included from /workspace/morpheus/_lib/src/doca/offload_rules.c:16:
/opt/mellanox/doca/include/doca_log.h:285:14: note: declared here
  285 | doca_error_t doca_log(uint32_t level, int source, int line, const char *format, ...) __attribute__ ((format (printf, 4, 5)));
      |              ^~~~~~~~
/workspace/morpheus/_lib/src/doca/offload_rules.c:392:25: warning: 'doca_log' is deprecated: Symbol is defined as experimental [-Wdeprecated-declarations]
  392 |                         DOCA_LOG_DBG("Port %d TCP - %lu", port_id, count.hits);
      |                         ^~~~~~~~~~~~
In file included from /workspace/morpheus/_lib/src/doca/offload_rules.c:16:
/opt/mellanox/doca/include/doca_log.h:285:14: note: declared here
  285 | doca_error_t doca_log(uint32_t level, int source, int line, const char *format, ...) __attribute__ ((format (printf, 4, 5)));
      |              ^~~~~~~~
/workspace/morpheus/_lib/src/doca/offload_rules.c:397:9: warning: 'doca_log' is deprecated: Symbol is defined as experimental [-Wdeprecated-declarations]
  397 |         DOCA_LOG_DBG("----------Hairpin non L4 traffic-----------");
      |         ^~~~~~~~~~~~
In file included from /workspace/morpheus/_lib/src/doca/offload_rules.c:16:
/opt/mellanox/doca/include/doca_log.h:285:14: note: declared here
  285 | doca_error_t doca_log(uint32_t level, int source, int line, const char *format, ...) __attribute__ ((format (printf, 4, 5)));
      |              ^~~~~~~~
/workspace/morpheus/_lib/src/doca/offload_rules.c:401:25: warning: 'doca_log' is deprecated: Symbol is defined as experimental [-Wdeprecated-declarations]
  401 |                         DOCA_LOG_ERR("Query failed, error=%s", rte_error.message);
      |                         ^~~~~~~~~~~~
In file included from /workspace/morpheus/_lib/src/doca/offload_rules.c:16:
/opt/mellanox/doca/include/doca_log.h:285:14: note: declared here
  285 | doca_error_t doca_log(uint32_t level, int source, int line, const char *format, ...) __attribute__ ((format (printf, 4, 5)));
      |              ^~~~~~~~
/workspace/morpheus/_lib/src/doca/offload_rules.c:403:25: warning: 'doca_log' is deprecated: Symbol is defined as experimental [-Wdeprecated-declarations]
  403 |                         DOCA_LOG_DBG("Port %d non L4- %lu", port_id, count.hits);
      |                         ^~~~~~~~~~~~
In file included from /workspace/morpheus/_lib/src/doca/offload_rules.c:16:
/opt/mellanox/doca/include/doca_log.h:285:14: note: declared here
  285 | doca_error_t doca_log(uint32_t level, int source, int line, const char *format, ...) __attribute__ ((format (printf, 4, 5)));
      |              ^~~~~~~~
/workspace/morpheus/_lib/src/doca/offload_rules.c:409:9: warning: 'doca_log' is deprecated: Symbol is defined as experimental [-Wdeprecated-declarations]
  409 |         DOCA_LOG_DBG("---------Hairpin using state post SFT -----");
      |         ^~~~~~~~~~~~
In file included from /workspace/morpheus/_lib/src/doca/offload_rules.c:16:
/opt/mellanox/doca/include/doca_log.h:285:14: note: declared here
  285 | doca_error_t doca_log(uint32_t level, int source, int line, const char *format, ...) __attribute__ ((format (printf, 4, 5)));
      |              ^~~~~~~~
/workspace/morpheus/_lib/src/doca/offload_rules.c:416:25: warning: 'doca_log' is deprecated: Symbol is defined as experimental [-Wdeprecated-declarations]
  416 |                         DOCA_LOG_ERR("Query failed, error=%s", rte_error.message);
      |                         ^~~~~~~~~~~~
In file included from /workspace/morpheus/_lib/src/doca/offload_rules.c:16:
/opt/mellanox/doca/include/doca_log.h:285:14: note: declared here
  285 | doca_error_t doca_log(uint32_t level, int source, int line, const char *format, ...) __attribute__ ((format (printf, 4, 5)));
      |              ^~~~~~~~
/workspace/morpheus/_lib/src/doca/offload_rules.c:419:33: warning: 'doca_log' is deprecated: Symbol is defined as experimental [-Wdeprecated-declarations]
  419 |                                 DOCA_LOG_DBG("Port %d state hairpin - %lu", port_id, count.hits);
      |                                 ^~~~~~~~~~~~
In file included from /workspace/morpheus/_lib/src/doca/offload_rules.c:16:
/opt/mellanox/doca/include/doca_log.h:285:14: note: declared here
  285 | doca_error_t doca_log(uint32_t level, int source, int line, const char *format, ...) __attribute__ ((format (printf, 4, 5)));
      |              ^~~~~~~~
/workspace/morpheus/_lib/src/doca/offload_rules.c:422:33: warning: 'doca_log' is deprecated: Symbol is defined as experimental [-Wdeprecated-declarations]
  422 |                                 DOCA_LOG_DBG("Port %d state drop - %lu", port_id, count.hits);
      |                                 ^~~~~~~~~~~~
In file included from /workspace/morpheus/_lib/src/doca/offload_rules.c:16:
/opt/mellanox/doca/include/doca_log.h:285:14: note: declared here
  285 | doca_error_t doca_log(uint32_t level, int source, int line, const char *format, ...) __attribute__ ((format (printf, 4, 5)));
      |              ^~~~~~~~
/workspace/morpheus/_lib/src/doca/offload_rules.c:428:9: warning: 'doca_log' is deprecated: Symbol is defined as experimental [-Wdeprecated-declarations]
  428 |         DOCA_LOG_DBG("---------------RSS post SFT----------------");
      |         ^~~~~~~~~~~~
In file included from /workspace/morpheus/_lib/src/doca/offload_rules.c:16:
/opt/mellanox/doca/include/doca_log.h:285:14: note: declared here
  285 | doca_error_t doca_log(uint32_t level, int source, int line, const char *format, ...) __attribute__ ((format (printf, 4, 5)));
      |              ^~~~~~~~
/workspace/morpheus/_lib/src/doca/offload_rules.c:432:25: warning: 'doca_log' is deprecated: Symbol is defined as experimental [-Wdeprecated-declarations]
  432 |                         DOCA_LOG_ERR("Query failed, error=%s", rte_error.message);
      |                         ^~~~~~~~~~~~
In file included from /workspace/morpheus/_lib/src/doca/offload_rules.c:16:
/opt/mellanox/doca/include/doca_log.h:285:14: note: declared here
  285 | doca_error_t doca_log(uint32_t level, int source, int line, const char *format, ...) __attribute__ ((format (printf, 4, 5)));
      |              ^~~~~~~~
/workspace/morpheus/_lib/src/doca/offload_rules.c:434:25: warning: 'doca_log' is deprecated: Symbol is defined as experimental [-Wdeprecated-declarations]
  434 |                         DOCA_LOG_DBG("Port %d RSS to queues - %lu", port_id, count.hits);
      |                         ^~~~~~~~~~~~
In file included from /workspace/morpheus/_lib/src/doca/offload_rules.c:16:
/opt/mellanox/doca/include/doca_log.h:285:14: note: declared here
  285 | doca_error_t doca_log(uint32_t level, int source, int line, const char *format, ...) __attribute__ ((format (printf, 4, 5)));
      |              ^~~~~~~~
/workspace/morpheus/_lib/src/doca/offload_rules.c:439:17: warning: 'doca_log' is deprecated: Symbol is defined as experimental [-Wdeprecated-declarations]
  439 |                 DOCA_LOG_DBG("---------Fragments to SFT -----");
      |                 ^~~~~~~~~~~~
In file included from /workspace/morpheus/_lib/src/doca/offload_rules.c:16:
/opt/mellanox/doca/include/doca_log.h:285:14: note: declared here
  285 | doca_error_t doca_log(uint32_t level, int source, int line, const char *format, ...) __attribute__ ((format (printf, 4, 5)));
      |              ^~~~~~~~
/workspace/morpheus/_lib/src/doca/offload_rules.c:444:33: warning: 'doca_log' is deprecated: Symbol is defined as experimental [-Wdeprecated-declarations]
  444 |                                 DOCA_LOG_ERR("Query failed, error=%s", rte_error.message);
      |                                 ^~~~~~~~~~~~
In file included from /workspace/morpheus/_lib/src/doca/offload_rules.c:16:
/opt/mellanox/doca/include/doca_log.h:285:14: note: declared here
  285 | doca_error_t doca_log(uint32_t level, int source, int line, const char *format, ...) __attribute__ ((format (printf, 4, 5)));
      |              ^~~~~~~~
/workspace/morpheus/_lib/src/doca/offload_rules.c:447:41: warning: 'doca_log' is deprecated: Symbol is defined as experimental [-Wdeprecated-declarations]
  447 |                                         DOCA_LOG_DBG("Port %d IPv4 fragments - %lu", port_id, count.hits);
      |                                         ^~~~~~~~~~~~
In file included from /workspace/morpheus/_lib/src/doca/offload_rules.c:16:
/opt/mellanox/doca/include/doca_log.h:285:14: note: declared here
  285 | doca_error_t doca_log(uint32_t level, int source, int line, const char *format, ...) __attribute__ ((format (printf, 4, 5)));
      |              ^~~~~~~~
/workspace/morpheus/_lib/src/doca/offload_rules.c:449:41: warning: 'doca_log' is deprecated: Symbol is defined as experimental [-Wdeprecated-declarations]
  449 |                                         DOCA_LOG_DBG("Port %d IPv6 fragments - %lu", port_id, count.hits);
      |                                         ^~~~~~~~~~~~
In file included from /workspace/morpheus/_lib/src/doca/offload_rules.c:16:
/opt/mellanox/doca/include/doca_log.h:285:14: note: declared here
  285 | doca_error_t doca_log(uint32_t level, int source, int line, const char *format, ...) __attribute__ ((format (printf, 4, 5)));
      |              ^~~~~~~~
/workspace/morpheus/_lib/src/doca/offload_rules.c:455:9: warning: 'doca_log' is deprecated: Symbol is defined as experimental [-Wdeprecated-declarations]
  455 |         DOCA_LOG_DBG("-------------------------------------------");
      |         ^~~~~~~~~~~~
In file included from /workspace/morpheus/_lib/src/doca/offload_rules.c:16:
/opt/mellanox/doca/include/doca_log.h:285:14: note: declared here
  285 | doca_error_t doca_log(uint32_t level, int source, int line, const char *format, ...) __attribute__ ((format (printf, 4, 5)));
      |              ^~~~~~~~
/workspace/morpheus/_lib/src/doca/offload_rules.c:456:9: warning: 'doca_log' is deprecated: Symbol is defined as experimental [-Wdeprecated-declarations]
  456 |         DOCA_LOG_DBG("TOTAL INGRESS TRAFFIC:%lu", total_ingress);
      |         ^~~~~~~~~~~~
In file included from /workspace/morpheus/_lib/src/doca/offload_rules.c:16:
/opt/mellanox/doca/include/doca_log.h:285:14: note: declared here
  285 | doca_error_t doca_log(uint32_t level, int source, int line, const char *format, ...) __attribute__ ((format (printf, 4, 5)));
      |              ^~~~~~~~
/workspace/morpheus/_lib/src/doca/offload_rules.c:457:9: warning: 'doca_log' is deprecated: Symbol is defined as experimental [-Wdeprecated-declarations]
  457 |         DOCA_LOG_DBG("TOTAL RSS TRAFFIC:%lu", total_rss);
      |         ^~~~~~~~~~~~
In file included from /workspace/morpheus/_lib/src/doca/offload_rules.c:16:
/opt/mellanox/doca/include/doca_log.h:285:14: note: declared here
  285 | doca_error_t doca_log(uint32_t level, int source, int line, const char *format, ...) __attribute__ ((format (printf, 4, 5)));
      |              ^~~~~~~~
/workspace/morpheus/_lib/src/doca/offload_rules.c:458:9: warning: 'doca_log' is deprecated: Symbol is defined as experimental [-Wdeprecated-declarations]
  458 |         DOCA_LOG_DBG("TOTAL EGRESS TRAFFIC:%lu", total_egress);
      |         ^~~~~~~~~~~~
In file included from /workspace/morpheus/_lib/src/doca/offload_rules.c:16:
/opt/mellanox/doca/include/doca_log.h:285:14: note: declared here
  285 | doca_error_t doca_log(uint32_t level, int source, int line, const char *format, ...) __attribute__ ((format (printf, 4, 5)));
      |              ^~~~~~~~
/workspace/morpheus/_lib/src/doca/offload_rules.c:459:9: warning: 'doca_log' is deprecated: Symbol is defined as experimental [-Wdeprecated-declarations]
  459 |         DOCA_LOG_DBG("TOTAL INGRESS NON_L4 TRAFFIC:%lu", total_ingress_non_l4);
      |         ^~~~~~~~~~~~
In file included from /workspace/morpheus/_lib/src/doca/offload_rules.c:16:
/opt/mellanox/doca/include/doca_log.h:285:14: note: declared here
  285 | doca_error_t doca_log(uint32_t level, int source, int line, const char *format, ...) __attribute__ ((format (printf, 4, 5)));
      |              ^~~~~~~~
/workspace/morpheus/_lib/src/doca/offload_rules.c:461:17: warning: 'doca_log' is deprecated: Symbol is defined as experimental [-Wdeprecated-declarations]
  461 |                 DOCA_LOG_DBG("TOTAL FRAGMENTED TRAFFIC:%lu", total_fragments);
      |                 ^~~~~~~~~~~~
In file included from /workspace/morpheus/_lib/src/doca/offload_rules.c:16:
/opt/mellanox/doca/include/doca_log.h:285:14: note: declared here
  285 | doca_error_t doca_log(uint32_t level, int source, int line, const char *format, ...) __attribute__ ((format (printf, 4, 5)));
      |              ^~~~~~~~
/workspace/morpheus/_lib/src/doca/offload_rules.c:462:9: warning: 'doca_log' is deprecated: Symbol is defined as experimental [-Wdeprecated-declarations]
  462 |         DOCA_LOG_DBG("TOTAL DROPPED TRAFFIC:%lu", total_dropped);
      |         ^~~~~~~~~~~~
In file included from /workspace/morpheus/_lib/src/doca/offload_rules.c:16:
/opt/mellanox/doca/include/doca_log.h:285:14: note: declared here
  285 | doca_error_t doca_log(uint32_t level, int source, int line, const char *format, ...) __attribute__ ((format (printf, 4, 5)));
      |              ^~~~~~~~
[199/209] Building C object morpheus/_lib/CMakeFiles/morpheus.dir/src/doca/dpdk_utils.c.o
/workspace/morpheus/_lib/src/doca/dpdk_utils.c: In function 'DOCA_LOG_CTOR___FILE__':
/workspace/morpheus/_lib/src/doca/dpdk_utils.c:26:1: warning: 'doca_log_source_register' is deprecated: Symbol is defined as experimental [-Wdeprecated-declarations]
   26 | DOCA_LOG_REGISTER(NUTILS);
      | ^~~~~~~~~~~~~~~~~
In file included from /workspace/morpheus/_lib/src/doca/dpdk_utils.c:18:
/opt/mellanox/doca/include/doca_log.h:169:14: note: declared here
  169 | doca_error_t doca_log_source_register(const char *source_name, int *source);
      |              ^~~~~~~~~~~~~~~~~~~~~~~~
/workspace/morpheus/_lib/src/doca/dpdk_utils.c: In function 'DOCA_LOG_DTOR___FILE__':
/workspace/morpheus/_lib/src/doca/dpdk_utils.c:26:1: warning: 'doca_log_source_destroy' is deprecated: Symbol is defined as experimental [-Wdeprecated-declarations]
   26 | DOCA_LOG_REGISTER(NUTILS);
      | ^~~~~~~~~~~~~~~~~
In file included from /workspace/morpheus/_lib/src/doca/dpdk_utils.c:18:
/opt/mellanox/doca/include/doca_log.h:184:14: note: declared here
  184 | doca_error_t doca_log_source_destroy(int source);
      |              ^~~~~~~~~~~~~~~~~~~~~~~
/workspace/morpheus/_lib/src/doca/dpdk_utils.c: In function 'bind_hairpin_queues':
/workspace/morpheus/_lib/src/doca/dpdk_utils.c:52:9: warning: 'rte_eth_hairpin_get_peer_ports' is deprecated: Symbol is not yet part of stable ABI [-Wdeprecated-declarations]
   52 |         peer_ports_len = rte_eth_hairpin_get_peer_ports(port_id, peer_ports, RTE_MAX_ETHPORTS, 1);
      |         ^~~~~~~~~~~~~~
In file included from /workspace/morpheus/_lib/src/doca/dpdk_utils.c:14:
/opt/mellanox/dpdk/include/dpdk/rte_ethdev.h:2451:5: note: declared here
 2451 | int rte_eth_hairpin_get_peer_ports(uint16_t port_id, uint16_t *peer_ports,
      |     ^~~~~~~~~~~~~~~~~~~~~~~~~~~~~~
/workspace/morpheus/_lib/src/doca/dpdk_utils.c:54:17: warning: 'doca_log' is deprecated: Symbol is defined as experimental [-Wdeprecated-declarations]
   54 |                 DOCA_LOG_ERR("Failed to get hairpin peer Rx ports of port %d, (%d)", port_id, peer_ports_len);
      |                 ^~~~~~~~~~~~
In file included from /workspace/morpheus/_lib/src/doca/dpdk_utils.c:18:
/opt/mellanox/doca/include/doca_log.h:285:14: note: declared here
  285 | doca_error_t doca_log(uint32_t level, int source, int line, const char *format, ...) __attribute__ ((format (printf, 4, 5)));
      |              ^~~~~~~~
/workspace/morpheus/_lib/src/doca/dpdk_utils.c:58:17: warning: 'rte_eth_hairpin_bind' is deprecated: Symbol is not yet part of stable ABI [-Wdeprecated-declarations]
   58 |                 result = rte_eth_hairpin_bind(port_id, peer_ports[peer_port]);
      |                 ^~~~~~
In file included from /workspace/morpheus/_lib/src/doca/dpdk_utils.c:14:
/opt/mellanox/dpdk/include/dpdk/rte_ethdev.h:2477:5: note: declared here
 2477 | int rte_eth_hairpin_bind(uint16_t tx_port, uint16_t rx_port);
      |     ^~~~~~~~~~~~~~~~~~~~
/workspace/morpheus/_lib/src/doca/dpdk_utils.c:60:25: warning: 'doca_log' is deprecated: Symbol is defined as experimental [-Wdeprecated-declarations]
   60 |                         DOCA_LOG_ERR("Failed to bind hairpin queues (%d)", result);
      |                         ^~~~~~~~~~~~
In file included from /workspace/morpheus/_lib/src/doca/dpdk_utils.c:18:
/opt/mellanox/doca/include/doca_log.h:285:14: note: declared here
  285 | doca_error_t doca_log(uint32_t level, int source, int line, const char *format, ...) __attribute__ ((format (printf, 4, 5)));
      |              ^~~~~~~~
/workspace/morpheus/_lib/src/doca/dpdk_utils.c:65:9: warning: 'rte_eth_hairpin_get_peer_ports' is deprecated: Symbol is not yet part of stable ABI [-Wdeprecated-declarations]
   65 |         peer_ports_len = rte_eth_hairpin_get_peer_ports(port_id, peer_ports, RTE_MAX_ETHPORTS, 0);
      |         ^~~~~~~~~~~~~~
In file included from /workspace/morpheus/_lib/src/doca/dpdk_utils.c:14:
/opt/mellanox/dpdk/include/dpdk/rte_ethdev.h:2451:5: note: declared here
 2451 | int rte_eth_hairpin_get_peer_ports(uint16_t port_id, uint16_t *peer_ports,
      |     ^~~~~~~~~~~~~~~~~~~~~~~~~~~~~~
/workspace/morpheus/_lib/src/doca/dpdk_utils.c:67:17: warning: 'doca_log' is deprecated: Symbol is defined as experimental [-Wdeprecated-declarations]
   67 |                 DOCA_LOG_ERR("Failed to get hairpin peer Tx ports of port %d, (%d)", port_id, peer_ports_len);
      |                 ^~~~~~~~~~~~
In file included from /workspace/morpheus/_lib/src/doca/dpdk_utils.c:18:
/opt/mellanox/doca/include/doca_log.h:285:14: note: declared here
  285 | doca_error_t doca_log(uint32_t level, int source, int line, const char *format, ...) __attribute__ ((format (printf, 4, 5)));
      |              ^~~~~~~~
/workspace/morpheus/_lib/src/doca/dpdk_utils.c:72:17: warning: 'rte_eth_hairpin_bind' is deprecated: Symbol is not yet part of stable ABI [-Wdeprecated-declarations]
   72 |                 result = rte_eth_hairpin_bind(peer_ports[peer_port], port_id);
      |                 ^~~~~~
In file included from /workspace/morpheus/_lib/src/doca/dpdk_utils.c:14:
/opt/mellanox/dpdk/include/dpdk/rte_ethdev.h:2477:5: note: declared here
 2477 | int rte_eth_hairpin_bind(uint16_t tx_port, uint16_t rx_port);
      |     ^~~~~~~~~~~~~~~~~~~~
/workspace/morpheus/_lib/src/doca/dpdk_utils.c:74:25: warning: 'doca_log' is deprecated: Symbol is defined as experimental [-Wdeprecated-declarations]
   74 |                         DOCA_LOG_ERR("Failed to bind hairpin queues (%d)", result);
      |                         ^~~~~~~~~~~~
In file included from /workspace/morpheus/_lib/src/doca/dpdk_utils.c:18:
/opt/mellanox/doca/include/doca_log.h:285:14: note: declared here
  285 | doca_error_t doca_log(uint32_t level, int source, int line, const char *format, ...) __attribute__ ((format (printf, 4, 5)));
      |              ^~~~~~~~
/workspace/morpheus/_lib/src/doca/dpdk_utils.c: In function 'unbind_hairpin_queues':
/workspace/morpheus/_lib/src/doca/dpdk_utils.c:95:9: warning: 'rte_eth_hairpin_get_peer_ports' is deprecated: Symbol is not yet part of stable ABI [-Wdeprecated-declarations]
   95 |         peer_ports_len = rte_eth_hairpin_get_peer_ports(port_id, peer_ports, RTE_MAX_ETHPORTS, 1);
      |         ^~~~~~~~~~~~~~
In file included from /workspace/morpheus/_lib/src/doca/dpdk_utils.c:14:
/opt/mellanox/dpdk/include/dpdk/rte_ethdev.h:2451:5: note: declared here
 2451 | int rte_eth_hairpin_get_peer_ports(uint16_t port_id, uint16_t *peer_ports,
      |     ^~~~~~~~~~~~~~~~~~~~~~~~~~~~~~
/workspace/morpheus/_lib/src/doca/dpdk_utils.c:97:17: warning: 'doca_log' is deprecated: Symbol is defined as experimental [-Wdeprecated-declarations]
   97 |                 DOCA_LOG_ERR("Failed to get hairpin peer Tx ports of port %d, (%d)", port_id, peer_ports_len);
      |                 ^~~~~~~~~~~~
In file included from /workspace/morpheus/_lib/src/doca/dpdk_utils.c:18:
/opt/mellanox/doca/include/doca_log.h:285:14: note: declared here
  285 | doca_error_t doca_log(uint32_t level, int source, int line, const char *format, ...) __attribute__ ((format (printf, 4, 5)));
      |              ^~~~~~~~
/workspace/morpheus/_lib/src/doca/dpdk_utils.c:102:17: warning: 'rte_eth_hairpin_unbind' is deprecated: Symbol is not yet part of stable ABI [-Wdeprecated-declarations]
  102 |                 result = rte_eth_hairpin_unbind(port_id, peer_ports[peer_port]);
      |                 ^~~~~~
In file included from /workspace/morpheus/_lib/src/doca/dpdk_utils.c:14:
/opt/mellanox/dpdk/include/dpdk/rte_ethdev.h:2504:5: note: declared here
 2504 | int rte_eth_hairpin_unbind(uint16_t tx_port, uint16_t rx_port);
      |     ^~~~~~~~~~~~~~~~~~~~~~
/workspace/morpheus/_lib/src/doca/dpdk_utils.c:104:25: warning: 'doca_log' is deprecated: Symbol is defined as experimental [-Wdeprecated-declarations]
  104 |                         DOCA_LOG_ERR("Failed to bind hairpin queues (%d)", result);
      |                         ^~~~~~~~~~~~
In file included from /workspace/morpheus/_lib/src/doca/dpdk_utils.c:18:
/opt/mellanox/doca/include/doca_log.h:285:14: note: declared here
  285 | doca_error_t doca_log(uint32_t level, int source, int line, const char *format, ...) __attribute__ ((format (printf, 4, 5)));
      |              ^~~~~~~~
/workspace/morpheus/_lib/src/doca/dpdk_utils.c:109:9: warning: 'rte_eth_hairpin_get_peer_ports' is deprecated: Symbol is not yet part of stable ABI [-Wdeprecated-declarations]
  109 |         peer_ports_len = rte_eth_hairpin_get_peer_ports(port_id, peer_ports, RTE_MAX_ETHPORTS, 0);
      |         ^~~~~~~~~~~~~~
In file included from /workspace/morpheus/_lib/src/doca/dpdk_utils.c:14:
/opt/mellanox/dpdk/include/dpdk/rte_ethdev.h:2451:5: note: declared here
 2451 | int rte_eth_hairpin_get_peer_ports(uint16_t port_id, uint16_t *peer_ports,
      |     ^~~~~~~~~~~~~~~~~~~~~~~~~~~~~~
/workspace/morpheus/_lib/src/doca/dpdk_utils.c:111:17: warning: 'doca_log' is deprecated: Symbol is defined as experimental [-Wdeprecated-declarations]
  111 |                 DOCA_LOG_ERR("Failed to get hairpin peer Tx ports of port %d, (%d)", port_id, peer_ports_len);
      |                 ^~~~~~~~~~~~
In file included from /workspace/morpheus/_lib/src/doca/dpdk_utils.c:18:
/opt/mellanox/doca/include/doca_log.h:285:14: note: declared here
  285 | doca_error_t doca_log(uint32_t level, int source, int line, const char *format, ...) __attribute__ ((format (printf, 4, 5)));
      |              ^~~~~~~~
/workspace/morpheus/_lib/src/doca/dpdk_utils.c:115:17: warning: 'rte_eth_hairpin_unbind' is deprecated: Symbol is not yet part of stable ABI [-Wdeprecated-declarations]
  115 |                 result = rte_eth_hairpin_unbind(peer_ports[peer_port], port_id);
      |                 ^~~~~~
In file included from /workspace/morpheus/_lib/src/doca/dpdk_utils.c:14:
/opt/mellanox/dpdk/include/dpdk/rte_ethdev.h:2504:5: note: declared here
 2504 | int rte_eth_hairpin_unbind(uint16_t tx_port, uint16_t rx_port);
      |     ^~~~~~~~~~~~~~~~~~~~~~
/workspace/morpheus/_lib/src/doca/dpdk_utils.c:117:25: warning: 'doca_log' is deprecated: Symbol is defined as experimental [-Wdeprecated-declarations]
  117 |                         DOCA_LOG_ERR("Failed to bind hairpin queues (%d)", result);
      |                         ^~~~~~~~~~~~
In file included from /workspace/morpheus/_lib/src/doca/dpdk_utils.c:18:
/opt/mellanox/doca/include/doca_log.h:285:14: note: declared here
  285 | doca_error_t doca_log(uint32_t level, int source, int line, const char *format, ...) __attribute__ ((format (printf, 4, 5)));
      |              ^~~~~~~~
/workspace/morpheus/_lib/src/doca/dpdk_utils.c: In function 'setup_hairpin_queues':
/workspace/morpheus/_lib/src/doca/dpdk_utils.c:156:17: warning: 'rte_eth_tx_hairpin_queue_setup' is deprecated: Symbol is not yet part of stable ABI [-Wdeprecated-declarations]
  156 |                 result = rte_eth_tx_hairpin_queue_setup(port_id, reserved_hairpin_q_list[hairpin_q], nb_tx_rx_desc,
      |                 ^~~~~~
In file included from /workspace/morpheus/_lib/src/doca/dpdk_utils.c:14:
/opt/mellanox/dpdk/include/dpdk/rte_ethdev.h:2420:5: note: declared here
 2420 | int rte_eth_tx_hairpin_queue_setup
      |     ^~~~~~~~~~~~~~~~~~~~~~~~~~~~~~
/workspace/morpheus/_lib/src/doca/dpdk_utils.c:159:25: warning: 'doca_log' is deprecated: Symbol is defined as experimental [-Wdeprecated-declarations]
  159 |                         DOCA_LOG_ERR("Failed to setup hairpin queues (%d)", result);
      |                         ^~~~~~~~~~~~
In file included from /workspace/morpheus/_lib/src/doca/dpdk_utils.c:18:
/opt/mellanox/doca/include/doca_log.h:285:14: note: declared here
  285 | doca_error_t doca_log(uint32_t level, int source, int line, const char *format, ...) __attribute__ ((format (printf, 4, 5)));
      |              ^~~~~~~~
/workspace/morpheus/_lib/src/doca/dpdk_utils.c:165:17: warning: 'rte_eth_rx_hairpin_queue_setup' is deprecated: Symbol is not yet part of stable ABI [-Wdeprecated-declarations]
  165 |                 result = rte_eth_rx_hairpin_queue_setup(port_id, reserved_hairpin_q_list[hairpin_q], nb_tx_rx_desc,
      |                 ^~~~~~
In file included from /workspace/morpheus/_lib/src/doca/dpdk_utils.c:14:
/opt/mellanox/dpdk/include/dpdk/rte_ethdev.h:2338:5: note: declared here
 2338 | int rte_eth_rx_hairpin_queue_setup
      |     ^~~~~~~~~~~~~~~~~~~~~~~~~~~~~~
/workspace/morpheus/_lib/src/doca/dpdk_utils.c:168:25: warning: 'doca_log' is deprecated: Symbol is defined as experimental [-Wdeprecated-declarations]
  168 |                         DOCA_LOG_ERR("Failed to setup hairpin queues (%d)", result);
      |                         ^~~~~~~~~~~~
In file included from /workspace/morpheus/_lib/src/doca/dpdk_utils.c:18:
/opt/mellanox/doca/include/doca_log.h:285:14: note: declared here
  285 | doca_error_t doca_log(uint32_t level, int source, int line, const char *format, ...) __attribute__ ((format (printf, 4, 5)));
      |              ^~~~~~~~
/workspace/morpheus/_lib/src/doca/dpdk_utils.c: In function 'disable_hairpin_queues':
/workspace/morpheus/_lib/src/doca/dpdk_utils.c:191:25: warning: 'doca_log' is deprecated: Symbol is defined as experimental [-Wdeprecated-declarations]
  191 |                         DOCA_LOG_ERR("Disabling hairpin queues failed: err=%d, port=%u", result, port_id);
      |                         ^~~~~~~~~~~~
In file included from /workspace/morpheus/_lib/src/doca/dpdk_utils.c:18:
/opt/mellanox/doca/include/doca_log.h:285:14: note: declared here
  285 | doca_error_t doca_log(uint32_t level, int source, int line, const char *format, ...) __attribute__ ((format (printf, 4, 5)));
      |              ^~~~~~~~
/workspace/morpheus/_lib/src/doca/dpdk_utils.c: In function 'enable_hairpin_queues':
/workspace/morpheus/_lib/src/doca/dpdk_utils.c:214:25: warning: 'doca_log' is deprecated: Symbol is defined as experimental [-Wdeprecated-declarations]
  214 |                         DOCA_LOG_ERR("Hairpin bind failed on port=%u", port_id);
      |                         ^~~~~~~~~~~~
In file included from /workspace/morpheus/_lib/src/doca/dpdk_utils.c:18:
/opt/mellanox/doca/include/doca_log.h:285:14: note: declared here
  285 | doca_error_t doca_log(uint32_t level, int source, int line, const char *format, ...) __attribute__ ((format (printf, 4, 5)));
      |              ^~~~~~~~
/workspace/morpheus/_lib/src/doca/dpdk_utils.c: In function 'dpdk_sft_init':
/workspace/morpheus/_lib/src/doca/dpdk_utils.c:284:9: warning: 'rte_sft_init' is deprecated: Symbol is not yet part of stable ABI [-Wdeprecated-declarations]
  284 |         ret = rte_sft_init(&sft_config, &sft_error);
      |         ^~~
In file included from /workspace/morpheus/_lib/src/doca/dpdk_utils.c:16:
/opt/mellanox/dpdk/include/dpdk/rte_sft.h:577:1: note: declared here
  577 | rte_sft_init(const struct rte_sft_conf *conf, struct rte_sft_error *error);
      | ^~~~~~~~~~~~
/workspace/morpheus/_lib/src/doca/dpdk_utils.c:286:17: warning: 'doca_log' is deprecated: Symbol is defined as experimental [-Wdeprecated-declarations]
  286 |                 DOCA_LOG_ERR("SFT init failed, ret=%d", ret);
      |                 ^~~~~~~~~~~~
In file included from /workspace/morpheus/_lib/src/doca/dpdk_utils.c:18:
/opt/mellanox/doca/include/doca_log.h:285:14: note: declared here
  285 | doca_error_t doca_log(uint32_t level, int source, int line, const char *format, ...) __attribute__ ((format (printf, 4, 5)));
      |              ^~~~~~~~
/workspace/morpheus/_lib/src/doca/dpdk_utils.c:292:17: warning: 'doca_log' is deprecated: Symbol is defined as experimental [-Wdeprecated-declarations]
  292 |                 DOCA_LOG_ERR("Get port RSS configuration failed, ret=%d", ret);
      |                 ^~~~~~~~~~~~
In file included from /workspace/morpheus/_lib/src/doca/dpdk_utils.c:18:
/opt/mellanox/doca/include/doca_log.h:285:14: note: declared here
  285 | doca_error_t doca_log(uint32_t level, int source, int line, const char *format, ...) __attribute__ ((format (printf, 4, 5)));
      |              ^~~~~~~~
/workspace/morpheus/_lib/src/doca/dpdk_utils.c:293:17: warning: 'rte_sft_fini' is deprecated: Symbol is not yet part of stable ABI [-Wdeprecated-declarations]
  293 |                 ret = rte_sft_fini(&sft_error);
      |                 ^~~
In file included from /workspace/morpheus/_lib/src/doca/dpdk_utils.c:16:
/opt/mellanox/dpdk/include/dpdk/rte_sft.h:594:1: note: declared here
  594 | rte_sft_fini(struct rte_sft_error *error);
      | ^~~~~~~~~~~~
/workspace/morpheus/_lib/src/doca/dpdk_utils.c:295:25: warning: 'doca_log' is deprecated: Symbol is defined as experimental [-Wdeprecated-declarations]
  295 |                         DOCA_LOG_ERR("SFT fini failed, error=%d", ret);
      |                         ^~~~~~~~~~~~
In file included from /workspace/morpheus/_lib/src/doca/dpdk_utils.c:18:
/opt/mellanox/doca/include/doca_log.h:285:14: note: declared here
  285 | doca_error_t doca_log(uint32_t level, int source, int line, const char *format, ...) __attribute__ ((format (printf, 4, 5)));
      |              ^~~~~~~~
/workspace/morpheus/_lib/src/doca/dpdk_utils.c:312:17: warning: 'doca_log' is deprecated: Symbol is defined as experimental [-Wdeprecated-declarations]
  312 |                 DOCA_LOG_ERR("Failed to create SFT offload rule");
      |                 ^~~~~~~~~~~~
In file included from /workspace/morpheus/_lib/src/doca/dpdk_utils.c:18:
/opt/mellanox/doca/include/doca_log.h:285:14: note: declared here
  285 | doca_error_t doca_log(uint32_t level, int source, int line, const char *format, ...) __attribute__ ((format (printf, 4, 5)));
      |              ^~~~~~~~
/workspace/morpheus/_lib/src/doca/dpdk_utils.c: In function 'allocate_mempool':
/workspace/morpheus/_lib/src/doca/dpdk_utils.c:332:17: warning: 'doca_log' is deprecated: Symbol is defined as experimental [-Wdeprecated-declarations]
  332 |                 DOCA_LOG_ERR("Cannot allocate mbuf pool (%d, %d): %s", total_nb_mbufs, rte_socket_id(), rte_strerror(rte_errno));
      |                 ^~~~~~~~~~~~
In file included from /workspace/morpheus/_lib/src/doca/dpdk_utils.c:18:
/opt/mellanox/doca/include/doca_log.h:285:14: note: declared here
  285 | doca_error_t doca_log(uint32_t level, int source, int line, const char *format, ...) __attribute__ ((format (printf, 4, 5)));
      |              ^~~~~~~~
/workspace/morpheus/_lib/src/doca/dpdk_utils.c: In function 'port_init':
/workspace/morpheus/_lib/src/doca/dpdk_utils.c:417:17: warning: 'doca_log' is deprecated: Symbol is defined as experimental [-Wdeprecated-declarations]
  417 |                 DOCA_LOG_ERR("Failed getting device (port %u) info, error=%s", port, strerror(-ret));
      |                 ^~~~~~~~~~~~
In file included from /workspace/morpheus/_lib/src/doca/dpdk_utils.c:18:
/opt/mellanox/doca/include/doca_log.h:285:14: note: declared here
  285 | doca_error_t doca_log(uint32_t level, int source, int line, const char *format, ...) __attribute__ ((format (printf, 4, 5)));
      |              ^~~~~~~~
/workspace/morpheus/_lib/src/doca/dpdk_utils.c:438:17: warning: 'doca_log' is deprecated: Symbol is defined as experimental [-Wdeprecated-declarations]
  438 |                 DOCA_LOG_ERR("Failed to configure the ethernet device - (%d)", ret);
      |                 ^~~~~~~~~~~~
In file included from /workspace/morpheus/_lib/src/doca/dpdk_utils.c:18:
/opt/mellanox/doca/include/doca_log.h:285:14: note: declared here
  285 | doca_error_t doca_log(uint32_t level, int source, int line, const char *format, ...) __attribute__ ((format (printf, 4, 5)));
      |              ^~~~~~~~
/workspace/morpheus/_lib/src/doca/dpdk_utils.c:442:17: warning: 'doca_log' is deprecated: Symbol is defined as experimental [-Wdeprecated-declarations]
  442 |                 DOCA_LOG_DBG("Port %u modified RSS hash function based on hardware support, requested:%#" PRIx64
      |                 ^~~~~~~~~~~~
In file included from /workspace/morpheus/_lib/src/doca/dpdk_utils.c:18:
/opt/mellanox/doca/include/doca_log.h:285:14: note: declared here
  285 | doca_error_t doca_log(uint32_t level, int source, int line, const char *format, ...) __attribute__ ((format (printf, 4, 5)));
      |              ^~~~~~~~
/workspace/morpheus/_lib/src/doca/dpdk_utils.c:451:17: warning: 'doca_log' is deprecated: Symbol is defined as experimental [-Wdeprecated-declarations]
  451 |                 DOCA_LOG_ERR("Failed to Enable RX in promiscuous mode - (%d)", ret);
      |                 ^~~~~~~~~~~~
In file included from /workspace/morpheus/_lib/src/doca/dpdk_utils.c:18:
/opt/mellanox/doca/include/doca_log.h:285:14: note: declared here
  285 | doca_error_t doca_log(uint32_t level, int source, int line, const char *format, ...) __attribute__ ((format (printf, 4, 5)));
      |              ^~~~~~~~
/workspace/morpheus/_lib/src/doca/dpdk_utils.c:459:25: warning: 'doca_log' is deprecated: Symbol is defined as experimental [-Wdeprecated-declarations]
  459 |                         DOCA_LOG_ERR("Failed to set up RX queues - (%d)", ret);
      |                         ^~~~~~~~~~~~
In file included from /workspace/morpheus/_lib/src/doca/dpdk_utils.c:18:
/opt/mellanox/doca/include/doca_log.h:285:14: note: declared here
  285 | doca_error_t doca_log(uint32_t level, int source, int line, const char *format, ...) __attribute__ ((format (printf, 4, 5)));
      |              ^~~~~~~~
/workspace/morpheus/_lib/src/doca/dpdk_utils.c:468:25: warning: 'doca_log' is deprecated: Symbol is defined as experimental [-Wdeprecated-declarations]
  468 |                         DOCA_LOG_ERR("Failed to set up TX queues - (%d)", ret);
      |                         ^~~~~~~~~~~~
In file included from /workspace/morpheus/_lib/src/doca/dpdk_utils.c:18:
/opt/mellanox/doca/include/doca_log.h:285:14: note: declared here
  285 | doca_error_t doca_log(uint32_t level, int source, int line, const char *format, ...) __attribute__ ((format (printf, 4, 5)));
      |              ^~~~~~~~
/workspace/morpheus/_lib/src/doca/dpdk_utils.c:482:25: warning: 'doca_log' is deprecated: Symbol is defined as experimental [-Wdeprecated-declarations]
  482 |                         DOCA_LOG_ERR("Cannot hairpin port %" PRIu8 ", ret=%d", port, result);
      |                         ^~~~~~~~~~~~
In file included from /workspace/morpheus/_lib/src/doca/dpdk_utils.c:18:
/opt/mellanox/doca/include/doca_log.h:285:14: note: declared here
  285 | doca_error_t doca_log(uint32_t level, int source, int line, const char *format, ...) __attribute__ ((format (printf, 4, 5)));
      |              ^~~~~~~~
/workspace/morpheus/_lib/src/doca/dpdk_utils.c:490:17: warning: 'doca_log' is deprecated: Symbol is defined as experimental [-Wdeprecated-declarations]
  490 |                 DOCA_LOG_ERR("Port %u could not be set isolated mode to %s (%s)",
      |                 ^~~~~~~~~~~~
In file included from /workspace/morpheus/_lib/src/doca/dpdk_utils.c:18:
/opt/mellanox/doca/include/doca_log.h:285:14: note: declared here
  285 | doca_error_t doca_log(uint32_t level, int source, int line, const char *format, ...) __attribute__ ((format (printf, 4, 5)));
      |              ^~~~~~~~
/workspace/morpheus/_lib/src/doca/dpdk_utils.c:495:17: warning: 'doca_log' is deprecated: Symbol is defined as experimental [-Wdeprecated-declarations]
  495 |                 DOCA_LOG_INFO("Ingress traffic on port %u is in isolated mode",
      |                 ^~~~~~~~~~~~~
In file included from /workspace/morpheus/_lib/src/doca/dpdk_utils.c:18:
/opt/mellanox/doca/include/doca_log.h:285:14: note: declared here
  285 | doca_error_t doca_log(uint32_t level, int source, int line, const char *format, ...) __attribute__ ((format (printf, 4, 5)));
      |              ^~~~~~~~
/workspace/morpheus/_lib/src/doca/dpdk_utils.c:501:17: warning: 'doca_log' is deprecated: Symbol is defined as experimental [-Wdeprecated-declarations]
  501 |                 DOCA_LOG_ERR("Cannot start port %" PRIu8 ", ret=%d", port, ret);
      |                 ^~~~~~~~~~~~
In file included from /workspace/morpheus/_lib/src/doca/dpdk_utils.c:18:
/opt/mellanox/doca/include/doca_log.h:285:14: note: declared here
  285 | doca_error_t doca_log(uint32_t level, int source, int line, const char *format, ...) __attribute__ ((format (printf, 4, 5)));
      |              ^~~~~~~~
/workspace/morpheus/_lib/src/doca/dpdk_utils.c:507:9: warning: 'doca_log' is deprecated: Symbol is defined as experimental [-Wdeprecated-declarations]
  507 |         DOCA_LOG_DBG("Port %u MAC: %02" PRIx8 " %02" PRIx8 " %02" PRIx8 " %02" PRIx8 " %02" PRIx8 " %02" PRIx8 "",
      |         ^~~~~~~~~~~~
In file included from /workspace/morpheus/_lib/src/doca/dpdk_utils.c:18:
/opt/mellanox/doca/include/doca_log.h:285:14: note: declared here
  285 | doca_error_t doca_log(uint32_t level, int source, int line, const char *format, ...) __attribute__ ((format (printf, 4, 5)));
      |              ^~~~~~~~
/workspace/morpheus/_lib/src/doca/dpdk_utils.c:516:17: warning: 'doca_log' is deprecated: Symbol is defined as experimental [-Wdeprecated-declarations]
  516 |                 DOCA_LOG_WARN("Port %u is on remote NUMA node to polling thread", port);
      |                 ^~~~~~~~~~~~~
In file included from /workspace/morpheus/_lib/src/doca/dpdk_utils.c:18:
/opt/mellanox/doca/include/doca_log.h:285:14: note: declared here
  285 | doca_error_t doca_log(uint32_t level, int source, int line, const char *format, ...) __attribute__ ((format (printf, 4, 5)));
      |              ^~~~~~~~
/workspace/morpheus/_lib/src/doca/dpdk_utils.c:517:17: warning: 'doca_log' is deprecated: Symbol is defined as experimental [-Wdeprecated-declarations]
  517 |                 DOCA_LOG_WARN("\tPerformance will not be optimal.");
      |                 ^~~~~~~~~~~~~
In file included from /workspace/morpheus/_lib/src/doca/dpdk_utils.c:18:
/opt/mellanox/doca/include/doca_log.h:285:14: note: declared here
  285 | doca_error_t doca_log(uint32_t level, int source, int line, const char *format, ...) __attribute__ ((format (printf, 4, 5)));
      |              ^~~~~~~~
/workspace/morpheus/_lib/src/doca/dpdk_utils.c: In function 'dpdk_ports_fini':
/workspace/morpheus/_lib/src/doca/dpdk_utils.c:540:25: warning: 'doca_log' is deprecated: Symbol is defined as experimental [-Wdeprecated-declarations]
  540 |                         DOCA_LOG_ERR("rte_eth_dev_stop(): err=%d, port=%u", result, port_id);
      |                         ^~~~~~~~~~~~
In file included from /workspace/morpheus/_lib/src/doca/dpdk_utils.c:18:
/opt/mellanox/doca/include/doca_log.h:285:14: note: declared here
  285 | doca_error_t doca_log(uint32_t level, int source, int line, const char *format, ...) __attribute__ ((format (printf, 4, 5)));
      |              ^~~~~~~~
/workspace/morpheus/_lib/src/doca/dpdk_utils.c:544:25: warning: 'doca_log' is deprecated: Symbol is defined as experimental [-Wdeprecated-declarations]
  544 |                         DOCA_LOG_ERR("rte_eth_dev_close(): err=%d, port=%u", result, port_id);
      |                         ^~~~~~~~~~~~
In file included from /workspace/morpheus/_lib/src/doca/dpdk_utils.c:18:
/opt/mellanox/doca/include/doca_log.h:285:14: note: declared here
  285 | doca_error_t doca_log(uint32_t level, int source, int line, const char *format, ...) __attribute__ ((format (printf, 4, 5)));
      |              ^~~~~~~~
/workspace/morpheus/_lib/src/doca/dpdk_utils.c: In function 'dpdk_ports_init':
/workspace/morpheus/_lib/src/doca/dpdk_utils.c:580:9: warning: 'rte_flow_dynf_metadata_register' is deprecated: Symbol is not yet part of stable ABI [-Wdeprecated-declarations]
  580 |         ret = rte_flow_dynf_metadata_register();
      |         ^~~
In file included from /opt/mellanox/dpdk/include/dpdk/rte_eth_ctrl.h:11,
                 from /opt/mellanox/dpdk/include/dpdk/rte_ethdev.h:1297,
                 from ../morpheus/_lib/src/doca/dpdk_utils.c:14:
/opt/mellanox/dpdk/include/dpdk/rte_flow.h:4322:1: note: declared here
 4322 | rte_flow_dynf_metadata_register(void);
      | ^~~~~~~~~~~~~~~~~~~~~~~~~~~~~~~
/workspace/morpheus/_lib/src/doca/dpdk_utils.c:582:17: warning: 'doca_log' is deprecated: Symbol is defined as experimental [-Wdeprecated-declarations]
  582 |                 DOCA_LOG_ERR("Metadata register failed, ret=%d", ret);
      |                 ^~~~~~~~~~~~
In file included from /workspace/morpheus/_lib/src/doca/dpdk_utils.c:18:
/opt/mellanox/doca/include/doca_log.h:285:14: note: declared here
  285 | doca_error_t doca_log(uint32_t level, int source, int line, const char *format, ...) __attribute__ ((format (printf, 4, 5)));
      |              ^~~~~~~~
/workspace/morpheus/_lib/src/doca/dpdk_utils.c:591:25: warning: 'doca_log' is deprecated: Symbol is defined as experimental [-Wdeprecated-declarations]
  591 |                         DOCA_LOG_ERR("Cannot init port %" PRIu8, port_id);
      |                         ^~~~~~~~~~~~
In file included from /workspace/morpheus/_lib/src/doca/dpdk_utils.c:18:
/opt/mellanox/doca/include/doca_log.h:285:14: note: declared here
  285 | doca_error_t doca_log(uint32_t level, int source, int line, const char *format, ...) __attribute__ ((format (printf, 4, 5)));
      |              ^~~~~~~~
/workspace/morpheus/_lib/src/doca/dpdk_utils.c: In function 'dpdk_queues_and_ports_init':
/workspace/morpheus/_lib/src/doca/dpdk_utils.c:614:17: warning: 'doca_log' is deprecated: Symbol is defined as experimental [-Wdeprecated-declarations]
  614 |                 DOCA_LOG_ERR("Application will only function with %u ports, num_of_ports=%d",
      |                 ^~~~~~~~~~~~
In file included from /workspace/morpheus/_lib/src/doca/dpdk_utils.c:18:
/opt/mellanox/doca/include/doca_log.h:285:14: note: declared here
  285 | doca_error_t doca_log(uint32_t level, int source, int line, const char *format, ...) __attribute__ ((format (printf, 4, 5)));
      |              ^~~~~~~~
/workspace/morpheus/_lib/src/doca/dpdk_utils.c:622:17: warning: 'doca_log' is deprecated: Symbol is defined as experimental [-Wdeprecated-declarations]
  622 |                 DOCA_LOG_ERR("At least %u cores are needed for the application to run, available_cores=%d",
      |                 ^~~~~~~~~~~~
In file included from /workspace/morpheus/_lib/src/doca/dpdk_utils.c:18:
/opt/mellanox/doca/include/doca_log.h:285:14: note: declared here
  285 | doca_error_t doca_log(uint32_t level, int source, int line, const char *format, ...) __attribute__ ((format (printf, 4, 5)));
      |              ^~~~~~~~
/workspace/morpheus/_lib/src/doca/dpdk_utils.c:641:25: warning: 'doca_log' is deprecated: Symbol is defined as experimental [-Wdeprecated-declarations]
  641 |                         DOCA_LOG_ERR("Ports allocation failed");
      |                         ^~~~~~~~~~~~
In file included from /workspace/morpheus/_lib/src/doca/dpdk_utils.c:18:
/opt/mellanox/doca/include/doca_log.h:285:14: note: declared here
  285 | doca_error_t doca_log(uint32_t level, int source, int line, const char *format, ...) __attribute__ ((format (printf, 4, 5)));
      |              ^~~~~~~~
/workspace/morpheus/_lib/src/doca/dpdk_utils.c: In function 'dpdk_queues_and_ports_fini':
/workspace/morpheus/_lib/src/doca/dpdk_utils.c:691:17: warning: 'rte_sft_fini' is deprecated: Symbol is not yet part of stable ABI [-Wdeprecated-declarations]
  691 |                 result = rte_sft_fini(&sft_error);
      |                 ^~~~~~
In file included from /workspace/morpheus/_lib/src/doca/dpdk_utils.c:16:
/opt/mellanox/dpdk/include/dpdk/rte_sft.h:594:1: note: declared here
  594 | rte_sft_fini(struct rte_sft_error *error);
      | ^~~~~~~~~~~~
/workspace/morpheus/_lib/src/doca/dpdk_utils.c:693:25: warning: 'doca_log' is deprecated: Symbol is defined as experimental [-Wdeprecated-declarations]
  693 |                         DOCA_LOG_ERR("SFT fini failed, error=%d", result);
      |                         ^~~~~~~~~~~~
In file included from /workspace/morpheus/_lib/src/doca/dpdk_utils.c:18:
/opt/mellanox/doca/include/doca_log.h:285:14: note: declared here
  285 | doca_error_t doca_log(uint32_t level, int source, int line, const char *format, ...) __attribute__ ((format (printf, 4, 5)));
      |              ^~~~~~~~
/workspace/morpheus/_lib/src/doca/dpdk_utils.c: In function 'print_ether_addr':
/workspace/morpheus/_lib/src/doca/dpdk_utils.c:722:9: warning: 'doca_log' is deprecated: Symbol is defined as experimental [-Wdeprecated-declarations]
  722 |         DOCA_LOG_DBG("DMAC=%s, SMAC=%s, ether_type=0x%04x", dmac_buf, smac_buf, ethertype);
      |         ^~~~~~~~~~~~
In file included from /workspace/morpheus/_lib/src/doca/dpdk_utils.c:18:
/opt/mellanox/doca/include/doca_log.h:285:14: note: declared here
  285 | doca_error_t doca_log(uint32_t level, int source, int line, const char *format, ...) __attribute__ ((format (printf, 4, 5)));
      |              ^~~~~~~~
/workspace/morpheus/_lib/src/doca/dpdk_utils.c: In function 'print_ipv4_addr':
/workspace/morpheus/_lib/src/doca/dpdk_utils.c:748:9: warning: 'doca_log' is deprecated: Symbol is defined as experimental [-Wdeprecated-declarations]
  748 |         DOCA_LOG_DBG("DIP=%d.%d.%d.%d, SIP=%d.%d.%d.%d, %s",
      |         ^~~~~~~~~~~~
In file included from /workspace/morpheus/_lib/src/doca/dpdk_utils.c:18:
/opt/mellanox/doca/include/doca_log.h:285:14: note: declared here
  285 | doca_error_t doca_log(uint32_t level, int source, int line, const char *format, ...) __attribute__ ((format (printf, 4, 5)));
      |              ^~~~~~~~
/workspace/morpheus/_lib/src/doca/dpdk_utils.c: In function 'print_ipv6_addr':
/workspace/morpheus/_lib/src/doca/dpdk_utils.c:770:9: warning: 'doca_log' is deprecated: Symbol is defined as experimental [-Wdeprecated-declarations]
  770 |         DOCA_LOG_DBG("DIPv6="IPv6_BYTES_FMT", SIPv6="IPv6_BYTES_FMT", %s",
      |         ^~~~~~~~~~~~
In file included from /workspace/morpheus/_lib/src/doca/dpdk_utils.c:18:
/opt/mellanox/doca/include/doca_log.h:285:14: note: declared here
  285 | doca_error_t doca_log(uint32_t level, int source, int line, const char *format, ...) __attribute__ ((format (printf, 4, 5)));
      |              ^~~~~~~~
/workspace/morpheus/_lib/src/doca/dpdk_utils.c: In function 'print_l4_header':
/workspace/morpheus/_lib/src/doca/dpdk_utils.c:820:17: warning: 'doca_log' is deprecated: Symbol is defined as experimental [-Wdeprecated-declarations]
  820 |                 DOCA_LOG_DBG("UDP- DPORT %u, SPORT %u",
      |                 ^~~~~~~~~~~~
In file included from /workspace/morpheus/_lib/src/doca/dpdk_utils.c:18:
/opt/mellanox/doca/include/doca_log.h:285:14: note: declared here
  285 | doca_error_t doca_log(uint32_t level, int source, int line, const char *format, ...) __attribute__ ((format (printf, 4, 5)));
      |              ^~~~~~~~
/workspace/morpheus/_lib/src/doca/dpdk_utils.c:827:17: warning: 'doca_log' is deprecated: Symbol is defined as experimental [-Wdeprecated-declarations]
  827 |                 DOCA_LOG_DBG("TCP- DPORT %u, SPORT %u",
      |                 ^~~~~~~~~~~~
In file included from /workspace/morpheus/_lib/src/doca/dpdk_utils.c:18:
/opt/mellanox/doca/include/doca_log.h:285:14: note: declared here
  285 | doca_error_t doca_log(uint32_t level, int source, int line, const char *format, ...) __attribute__ ((format (printf, 4, 5)));
      |              ^~~~~~~~
/workspace/morpheus/_lib/src/doca/dpdk_utils.c:833:17: warning: 'doca_log' is deprecated: Symbol is defined as experimental [-Wdeprecated-declarations]
  833 |                 DOCA_LOG_DBG("Unsupported L4 protocol!");
      |                 ^~~~~~~~~~~~
In file included from /workspace/morpheus/_lib/src/doca/dpdk_utils.c:18:
/opt/mellanox/doca/include/doca_log.h:285:14: note: declared here
  285 | doca_error_t doca_log(uint32_t level, int source, int line, const char *format, ...) __attribute__ ((format (printf, 4, 5)));
      |              ^~~~~~~~
/workspace/morpheus/_lib/src/doca/dpdk_utils.c: In function 'dpdk_init':
/workspace/morpheus/_lib/src/doca/dpdk_utils.c:855:17: warning: 'doca_log' is deprecated: Symbol is defined as experimental [-Wdeprecated-declarations]
  855 |                 DOCA_LOG_ERR("EAL initialization failed");
      |                 ^~~~~~~~~~~~
In file included from /workspace/morpheus/_lib/src/doca/dpdk_utils.c:18:
/opt/mellanox/doca/include/doca_log.h:285:14: note: declared here
  285 | doca_error_t doca_log(uint32_t level, int source, int line, const char *format, ...) __attribute__ ((format (printf, 4, 5)));
      |              ^~~~~~~~
/workspace/morpheus/_lib/src/doca/dpdk_utils.c: In function 'dpdk_fini':
/workspace/morpheus/_lib/src/doca/dpdk_utils.c:868:17: warning: 'doca_log' is deprecated: Symbol is defined as experimental [-Wdeprecated-declarations]
  868 |                 DOCA_LOG_ERR("rte_eal_cleanup() failed, error=%d", result);
      |                 ^~~~~~~~~~~~
In file included from /workspace/morpheus/_lib/src/doca/dpdk_utils.c:18:
/opt/mellanox/doca/include/doca_log.h:285:14: note: declared here
  285 | doca_error_t doca_log(uint32_t level, int source, int line, const char *format, ...) __attribute__ ((format (printf, 4, 5)));
      |              ^~~~~~~~
/workspace/morpheus/_lib/src/doca/dpdk_utils.c:872:9: warning: 'doca_log' is deprecated: Symbol is defined as experimental [-Wdeprecated-declarations]
  872 |         DOCA_LOG_DBG("DPDK fini is done");
      |         ^~~~~~~~~~~~
In file included from /workspace/morpheus/_lib/src/doca/dpdk_utils.c:18:
/opt/mellanox/doca/include/doca_log.h:285:14: note: declared here
  285 | doca_error_t doca_log(uint32_t level, int source, int line, const char *format, ...) __attribute__ ((format (printf, 4, 5)));
      |              ^~~~~~~~
[200/209] Building C object morpheus/_lib/CMakeFiles/morpheus.dir/src/doca/samples/common.c.o
In file included from /workspace/morpheus/_lib/src/doca/samples/common.c:17:
/opt/mellanox/doca/include/doca_buf_inventory.h: In function 'doca_buf_inventory_buf_by_addr':
/opt/mellanox/doca/include/doca_buf_inventory.h:196:9: warning: 'doca_buf_inventory_buf_by_args' is deprecated: Symbol is defined as experimental [-Wdeprecated-declarations]
  196 |         return doca_buf_inventory_buf_by_args(inventory, mmap, addr, len, addr, 0, buf);
      |         ^~~~~~
/opt/mellanox/doca/include/doca_buf_inventory.h:167:14: note: declared here
  167 | doca_error_t doca_buf_inventory_buf_by_args(struct doca_buf_inventory *inventory, struct doca_mmap *mmap, void *addr,
      |              ^~~~~~~~~~~~~~~~~~~~~~~~~~~~~~
/opt/mellanox/doca/include/doca_buf_inventory.h: In function 'doca_buf_inventory_buf_by_data':
/opt/mellanox/doca/include/doca_buf_inventory.h:225:9: warning: 'doca_buf_inventory_buf_by_args' is deprecated: Symbol is defined as experimental [-Wdeprecated-declarations]
  225 |         return doca_buf_inventory_buf_by_args(inventory, mmap, data, data_len, data, data_len, buf);
      |         ^~~~~~
/opt/mellanox/doca/include/doca_buf_inventory.h:167:14: note: declared here
  167 | doca_error_t doca_buf_inventory_buf_by_args(struct doca_buf_inventory *inventory, struct doca_mmap *mmap, void *addr,
      |              ^~~~~~~~~~~~~~~~~~~~~~~~~~~~~~
/workspace/morpheus/_lib/src/doca/samples/common.c: In function 'DOCA_LOG_CTOR___FILE__':
/workspace/morpheus/_lib/src/doca/samples/common.c:28:1: warning: 'doca_log_source_register' is deprecated: Symbol is defined as experimental [-Wdeprecated-declarations]
   28 | DOCA_LOG_REGISTER(COMMON);
      | ^~~~~~~~~~~~~~~~~
In file included from /workspace/morpheus/_lib/src/doca/samples/common.c:21:
/opt/mellanox/doca/include/doca_log.h:169:14: note: declared here
  169 | doca_error_t doca_log_source_register(const char *source_name, int *source);
      |              ^~~~~~~~~~~~~~~~~~~~~~~~
/workspace/morpheus/_lib/src/doca/samples/common.c: In function 'DOCA_LOG_DTOR___FILE__':
/workspace/morpheus/_lib/src/doca/samples/common.c:28:1: warning: 'doca_log_source_destroy' is deprecated: Symbol is defined as experimental [-Wdeprecated-declarations]
   28 | DOCA_LOG_REGISTER(COMMON);
      | ^~~~~~~~~~~~~~~~~
In file included from /workspace/morpheus/_lib/src/doca/samples/common.c:21:
/opt/mellanox/doca/include/doca_log.h:184:14: note: declared here
  184 | doca_error_t doca_log_source_destroy(int source);
      |              ^~~~~~~~~~~~~~~~~~~~~~~
/workspace/morpheus/_lib/src/doca/samples/common.c: In function 'open_doca_device_with_pci':
/workspace/morpheus/_lib/src/doca/samples/common.c:44:9: warning: 'doca_devinfo_list_create' is deprecated: Symbol is defined as experimental [-Wdeprecated-declarations]
   44 |         res = doca_devinfo_list_create(&dev_list, &nb_devs);
      |         ^~~
In file included from /workspace/morpheus/_lib/include/morpheus/doca/samples/common.h:18,
                 from ../morpheus/_lib/src/doca/samples/common.c:14:
/opt/mellanox/doca/include/doca_dev.h:94:14: note: declared here
   94 | doca_error_t doca_devinfo_list_create(struct doca_devinfo ***dev_list, uint32_t *nb_devs);
      |              ^~~~~~~~~~~~~~~~~~~~~~~~
/workspace/morpheus/_lib/src/doca/samples/common.c:46:17: warning: 'doca_log' is deprecated: Symbol is defined as experimental [-Wdeprecated-declarations]
   46 |                 DOCA_LOG_ERR("Failed to load doca devices list. Doca_error value: %d", res);
      |                 ^~~~~~~~~~~~
In file included from /workspace/morpheus/_lib/src/doca/samples/common.c:21:
/opt/mellanox/doca/include/doca_log.h:285:14: note: declared here
  285 | doca_error_t doca_log(uint32_t level, int source, int line, const char *format, ...) __attribute__ ((format (printf, 4, 5)));
      |              ^~~~~~~~
/workspace/morpheus/_lib/src/doca/samples/common.c:52:17: warning: 'doca_devinfo_get_pci_addr' is deprecated: Symbol is defined as experimental [-Wdeprecated-declarations]
   52 |                 res = doca_devinfo_get_pci_addr(dev_list[i], &buf);
      |                 ^~~
In file included from /workspace/morpheus/_lib/include/morpheus/doca/samples/common.h:18,
                 from ../morpheus/_lib/src/doca/samples/common.c:14:
/opt/mellanox/doca/include/doca_dev.h:282:14: note: declared here
  282 | doca_error_t doca_devinfo_get_pci_addr(const struct doca_devinfo *devinfo, struct doca_pci_bdf *pci_addr);
      |              ^~~~~~~~~~~~~~~~~~~~~~~~~
/workspace/morpheus/_lib/src/doca/samples/common.c:59:25: warning: 'doca_dev_open' is deprecated: Symbol is defined as experimental [-Wdeprecated-declarations]
   59 |                         res = doca_dev_open(dev_list[i], retval);
      |                         ^~~
In file included from /workspace/morpheus/_lib/include/morpheus/doca/samples/common.h:18,
                 from ../morpheus/_lib/src/doca/samples/common.c:14:
/opt/mellanox/doca/include/doca_dev.h:178:14: note: declared here
  178 | doca_error_t doca_dev_open(struct doca_devinfo *devinfo, struct doca_dev **dev);
      |              ^~~~~~~~~~~~~
/workspace/morpheus/_lib/src/doca/samples/common.c:61:33: warning: 'doca_devinfo_list_destroy' is deprecated: Symbol is defined as experimental [-Wdeprecated-declarations]
   61 |                                 doca_devinfo_list_destroy(dev_list);
      |                                 ^~~~~~~~~~~~~~~~~~~~~~~~~
In file included from /workspace/morpheus/_lib/include/morpheus/doca/samples/common.h:18,
                 from ../morpheus/_lib/src/doca/samples/common.c:14:
/opt/mellanox/doca/include/doca_dev.h:111:14: note: declared here
  111 | doca_error_t doca_devinfo_list_destroy(struct doca_devinfo **dev_list);
      |              ^~~~~~~~~~~~~~~~~~~~~~~~~
/workspace/morpheus/_lib/src/doca/samples/common.c:67:9: warning: 'doca_log' is deprecated: Symbol is defined as experimental [-Wdeprecated-declarations]
   67 |         DOCA_LOG_ERR("Matching device not found.");
      |         ^~~~~~~~~~~~
In file included from /workspace/morpheus/_lib/src/doca/samples/common.c:21:
/opt/mellanox/doca/include/doca_log.h:285:14: note: declared here
  285 | doca_error_t doca_log(uint32_t level, int source, int line, const char *format, ...) __attribute__ ((format (printf, 4, 5)));
      |              ^~~~~~~~
/workspace/morpheus/_lib/src/doca/samples/common.c:70:9: warning: 'doca_devinfo_list_destroy' is deprecated: Symbol is defined as experimental [-Wdeprecated-declarations]
   70 |         doca_devinfo_list_destroy(dev_list);
      |         ^~~~~~~~~~~~~~~~~~~~~~~~~
In file included from /workspace/morpheus/_lib/include/morpheus/doca/samples/common.h:18,
                 from ../morpheus/_lib/src/doca/samples/common.c:14:
/opt/mellanox/doca/include/doca_dev.h:111:14: note: declared here
  111 | doca_error_t doca_devinfo_list_destroy(struct doca_devinfo **dev_list);
      |              ^~~~~~~~~~~~~~~~~~~~~~~~~
/workspace/morpheus/_lib/src/doca/samples/common.c: In function 'open_doca_device_with_ibdev_name':
/workspace/morpheus/_lib/src/doca/samples/common.c:90:17: warning: 'doca_log' is deprecated: Symbol is defined as experimental [-Wdeprecated-declarations]
   90 |                 DOCA_LOG_ERR("Value size too large. Failed to locate device.");
      |                 ^~~~~~~~~~~~
In file included from /workspace/morpheus/_lib/src/doca/samples/common.c:21:
/opt/mellanox/doca/include/doca_log.h:285:14: note: declared here
  285 | doca_error_t doca_log(uint32_t level, int source, int line, const char *format, ...) __attribute__ ((format (printf, 4, 5)));
      |              ^~~~~~~~
/workspace/morpheus/_lib/src/doca/samples/common.c:95:9: warning: 'doca_devinfo_list_create' is deprecated: Symbol is defined as experimental [-Wdeprecated-declarations]
   95 |         res = doca_devinfo_list_create(&dev_list, &nb_devs);
      |         ^~~
In file included from /workspace/morpheus/_lib/include/morpheus/doca/samples/common.h:18,
                 from ../morpheus/_lib/src/doca/samples/common.c:14:
/opt/mellanox/doca/include/doca_dev.h:94:14: note: declared here
   94 | doca_error_t doca_devinfo_list_create(struct doca_devinfo ***dev_list, uint32_t *nb_devs);
      |              ^~~~~~~~~~~~~~~~~~~~~~~~
/workspace/morpheus/_lib/src/doca/samples/common.c:97:17: warning: 'doca_log' is deprecated: Symbol is defined as experimental [-Wdeprecated-declarations]
   97 |                 DOCA_LOG_ERR("Failed to load doca devices list. Doca_error value: %d", res);
      |                 ^~~~~~~~~~~~
In file included from /workspace/morpheus/_lib/src/doca/samples/common.c:21:
/opt/mellanox/doca/include/doca_log.h:285:14: note: declared here
  285 | doca_error_t doca_log(uint32_t level, int source, int line, const char *format, ...) __attribute__ ((format (printf, 4, 5)));
      |              ^~~~~~~~
/workspace/morpheus/_lib/src/doca/samples/common.c:103:17: warning: 'doca_devinfo_get_ibdev_name' is deprecated: Symbol is defined as experimental [-Wdeprecated-declarations]
  103 |                 res = doca_devinfo_get_ibdev_name(dev_list[i], buf, DOCA_DEVINFO_IBDEV_NAME_SIZE);
      |                 ^~~
In file included from /workspace/morpheus/_lib/include/morpheus/doca/samples/common.h:18,
                 from ../morpheus/_lib/src/doca/samples/common.c:14:
/opt/mellanox/doca/include/doca_dev.h:371:14: note: declared here
  371 | doca_error_t doca_devinfo_get_ibdev_name(const struct doca_devinfo *devinfo,
      |              ^~~~~~~~~~~~~~~~~~~~~~~~~~~
/workspace/morpheus/_lib/src/doca/samples/common.c:110:25: warning: 'doca_dev_open' is deprecated: Symbol is defined as experimental [-Wdeprecated-declarations]
  110 |                         res = doca_dev_open(dev_list[i], retval);
      |                         ^~~
In file included from /workspace/morpheus/_lib/include/morpheus/doca/samples/common.h:18,
                 from ../morpheus/_lib/src/doca/samples/common.c:14:
/opt/mellanox/doca/include/doca_dev.h:178:14: note: declared here
  178 | doca_error_t doca_dev_open(struct doca_devinfo *devinfo, struct doca_dev **dev);
      |              ^~~~~~~~~~~~~
/workspace/morpheus/_lib/src/doca/samples/common.c:112:33: warning: 'doca_devinfo_list_destroy' is deprecated: Symbol is defined as experimental [-Wdeprecated-declarations]
  112 |                                 doca_devinfo_list_destroy(dev_list);
      |                                 ^~~~~~~~~~~~~~~~~~~~~~~~~
In file included from /workspace/morpheus/_lib/include/morpheus/doca/samples/common.h:18,
                 from ../morpheus/_lib/src/doca/samples/common.c:14:
/opt/mellanox/doca/include/doca_dev.h:111:14: note: declared here
  111 | doca_error_t doca_devinfo_list_destroy(struct doca_devinfo **dev_list);
      |              ^~~~~~~~~~~~~~~~~~~~~~~~~
/workspace/morpheus/_lib/src/doca/samples/common.c:118:9: warning: 'doca_log' is deprecated: Symbol is defined as experimental [-Wdeprecated-declarations]
  118 |         DOCA_LOG_ERR("Matching device not found.");
      |         ^~~~~~~~~~~~
In file included from /workspace/morpheus/_lib/src/doca/samples/common.c:21:
/opt/mellanox/doca/include/doca_log.h:285:14: note: declared here
  285 | doca_error_t doca_log(uint32_t level, int source, int line, const char *format, ...) __attribute__ ((format (printf, 4, 5)));
      |              ^~~~~~~~
/workspace/morpheus/_lib/src/doca/samples/common.c:121:9: warning: 'doca_devinfo_list_destroy' is deprecated: Symbol is defined as experimental [-Wdeprecated-declarations]
  121 |         doca_devinfo_list_destroy(dev_list);
      |         ^~~~~~~~~~~~~~~~~~~~~~~~~
In file included from /workspace/morpheus/_lib/include/morpheus/doca/samples/common.h:18,
                 from ../morpheus/_lib/src/doca/samples/common.c:14:
/opt/mellanox/doca/include/doca_dev.h:111:14: note: declared here
  111 | doca_error_t doca_devinfo_list_destroy(struct doca_devinfo **dev_list);
      |              ^~~~~~~~~~~~~~~~~~~~~~~~~
/workspace/morpheus/_lib/src/doca/samples/common.c: In function 'open_doca_device_with_capabilities':
/workspace/morpheus/_lib/src/doca/samples/common.c:136:9: warning: 'doca_devinfo_list_create' is deprecated: Symbol is defined as experimental [-Wdeprecated-declarations]
  136 |         result = doca_devinfo_list_create(&dev_list, &nb_devs);
      |         ^~~~~~
In file included from /workspace/morpheus/_lib/include/morpheus/doca/samples/common.h:18,
                 from ../morpheus/_lib/src/doca/samples/common.c:14:
/opt/mellanox/doca/include/doca_dev.h:94:14: note: declared here
   94 | doca_error_t doca_devinfo_list_create(struct doca_devinfo ***dev_list, uint32_t *nb_devs);
      |              ^~~~~~~~~~~~~~~~~~~~~~~~
/workspace/morpheus/_lib/src/doca/samples/common.c:138:17: warning: 'doca_log' is deprecated: Symbol is defined as experimental [-Wdeprecated-declarations]
  138 |                 DOCA_LOG_ERR("Failed to load doca devices list. Doca_error value: %d", result);
      |                 ^~~~~~~~~~~~
In file included from /workspace/morpheus/_lib/src/doca/samples/common.c:21:
/opt/mellanox/doca/include/doca_log.h:285:14: note: declared here
  285 | doca_error_t doca_log(uint32_t level, int source, int line, const char *format, ...) __attribute__ ((format (printf, 4, 5)));
      |              ^~~~~~~~
/workspace/morpheus/_lib/src/doca/samples/common.c:149:17: warning: 'doca_dev_open' is deprecated: Symbol is defined as experimental [-Wdeprecated-declarations]
  149 |                 if (doca_dev_open(dev_list[i], retval) == DOCA_SUCCESS) {
      |                 ^~
In file included from /workspace/morpheus/_lib/include/morpheus/doca/samples/common.h:18,
                 from ../morpheus/_lib/src/doca/samples/common.c:14:
/opt/mellanox/doca/include/doca_dev.h:178:14: note: declared here
  178 | doca_error_t doca_dev_open(struct doca_devinfo *devinfo, struct doca_dev **dev);
      |              ^~~~~~~~~~~~~
/workspace/morpheus/_lib/src/doca/samples/common.c:150:25: warning: 'doca_devinfo_list_destroy' is deprecated: Symbol is defined as experimental [-Wdeprecated-declarations]
  150 |                         doca_devinfo_list_destroy(dev_list);
      |                         ^~~~~~~~~~~~~~~~~~~~~~~~~
In file included from /workspace/morpheus/_lib/include/morpheus/doca/samples/common.h:18,
                 from ../morpheus/_lib/src/doca/samples/common.c:14:
/opt/mellanox/doca/include/doca_dev.h:111:14: note: declared here
  111 | doca_error_t doca_devinfo_list_destroy(struct doca_devinfo **dev_list);
      |              ^~~~~~~~~~~~~~~~~~~~~~~~~
/workspace/morpheus/_lib/src/doca/samples/common.c:155:9: warning: 'doca_log' is deprecated: Symbol is defined as experimental [-Wdeprecated-declarations]
  155 |         DOCA_LOG_ERR("Matching device not found.");
      |         ^~~~~~~~~~~~
In file included from /workspace/morpheus/_lib/src/doca/samples/common.c:21:
/opt/mellanox/doca/include/doca_log.h:285:14: note: declared here
  285 | doca_error_t doca_log(uint32_t level, int source, int line, const char *format, ...) __attribute__ ((format (printf, 4, 5)));
      |              ^~~~~~~~
/workspace/morpheus/_lib/src/doca/samples/common.c:156:9: warning: 'doca_devinfo_list_destroy' is deprecated: Symbol is defined as experimental [-Wdeprecated-declarations]
  156 |         doca_devinfo_list_destroy(dev_list);
      |         ^~~~~~~~~~~~~~~~~~~~~~~~~
In file included from /workspace/morpheus/_lib/include/morpheus/doca/samples/common.h:18,
                 from ../morpheus/_lib/src/doca/samples/common.c:14:
/opt/mellanox/doca/include/doca_dev.h:111:14: note: declared here
  111 | doca_error_t doca_devinfo_list_destroy(struct doca_devinfo **dev_list);
      |              ^~~~~~~~~~~~~~~~~~~~~~~~~
/workspace/morpheus/_lib/src/doca/samples/common.c: In function 'open_doca_device_rep_with_vuid':
/workspace/morpheus/_lib/src/doca/samples/common.c:176:17: warning: 'doca_log' is deprecated: Symbol is defined as experimental [-Wdeprecated-declarations]
  176 |                 DOCA_LOG_ERR("Value size too large. Ignored.");
      |                 ^~~~~~~~~~~~
In file included from /workspace/morpheus/_lib/src/doca/samples/common.c:21:
/opt/mellanox/doca/include/doca_log.h:285:14: note: declared here
  285 | doca_error_t doca_log(uint32_t level, int source, int line, const char *format, ...) __attribute__ ((format (printf, 4, 5)));
      |              ^~~~~~~~
/workspace/morpheus/_lib/src/doca/samples/common.c:182:9: warning: 'doca_devinfo_rep_list_create' is deprecated: Symbol is defined as experimental [-Wdeprecated-declarations]
  182 |         result = doca_devinfo_rep_list_create(local, filter, &rep_dev_list, &nb_rdevs);
      |         ^~~~~~
In file included from /workspace/morpheus/_lib/include/morpheus/doca/samples/common.h:18,
                 from ../morpheus/_lib/src/doca/samples/common.c:14:
/opt/mellanox/doca/include/doca_dev.h:139:14: note: declared here
  139 | doca_error_t doca_devinfo_rep_list_create(struct doca_dev *dev, int filter,
      |              ^~~~~~~~~~~~~~~~~~~~~~~~~~~~
/workspace/morpheus/_lib/src/doca/samples/common.c:184:17: warning: 'doca_log' is deprecated: Symbol is defined as experimental [-Wdeprecated-declarations]
  184 |                 DOCA_LOG_ERR("Failed to create devinfo representor list. Representor devices are available only on DPU, do not run on Host.");
      |                 ^~~~~~~~~~~~
In file included from /workspace/morpheus/_lib/src/doca/samples/common.c:21:
/opt/mellanox/doca/include/doca_log.h:285:14: note: declared here
  285 | doca_error_t doca_log(uint32_t level, int source, int line, const char *format, ...) __attribute__ ((format (printf, 4, 5)));
      |              ^~~~~~~~
/workspace/morpheus/_lib/src/doca/samples/common.c:189:17: warning: 'doca_devinfo_rep_get_vuid' is deprecated: Symbol is defined as experimental [-Wdeprecated-declarations]
  189 |                 result = doca_devinfo_rep_get_vuid(rep_dev_list[i], buf, DOCA_DEVINFO_REP_VUID_SIZE);
      |                 ^~~~~~
In file included from /workspace/morpheus/_lib/include/morpheus/doca/samples/common.h:18,
                 from ../morpheus/_lib/src/doca/samples/common.c:14:
/opt/mellanox/doca/include/doca_dev.h:606:14: note: declared here
  606 | doca_error_t doca_devinfo_rep_get_vuid(const struct doca_devinfo_rep *devinfo_rep,
      |              ^~~~~~~~~~~~~~~~~~~~~~~~~
/workspace/morpheus/_lib/src/doca/samples/common.c:191:21: warning: 'doca_dev_rep_open' is deprecated: Symbol is defined as experimental [-Wdeprecated-declarations]
  191 |                     doca_dev_rep_open(rep_dev_list[i], retval) == DOCA_SUCCESS) {
      |                     ^~~~~~~~~~~~~~~~~
In file included from /workspace/morpheus/_lib/include/morpheus/doca/samples/common.h:18,
                 from ../morpheus/_lib/src/doca/samples/common.c:14:
/opt/mellanox/doca/include/doca_dev.h:208:14: note: declared here
  208 | doca_error_t doca_dev_rep_open(struct doca_devinfo_rep *devinfo, struct doca_dev_rep **dev_rep);
      |              ^~~~~~~~~~~~~~~~~
/workspace/morpheus/_lib/src/doca/samples/common.c:192:25: warning: 'doca_devinfo_rep_list_destroy' is deprecated: Symbol is defined as experimental [-Wdeprecated-declarations]
  192 |                         doca_devinfo_rep_list_destroy(rep_dev_list);
      |                         ^~~~~~~~~~~~~~~~~~~~~~~~~~~~~
In file included from /workspace/morpheus/_lib/include/morpheus/doca/samples/common.h:18,
                 from ../morpheus/_lib/src/doca/samples/common.c:14:
/opt/mellanox/doca/include/doca_dev.h:159:14: note: declared here
  159 | doca_error_t doca_devinfo_rep_list_destroy(struct doca_devinfo_rep **dev_list_rep);
      |              ^~~~~~~~~~~~~~~~~~~~~~~~~~~~~
/workspace/morpheus/_lib/src/doca/samples/common.c:197:9: warning: 'doca_log' is deprecated: Symbol is defined as experimental [-Wdeprecated-declarations]
  197 |         DOCA_LOG_ERR("Matching device not found.");
      |         ^~~~~~~~~~~~
In file included from /workspace/morpheus/_lib/src/doca/samples/common.c:21:
/opt/mellanox/doca/include/doca_log.h:285:14: note: declared here
  285 | doca_error_t doca_log(uint32_t level, int source, int line, const char *format, ...) __attribute__ ((format (printf, 4, 5)));
      |              ^~~~~~~~
/workspace/morpheus/_lib/src/doca/samples/common.c:198:9: warning: 'doca_devinfo_rep_list_destroy' is deprecated: Symbol is defined as experimental [-Wdeprecated-declarations]
  198 |         doca_devinfo_rep_list_destroy(rep_dev_list);
      |         ^~~~~~~~~~~~~~~~~~~~~~~~~~~~~
In file included from /workspace/morpheus/_lib/include/morpheus/doca/samples/common.h:18,
                 from ../morpheus/_lib/src/doca/samples/common.c:14:
/opt/mellanox/doca/include/doca_dev.h:159:14: note: declared here
  159 | doca_error_t doca_devinfo_rep_list_destroy(struct doca_devinfo_rep **dev_list_rep);
      |              ^~~~~~~~~~~~~~~~~~~~~~~~~~~~~
/workspace/morpheus/_lib/src/doca/samples/common.c: In function 'open_doca_device_rep_with_pci':
/workspace/morpheus/_lib/src/doca/samples/common.c:215:9: warning: 'doca_devinfo_rep_list_create' is deprecated: Symbol is defined as experimental [-Wdeprecated-declarations]
  215 |         result = doca_devinfo_rep_list_create(local, filter, &rep_dev_list, &nb_rdevs);
      |         ^~~~~~
In file included from /workspace/morpheus/_lib/include/morpheus/doca/samples/common.h:18,
                 from ../morpheus/_lib/src/doca/samples/common.c:14:
/opt/mellanox/doca/include/doca_dev.h:139:14: note: declared here
  139 | doca_error_t doca_devinfo_rep_list_create(struct doca_dev *dev, int filter,
      |              ^~~~~~~~~~~~~~~~~~~~~~~~~~~~
/workspace/morpheus/_lib/src/doca/samples/common.c:217:17: warning: 'doca_log' is deprecated: Symbol is defined as experimental [-Wdeprecated-declarations]
  217 |                 DOCA_LOG_ERR(
      |                 ^~~~~~~~~~~~
In file included from /workspace/morpheus/_lib/src/doca/samples/common.c:21:
/opt/mellanox/doca/include/doca_log.h:285:14: note: declared here
  285 | doca_error_t doca_log(uint32_t level, int source, int line, const char *format, ...) __attribute__ ((format (printf, 4, 5)));
      |              ^~~~~~~~
/workspace/morpheus/_lib/src/doca/samples/common.c:223:17: warning: 'doca_devinfo_rep_get_pci_addr' is deprecated: Symbol is defined as experimental [-Wdeprecated-declarations]
  223 |                 result = doca_devinfo_rep_get_pci_addr(rep_dev_list[i], &queried_pci_bdf);
      |                 ^~~~~~
In file included from /workspace/morpheus/_lib/include/morpheus/doca/samples/common.h:18,
                 from ../morpheus/_lib/src/doca/samples/common.c:14:
/opt/mellanox/doca/include/doca_dev.h:625:14: note: declared here
  625 | doca_error_t doca_devinfo_rep_get_pci_addr(const struct doca_devinfo_rep *devinfo_rep, struct doca_pci_bdf *pci_addr);
      |              ^~~~~~~~~~~~~~~~~~~~~~~~~~~~~
/workspace/morpheus/_lib/src/doca/samples/common.c:225:21: warning: 'doca_dev_rep_open' is deprecated: Symbol is defined as experimental [-Wdeprecated-declarations]
  225 |                     doca_dev_rep_open(rep_dev_list[i], retval) == DOCA_SUCCESS) {
      |                     ^~~~~~~~~~~~~~~~~
In file included from /workspace/morpheus/_lib/include/morpheus/doca/samples/common.h:18,
                 from ../morpheus/_lib/src/doca/samples/common.c:14:
/opt/mellanox/doca/include/doca_dev.h:208:14: note: declared here
  208 | doca_error_t doca_dev_rep_open(struct doca_devinfo_rep *devinfo, struct doca_dev_rep **dev_rep);
      |              ^~~~~~~~~~~~~~~~~
/workspace/morpheus/_lib/src/doca/samples/common.c:226:25: warning: 'doca_devinfo_rep_list_destroy' is deprecated: Symbol is defined as experimental [-Wdeprecated-declarations]
  226 |                         doca_devinfo_rep_list_destroy(rep_dev_list);
      |                         ^~~~~~~~~~~~~~~~~~~~~~~~~~~~~
In file included from /workspace/morpheus/_lib/include/morpheus/doca/samples/common.h:18,
                 from ../morpheus/_lib/src/doca/samples/common.c:14:
/opt/mellanox/doca/include/doca_dev.h:159:14: note: declared here
  159 | doca_error_t doca_devinfo_rep_list_destroy(struct doca_devinfo_rep **dev_list_rep);
      |              ^~~~~~~~~~~~~~~~~~~~~~~~~~~~~
/workspace/morpheus/_lib/src/doca/samples/common.c:231:9: warning: 'doca_log' is deprecated: Symbol is defined as experimental [-Wdeprecated-declarations]
  231 |         DOCA_LOG_ERR("Matching device not found.");
      |         ^~~~~~~~~~~~
In file included from /workspace/morpheus/_lib/src/doca/samples/common.c:21:
/opt/mellanox/doca/include/doca_log.h:285:14: note: declared here
  285 | doca_error_t doca_log(uint32_t level, int source, int line, const char *format, ...) __attribute__ ((format (printf, 4, 5)));
      |              ^~~~~~~~
/workspace/morpheus/_lib/src/doca/samples/common.c:232:9: warning: 'doca_devinfo_rep_list_destroy' is deprecated: Symbol is defined as experimental [-Wdeprecated-declarations]
  232 |         doca_devinfo_rep_list_destroy(rep_dev_list);
      |         ^~~~~~~~~~~~~~~~~~~~~~~~~~~~~
In file included from /workspace/morpheus/_lib/include/morpheus/doca/samples/common.h:18,
                 from ../morpheus/_lib/src/doca/samples/common.c:14:
/opt/mellanox/doca/include/doca_dev.h:159:14: note: declared here
  159 | doca_error_t doca_devinfo_rep_list_destroy(struct doca_devinfo_rep **dev_list_rep);
      |              ^~~~~~~~~~~~~~~~~~~~~~~~~~~~~
/workspace/morpheus/_lib/src/doca/samples/common.c: In function 'init_core_objects':
/workspace/morpheus/_lib/src/doca/samples/common.c:242:9: warning: 'doca_mmap_create' is deprecated: Symbol is defined as experimental [-Wdeprecated-declarations]
  242 |         res = doca_mmap_create(NULL, &state->mmap);
      |         ^~~
In file included from /opt/mellanox/doca/include/doca_buf_inventory.h:34,
                 from ../morpheus/_lib/src/doca/samples/common.c:17:
/opt/mellanox/doca/include/doca_mmap.h:90:14: note: declared here
   90 | doca_error_t doca_mmap_create(const union doca_data *user_data, struct doca_mmap **mmap);
      |              ^~~~~~~~~~~~~~~~
/workspace/morpheus/_lib/src/doca/samples/common.c:244:17: warning: 'doca_log' is deprecated: Symbol is defined as experimental [-Wdeprecated-declarations]
  244 |                 DOCA_LOG_ERR("Unable to create mmap: %s", doca_get_error_string(res));
      |                 ^~~~~~~~~~~~
In file included from /workspace/morpheus/_lib/src/doca/samples/common.c:21:
/opt/mellanox/doca/include/doca_log.h:285:14: note: declared here
  285 | doca_error_t doca_log(uint32_t level, int source, int line, const char *format, ...) __attribute__ ((format (printf, 4, 5)));
      |              ^~~~~~~~
/workspace/morpheus/_lib/src/doca/samples/common.c:244:17: warning: 'doca_get_error_string' is deprecated: Symbol is defined as experimental [-Wdeprecated-declarations]
  244 |                 DOCA_LOG_ERR("Unable to create mmap: %s", doca_get_error_string(res));
      |                 ^~~~~~~~~~~~
In file included from /workspace/morpheus/_lib/include/morpheus/doca/samples/common.h:17,
                 from ../morpheus/_lib/src/doca/samples/common.c:14:
/opt/mellanox/doca/include/doca_error.h:95:13: note: declared here
   95 | const char *doca_get_error_string(doca_error_t error);
      |             ^~~~~~~~~~~~~~~~~~~~~
/workspace/morpheus/_lib/src/doca/samples/common.c:248:9: warning: 'doca_buf_inventory_create' is deprecated: Symbol is defined as experimental [-Wdeprecated-declarations]
  248 |         res = doca_buf_inventory_create(NULL, max_chunks, extensions, &state->buf_inv);
      |         ^~~
In file included from /workspace/morpheus/_lib/src/doca/samples/common.c:17:
/opt/mellanox/doca/include/doca_buf_inventory.h:73:14: note: declared here
   73 | doca_error_t doca_buf_inventory_create(const union doca_data *user_data, size_t num_elements, uint32_t extensions,
      |              ^~~~~~~~~~~~~~~~~~~~~~~~~
/workspace/morpheus/_lib/src/doca/samples/common.c:250:17: warning: 'doca_log' is deprecated: Symbol is defined as experimental [-Wdeprecated-declarations]
  250 |                 DOCA_LOG_ERR("Unable to create buffer inventory: %s", doca_get_error_string(res));
      |                 ^~~~~~~~~~~~
In file included from /workspace/morpheus/_lib/src/doca/samples/common.c:21:
/opt/mellanox/doca/include/doca_log.h:285:14: note: declared here
  285 | doca_error_t doca_log(uint32_t level, int source, int line, const char *format, ...) __attribute__ ((format (printf, 4, 5)));
      |              ^~~~~~~~
/workspace/morpheus/_lib/src/doca/samples/common.c:250:17: warning: 'doca_get_error_string' is deprecated: Symbol is defined as experimental [-Wdeprecated-declarations]
  250 |                 DOCA_LOG_ERR("Unable to create buffer inventory: %s", doca_get_error_string(res));
      |                 ^~~~~~~~~~~~
In file included from /workspace/morpheus/_lib/include/morpheus/doca/samples/common.h:17,
                 from ../morpheus/_lib/src/doca/samples/common.c:14:
/opt/mellanox/doca/include/doca_error.h:95:13: note: declared here
   95 | const char *doca_get_error_string(doca_error_t error);
      |             ^~~~~~~~~~~~~~~~~~~~~
/workspace/morpheus/_lib/src/doca/samples/common.c:254:9: warning: 'doca_mmap_set_max_num_chunks' is deprecated: Symbol is defined as experimental [-Wdeprecated-declarations]
  254 |         res = doca_mmap_set_max_num_chunks(state->mmap, max_chunks);
      |         ^~~
In file included from /opt/mellanox/doca/include/doca_buf_inventory.h:34,
                 from ../morpheus/_lib/src/doca/samples/common.c:17:
/opt/mellanox/doca/include/doca_mmap.h:455:14: note: declared here
  455 | doca_error_t doca_mmap_set_max_num_chunks(struct doca_mmap *mmap, uint32_t max_num_chunks);
      |              ^~~~~~~~~~~~~~~~~~~~~~~~~~~~
/workspace/morpheus/_lib/src/doca/samples/common.c:256:17: warning: 'doca_log' is deprecated: Symbol is defined as experimental [-Wdeprecated-declarations]
  256 |                 DOCA_LOG_ERR("Unable to set memory map nb chunks: %s", doca_get_error_string(res));
      |                 ^~~~~~~~~~~~
In file included from /workspace/morpheus/_lib/src/doca/samples/common.c:21:
/opt/mellanox/doca/include/doca_log.h:285:14: note: declared here
  285 | doca_error_t doca_log(uint32_t level, int source, int line, const char *format, ...) __attribute__ ((format (printf, 4, 5)));
      |              ^~~~~~~~
/workspace/morpheus/_lib/src/doca/samples/common.c:256:17: warning: 'doca_get_error_string' is deprecated: Symbol is defined as experimental [-Wdeprecated-declarations]
  256 |                 DOCA_LOG_ERR("Unable to set memory map nb chunks: %s", doca_get_error_string(res));
      |                 ^~~~~~~~~~~~
In file included from /workspace/morpheus/_lib/include/morpheus/doca/samples/common.h:17,
                 from ../morpheus/_lib/src/doca/samples/common.c:14:
/opt/mellanox/doca/include/doca_error.h:95:13: note: declared here
   95 | const char *doca_get_error_string(doca_error_t error);
      |             ^~~~~~~~~~~~~~~~~~~~~
/workspace/morpheus/_lib/src/doca/samples/common.c:260:9: warning: 'doca_mmap_start' is deprecated: Symbol is defined as experimental [-Wdeprecated-declarations]
  260 |         res = doca_mmap_start(state->mmap);
      |         ^~~
In file included from /opt/mellanox/doca/include/doca_buf_inventory.h:34,
                 from ../morpheus/_lib/src/doca/samples/common.c:17:
/opt/mellanox/doca/include/doca_mmap.h:137:14: note: declared here
  137 | doca_error_t doca_mmap_start(struct doca_mmap *mmap);
      |              ^~~~~~~~~~~~~~~
/workspace/morpheus/_lib/src/doca/samples/common.c:262:17: warning: 'doca_log' is deprecated: Symbol is defined as experimental [-Wdeprecated-declarations]
  262 |                 DOCA_LOG_ERR("Unable to start memory map: %s", doca_get_error_string(res));
      |                 ^~~~~~~~~~~~
In file included from /workspace/morpheus/_lib/src/doca/samples/common.c:21:
/opt/mellanox/doca/include/doca_log.h:285:14: note: declared here
  285 | doca_error_t doca_log(uint32_t level, int source, int line, const char *format, ...) __attribute__ ((format (printf, 4, 5)));
      |              ^~~~~~~~
/workspace/morpheus/_lib/src/doca/samples/common.c:262:17: warning: 'doca_get_error_string' is deprecated: Symbol is defined as experimental [-Wdeprecated-declarations]
  262 |                 DOCA_LOG_ERR("Unable to start memory map: %s", doca_get_error_string(res));
      |                 ^~~~~~~~~~~~
In file included from /workspace/morpheus/_lib/include/morpheus/doca/samples/common.h:17,
                 from ../morpheus/_lib/src/doca/samples/common.c:14:
/opt/mellanox/doca/include/doca_error.h:95:13: note: declared here
   95 | const char *doca_get_error_string(doca_error_t error);
      |             ^~~~~~~~~~~~~~~~~~~~~
/workspace/morpheus/_lib/src/doca/samples/common.c:263:17: warning: 'doca_mmap_destroy' is deprecated: Symbol is defined as experimental [-Wdeprecated-declarations]
  263 |                 doca_mmap_destroy(state->mmap);
      |                 ^~~~~~~~~~~~~~~~~
In file included from /opt/mellanox/doca/include/doca_buf_inventory.h:34,
                 from ../morpheus/_lib/src/doca/samples/common.c:17:
/opt/mellanox/doca/include/doca_mmap.h:108:14: note: declared here
  108 | doca_error_t doca_mmap_destroy(struct doca_mmap *mmap);
      |              ^~~~~~~~~~~~~~~~~
/workspace/morpheus/_lib/src/doca/samples/common.c:268:9: warning: 'doca_mmap_dev_add' is deprecated: Symbol is defined as experimental [-Wdeprecated-declarations]
  268 |         res = doca_mmap_dev_add(state->mmap, state->dev);
      |         ^~~
In file included from /opt/mellanox/doca/include/doca_buf_inventory.h:34,
                 from ../morpheus/_lib/src/doca/samples/common.c:17:
/opt/mellanox/doca/include/doca_mmap.h:178:14: note: declared here
  178 | doca_error_t doca_mmap_dev_add(struct doca_mmap *mmap, struct doca_dev *dev);
      |              ^~~~~~~~~~~~~~~~~
/workspace/morpheus/_lib/src/doca/samples/common.c:270:17: warning: 'doca_log' is deprecated: Symbol is defined as experimental [-Wdeprecated-declarations]
  270 |                 DOCA_LOG_ERR("Unable to add device to mmap: %s", doca_get_error_string(res));
      |                 ^~~~~~~~~~~~
In file included from /workspace/morpheus/_lib/src/doca/samples/common.c:21:
/opt/mellanox/doca/include/doca_log.h:285:14: note: declared here
  285 | doca_error_t doca_log(uint32_t level, int source, int line, const char *format, ...) __attribute__ ((format (printf, 4, 5)));
      |              ^~~~~~~~
/workspace/morpheus/_lib/src/doca/samples/common.c:270:17: warning: 'doca_get_error_string' is deprecated: Symbol is defined as experimental [-Wdeprecated-declarations]
  270 |                 DOCA_LOG_ERR("Unable to add device to mmap: %s", doca_get_error_string(res));
      |                 ^~~~~~~~~~~~
In file included from /workspace/morpheus/_lib/include/morpheus/doca/samples/common.h:17,
                 from ../morpheus/_lib/src/doca/samples/common.c:14:
/opt/mellanox/doca/include/doca_error.h:95:13: note: declared here
   95 | const char *doca_get_error_string(doca_error_t error);
      |             ^~~~~~~~~~~~~~~~~~~~~
/workspace/morpheus/_lib/src/doca/samples/common.c:271:17: warning: 'doca_mmap_destroy' is deprecated: Symbol is defined as experimental [-Wdeprecated-declarations]
  271 |                 doca_mmap_destroy(state->mmap);
      |                 ^~~~~~~~~~~~~~~~~
In file included from /opt/mellanox/doca/include/doca_buf_inventory.h:34,
                 from ../morpheus/_lib/src/doca/samples/common.c:17:
/opt/mellanox/doca/include/doca_mmap.h:108:14: note: declared here
  108 | doca_error_t doca_mmap_destroy(struct doca_mmap *mmap);
      |              ^~~~~~~~~~~~~~~~~
/workspace/morpheus/_lib/src/doca/samples/common.c:276:9: warning: 'doca_buf_inventory_start' is deprecated: Symbol is defined as experimental [-Wdeprecated-declarations]
  276 |         res = doca_buf_inventory_start(state->buf_inv);
      |         ^~~
In file included from /workspace/morpheus/_lib/src/doca/samples/common.c:17:
/opt/mellanox/doca/include/doca_buf_inventory.h:115:14: note: declared here
  115 | doca_error_t doca_buf_inventory_start(struct doca_buf_inventory *inventory);
      |              ^~~~~~~~~~~~~~~~~~~~~~~~
/workspace/morpheus/_lib/src/doca/samples/common.c:278:17: warning: 'doca_log' is deprecated: Symbol is defined as experimental [-Wdeprecated-declarations]
  278 |                 DOCA_LOG_ERR("Unable to start buffer inventory: %s", doca_get_error_string(res));
      |                 ^~~~~~~~~~~~
In file included from /workspace/morpheus/_lib/src/doca/samples/common.c:21:
/opt/mellanox/doca/include/doca_log.h:285:14: note: declared here
  285 | doca_error_t doca_log(uint32_t level, int source, int line, const char *format, ...) __attribute__ ((format (printf, 4, 5)));
      |              ^~~~~~~~
/workspace/morpheus/_lib/src/doca/samples/common.c:278:17: warning: 'doca_get_error_string' is deprecated: Symbol is defined as experimental [-Wdeprecated-declarations]
  278 |                 DOCA_LOG_ERR("Unable to start buffer inventory: %s", doca_get_error_string(res));
      |                 ^~~~~~~~~~~~
In file included from /workspace/morpheus/_lib/include/morpheus/doca/samples/common.h:17,
                 from ../morpheus/_lib/src/doca/samples/common.c:14:
/opt/mellanox/doca/include/doca_error.h:95:13: note: declared here
   95 | const char *doca_get_error_string(doca_error_t error);
      |             ^~~~~~~~~~~~~~~~~~~~~
/workspace/morpheus/_lib/src/doca/samples/common.c:282:9: warning: 'doca_ctx_dev_add' is deprecated: Symbol is defined as experimental [-Wdeprecated-declarations]
  282 |         res = doca_ctx_dev_add(state->ctx, state->dev);
      |         ^~~
In file included from /workspace/morpheus/_lib/src/doca/samples/common.c:18:
/opt/mellanox/doca/include/doca_ctx.h:383:14: note: declared here
  383 | doca_error_t doca_ctx_dev_add(struct doca_ctx *ctx, struct doca_dev *dev);
      |              ^~~~~~~~~~~~~~~~
/workspace/morpheus/_lib/src/doca/samples/common.c:284:17: warning: 'doca_log' is deprecated: Symbol is defined as experimental [-Wdeprecated-declarations]
  284 |                 DOCA_LOG_ERR("Unable to register device with lib context: %s", doca_get_error_string(res));
      |                 ^~~~~~~~~~~~
In file included from /workspace/morpheus/_lib/src/doca/samples/common.c:21:
/opt/mellanox/doca/include/doca_log.h:285:14: note: declared here
  285 | doca_error_t doca_log(uint32_t level, int source, int line, const char *format, ...) __attribute__ ((format (printf, 4, 5)));
      |              ^~~~~~~~
/workspace/morpheus/_lib/src/doca/samples/common.c:284:17: warning: 'doca_get_error_string' is deprecated: Symbol is defined as experimental [-Wdeprecated-declarations]
  284 |                 DOCA_LOG_ERR("Unable to register device with lib context: %s", doca_get_error_string(res));
      |                 ^~~~~~~~~~~~
In file included from /workspace/morpheus/_lib/include/morpheus/doca/samples/common.h:17,
                 from ../morpheus/_lib/src/doca/samples/common.c:14:
/opt/mellanox/doca/include/doca_error.h:95:13: note: declared here
   95 | const char *doca_get_error_string(doca_error_t error);
      |             ^~~~~~~~~~~~~~~~~~~~~
/workspace/morpheus/_lib/src/doca/samples/common.c:289:9: warning: 'doca_ctx_start' is deprecated: Symbol is defined as experimental [-Wdeprecated-declarations]
  289 |         res = doca_ctx_start(state->ctx);
      |         ^~~
In file included from /workspace/morpheus/_lib/src/doca/samples/common.c:18:
/opt/mellanox/doca/include/doca_ctx.h:430:14: note: declared here
  430 | doca_error_t doca_ctx_start(struct doca_ctx *ctx);
      |              ^~~~~~~~~~~~~~
/workspace/morpheus/_lib/src/doca/samples/common.c:291:17: warning: 'doca_log' is deprecated: Symbol is defined as experimental [-Wdeprecated-declarations]
  291 |                 DOCA_LOG_ERR("Unable to start lib context: %s", doca_get_error_string(res));
      |                 ^~~~~~~~~~~~
In file included from /workspace/morpheus/_lib/src/doca/samples/common.c:21:
/opt/mellanox/doca/include/doca_log.h:285:14: note: declared here
  285 | doca_error_t doca_log(uint32_t level, int source, int line, const char *format, ...) __attribute__ ((format (printf, 4, 5)));
      |              ^~~~~~~~
/workspace/morpheus/_lib/src/doca/samples/common.c:291:17: warning: 'doca_get_error_string' is deprecated: Symbol is defined as experimental [-Wdeprecated-declarations]
  291 |                 DOCA_LOG_ERR("Unable to start lib context: %s", doca_get_error_string(res));
      |                 ^~~~~~~~~~~~
In file included from /workspace/morpheus/_lib/include/morpheus/doca/samples/common.h:17,
                 from ../morpheus/_lib/src/doca/samples/common.c:14:
/opt/mellanox/doca/include/doca_error.h:95:13: note: declared here
   95 | const char *doca_get_error_string(doca_error_t error);
      |             ^~~~~~~~~~~~~~~~~~~~~
/workspace/morpheus/_lib/src/doca/samples/common.c:292:17: warning: 'doca_ctx_dev_rm' is deprecated: Symbol is defined as experimental [-Wdeprecated-declarations]
  292 |                 doca_ctx_dev_rm(state->ctx, state->dev);
      |                 ^~~~~~~~~~~~~~~
In file included from /workspace/morpheus/_lib/src/doca/samples/common.c:18:
/opt/mellanox/doca/include/doca_ctx.h:401:14: note: declared here
  401 | doca_error_t doca_ctx_dev_rm(struct doca_ctx *ctx, struct doca_dev *dev);
      |              ^~~~~~~~~~~~~~~
/workspace/morpheus/_lib/src/doca/samples/common.c:297:9: warning: 'doca_workq_create' is deprecated: Symbol is defined as experimental [-Wdeprecated-declarations]
  297 |         res = doca_workq_create(workq_depth, &workq);
      |         ^~~
In file included from /workspace/morpheus/_lib/src/doca/samples/common.c:18:
/opt/mellanox/doca/include/doca_ctx.h:147:14: note: declared here
  147 | doca_error_t doca_workq_create(uint32_t depth, struct doca_workq **workq);
      |              ^~~~~~~~~~~~~~~~~
/workspace/morpheus/_lib/src/doca/samples/common.c:299:17: warning: 'doca_log' is deprecated: Symbol is defined as experimental [-Wdeprecated-declarations]
  299 |                 DOCA_LOG_ERR("Unable to create work queue: %s", doca_get_error_string(res));
      |                 ^~~~~~~~~~~~
In file included from /workspace/morpheus/_lib/src/doca/samples/common.c:21:
/opt/mellanox/doca/include/doca_log.h:285:14: note: declared here
  285 | doca_error_t doca_log(uint32_t level, int source, int line, const char *format, ...) __attribute__ ((format (printf, 4, 5)));
      |              ^~~~~~~~
/workspace/morpheus/_lib/src/doca/samples/common.c:299:17: warning: 'doca_get_error_string' is deprecated: Symbol is defined as experimental [-Wdeprecated-declarations]
  299 |                 DOCA_LOG_ERR("Unable to create work queue: %s", doca_get_error_string(res));
      |                 ^~~~~~~~~~~~
In file included from /workspace/morpheus/_lib/include/morpheus/doca/samples/common.h:17,
                 from ../morpheus/_lib/src/doca/samples/common.c:14:
/opt/mellanox/doca/include/doca_error.h:95:13: note: declared here
   95 | const char *doca_get_error_string(doca_error_t error);
      |             ^~~~~~~~~~~~~~~~~~~~~
/workspace/morpheus/_lib/src/doca/samples/common.c:303:9: warning: 'doca_ctx_workq_add' is deprecated: Symbol is defined as experimental [-Wdeprecated-declarations]
  303 |         res = doca_ctx_workq_add(state->ctx, workq);
      |         ^~~
In file included from /workspace/morpheus/_lib/src/doca/samples/common.c:18:
/opt/mellanox/doca/include/doca_ctx.h:474:14: note: declared here
  474 | doca_error_t doca_ctx_workq_add(struct doca_ctx *ctx, struct doca_workq *workq);
      |              ^~~~~~~~~~~~~~~~~~
/workspace/morpheus/_lib/src/doca/samples/common.c:305:17: warning: 'doca_log' is deprecated: Symbol is defined as experimental [-Wdeprecated-declarations]
  305 |                 DOCA_LOG_ERR("Unable to register work queue with context: %s", doca_get_error_string(res));
      |                 ^~~~~~~~~~~~
In file included from /workspace/morpheus/_lib/src/doca/samples/common.c:21:
/opt/mellanox/doca/include/doca_log.h:285:14: note: declared here
  285 | doca_error_t doca_log(uint32_t level, int source, int line, const char *format, ...) __attribute__ ((format (printf, 4, 5)));
      |              ^~~~~~~~
/workspace/morpheus/_lib/src/doca/samples/common.c:305:17: warning: 'doca_get_error_string' is deprecated: Symbol is defined as experimental [-Wdeprecated-declarations]
  305 |                 DOCA_LOG_ERR("Unable to register work queue with context: %s", doca_get_error_string(res));
      |                 ^~~~~~~~~~~~
In file included from /workspace/morpheus/_lib/include/morpheus/doca/samples/common.h:17,
                 from ../morpheus/_lib/src/doca/samples/common.c:14:
/opt/mellanox/doca/include/doca_error.h:95:13: note: declared here
   95 | const char *doca_get_error_string(doca_error_t error);
      |             ^~~~~~~~~~~~~~~~~~~~~
/workspace/morpheus/_lib/src/doca/samples/common.c:306:17: warning: 'doca_workq_destroy' is deprecated: Symbol is defined as experimental [-Wdeprecated-declarations]
  306 |                 doca_workq_destroy(workq);
      |                 ^~~~~~~~~~~~~~~~~~
In file included from /workspace/morpheus/_lib/src/doca/samples/common.c:18:
/opt/mellanox/doca/include/doca_ctx.h:164:14: note: declared here
  164 | doca_error_t doca_workq_destroy(struct doca_workq *workq);
      |              ^~~~~~~~~~~~~~~~~~
/workspace/morpheus/_lib/src/doca/samples/common.c: In function 'destroy_core_objects':
/workspace/morpheus/_lib/src/doca/samples/common.c:320:17: warning: 'doca_ctx_workq_rm' is deprecated: Symbol is defined as experimental [-Wdeprecated-declarations]
  320 |                 tmp_result = doca_ctx_workq_rm(state->ctx, state->workq);
      |                 ^~~~~~~~~~
In file included from /workspace/morpheus/_lib/src/doca/samples/common.c:18:
/opt/mellanox/doca/include/doca_ctx.h:496:14: note: declared here
  496 | doca_error_t doca_ctx_workq_rm(struct doca_ctx *ctx, struct doca_workq *workq);
      |              ^~~~~~~~~~~~~~~~~
/workspace/morpheus/_lib/src/doca/samples/common.c:323:25: warning: 'doca_log' is deprecated: Symbol is defined as experimental [-Wdeprecated-declarations]
  323 |                         DOCA_LOG_ERR("Failed to remove work queue from ctx: %s", doca_get_error_string(tmp_result));
      |                         ^~~~~~~~~~~~
In file included from /workspace/morpheus/_lib/src/doca/samples/common.c:21:
/opt/mellanox/doca/include/doca_log.h:285:14: note: declared here
  285 | doca_error_t doca_log(uint32_t level, int source, int line, const char *format, ...) __attribute__ ((format (printf, 4, 5)));
      |              ^~~~~~~~
/workspace/morpheus/_lib/src/doca/samples/common.c:323:25: warning: 'doca_get_error_string' is deprecated: Symbol is defined as experimental [-Wdeprecated-declarations]
  323 |                         DOCA_LOG_ERR("Failed to remove work queue from ctx: %s", doca_get_error_string(tmp_result));
      |                         ^~~~~~~~~~~~
In file included from /workspace/morpheus/_lib/include/morpheus/doca/samples/common.h:17,
                 from ../morpheus/_lib/src/doca/samples/common.c:14:
/opt/mellanox/doca/include/doca_error.h:95:13: note: declared here
   95 | const char *doca_get_error_string(doca_error_t error);
      |             ^~~~~~~~~~~~~~~~~~~~~
/workspace/morpheus/_lib/src/doca/samples/common.c:326:17: warning: 'doca_workq_destroy' is deprecated: Symbol is defined as experimental [-Wdeprecated-declarations]
  326 |                 tmp_result = doca_workq_destroy(state->workq);
      |                 ^~~~~~~~~~
In file included from /workspace/morpheus/_lib/src/doca/samples/common.c:18:
/opt/mellanox/doca/include/doca_ctx.h:164:14: note: declared here
  164 | doca_error_t doca_workq_destroy(struct doca_workq *workq);
      |              ^~~~~~~~~~~~~~~~~~
/workspace/morpheus/_lib/src/doca/samples/common.c:329:25: warning: 'doca_log' is deprecated: Symbol is defined as experimental [-Wdeprecated-declarations]
  329 |                         DOCA_LOG_ERR("Failed to destroy work queue: %s", doca_get_error_string(tmp_result));
      |                         ^~~~~~~~~~~~
In file included from /workspace/morpheus/_lib/src/doca/samples/common.c:21:
/opt/mellanox/doca/include/doca_log.h:285:14: note: declared here
  285 | doca_error_t doca_log(uint32_t level, int source, int line, const char *format, ...) __attribute__ ((format (printf, 4, 5)));
      |              ^~~~~~~~
/workspace/morpheus/_lib/src/doca/samples/common.c:329:25: warning: 'doca_get_error_string' is deprecated: Symbol is defined as experimental [-Wdeprecated-declarations]
  329 |                         DOCA_LOG_ERR("Failed to destroy work queue: %s", doca_get_error_string(tmp_result));
      |                         ^~~~~~~~~~~~
In file included from /workspace/morpheus/_lib/include/morpheus/doca/samples/common.h:17,
                 from ../morpheus/_lib/src/doca/samples/common.c:14:
/opt/mellanox/doca/include/doca_error.h:95:13: note: declared here
   95 | const char *doca_get_error_string(doca_error_t error);
      |             ^~~~~~~~~~~~~~~~~~~~~
/workspace/morpheus/_lib/src/doca/samples/common.c:335:17: warning: 'doca_buf_inventory_destroy' is deprecated: Symbol is defined as experimental [-Wdeprecated-declarations]
  335 |                 tmp_result = doca_buf_inventory_destroy(state->buf_inv);
      |                 ^~~~~~~~~~
In file included from /workspace/morpheus/_lib/src/doca/samples/common.c:17:
/opt/mellanox/doca/include/doca_buf_inventory.h:91:14: note: declared here
   91 | doca_error_t doca_buf_inventory_destroy(struct doca_buf_inventory *inventory);
      |              ^~~~~~~~~~~~~~~~~~~~~~~~~~
/workspace/morpheus/_lib/src/doca/samples/common.c:338:25: warning: 'doca_log' is deprecated: Symbol is defined as experimental [-Wdeprecated-declarations]
  338 |                         DOCA_LOG_ERR("Failed to destroy buf inventory: %s", doca_get_error_string(tmp_result));
      |                         ^~~~~~~~~~~~
In file included from /workspace/morpheus/_lib/src/doca/samples/common.c:21:
/opt/mellanox/doca/include/doca_log.h:285:14: note: declared here
  285 | doca_error_t doca_log(uint32_t level, int source, int line, const char *format, ...) __attribute__ ((format (printf, 4, 5)));
      |              ^~~~~~~~
/workspace/morpheus/_lib/src/doca/samples/common.c:338:25: warning: 'doca_get_error_string' is deprecated: Symbol is defined as experimental [-Wdeprecated-declarations]
  338 |                         DOCA_LOG_ERR("Failed to destroy buf inventory: %s", doca_get_error_string(tmp_result));
      |                         ^~~~~~~~~~~~
In file included from /workspace/morpheus/_lib/include/morpheus/doca/samples/common.h:17,
                 from ../morpheus/_lib/src/doca/samples/common.c:14:
/opt/mellanox/doca/include/doca_error.h:95:13: note: declared here
   95 | const char *doca_get_error_string(doca_error_t error);
      |             ^~~~~~~~~~~~~~~~~~~~~
/workspace/morpheus/_lib/src/doca/samples/common.c:344:17: warning: 'doca_mmap_dev_rm' is deprecated: Symbol is defined as experimental [-Wdeprecated-declarations]
  344 |                 tmp_result = doca_mmap_dev_rm(state->mmap, state->dev);
      |                 ^~~~~~~~~~
In file included from /opt/mellanox/doca/include/doca_buf_inventory.h:34,
                 from ../morpheus/_lib/src/doca/samples/common.c:17:
/opt/mellanox/doca/include/doca_mmap.h:200:14: note: declared here
  200 | doca_error_t doca_mmap_dev_rm(struct doca_mmap *mmap, struct doca_dev *dev);
      |              ^~~~~~~~~~~~~~~~
/workspace/morpheus/_lib/src/doca/samples/common.c:347:25: warning: 'doca_log' is deprecated: Symbol is defined as experimental [-Wdeprecated-declarations]
  347 |                         DOCA_LOG_ERR("Failed to remove device from mmap: %s", doca_get_error_string(tmp_result));
      |                         ^~~~~~~~~~~~
In file included from /workspace/morpheus/_lib/src/doca/samples/common.c:21:
/opt/mellanox/doca/include/doca_log.h:285:14: note: declared here
  285 | doca_error_t doca_log(uint32_t level, int source, int line, const char *format, ...) __attribute__ ((format (printf, 4, 5)));
      |              ^~~~~~~~
/workspace/morpheus/_lib/src/doca/samples/common.c:347:25: warning: 'doca_get_error_string' is deprecated: Symbol is defined as experimental [-Wdeprecated-declarations]
  347 |                         DOCA_LOG_ERR("Failed to remove device from mmap: %s", doca_get_error_string(tmp_result));
      |                         ^~~~~~~~~~~~
In file included from /workspace/morpheus/_lib/include/morpheus/doca/samples/common.h:17,
                 from ../morpheus/_lib/src/doca/samples/common.c:14:
/opt/mellanox/doca/include/doca_error.h:95:13: note: declared here
   95 | const char *doca_get_error_string(doca_error_t error);
      |             ^~~~~~~~~~~~~~~~~~~~~
/workspace/morpheus/_lib/src/doca/samples/common.c:350:17: warning: 'doca_mmap_destroy' is deprecated: Symbol is defined as experimental [-Wdeprecated-declarations]
  350 |                 tmp_result = doca_mmap_destroy(state->mmap);
      |                 ^~~~~~~~~~
In file included from /opt/mellanox/doca/include/doca_buf_inventory.h:34,
                 from ../morpheus/_lib/src/doca/samples/common.c:17:
/opt/mellanox/doca/include/doca_mmap.h:108:14: note: declared here
  108 | doca_error_t doca_mmap_destroy(struct doca_mmap *mmap);
      |              ^~~~~~~~~~~~~~~~~
/workspace/morpheus/_lib/src/doca/samples/common.c:353:25: warning: 'doca_log' is deprecated: Symbol is defined as experimental [-Wdeprecated-declarations]
  353 |                         DOCA_LOG_ERR("Failed to destroy mmap: %s", doca_get_error_string(tmp_result));
      |                         ^~~~~~~~~~~~
In file included from /workspace/morpheus/_lib/src/doca/samples/common.c:21:
/opt/mellanox/doca/include/doca_log.h:285:14: note: declared here
  285 | doca_error_t doca_log(uint32_t level, int source, int line, const char *format, ...) __attribute__ ((format (printf, 4, 5)));
      |              ^~~~~~~~
/workspace/morpheus/_lib/src/doca/samples/common.c:353:25: warning: 'doca_get_error_string' is deprecated: Symbol is defined as experimental [-Wdeprecated-declarations]
  353 |                         DOCA_LOG_ERR("Failed to destroy mmap: %s", doca_get_error_string(tmp_result));
      |                         ^~~~~~~~~~~~
In file included from /workspace/morpheus/_lib/include/morpheus/doca/samples/common.h:17,
                 from ../morpheus/_lib/src/doca/samples/common.c:14:
/opt/mellanox/doca/include/doca_error.h:95:13: note: declared here
   95 | const char *doca_get_error_string(doca_error_t error);
      |             ^~~~~~~~~~~~~~~~~~~~~
/workspace/morpheus/_lib/src/doca/samples/common.c:359:17: warning: 'doca_ctx_stop' is deprecated: Symbol is defined as experimental [-Wdeprecated-declarations]
  359 |                 tmp_result = doca_ctx_stop(state->ctx);
      |                 ^~~~~~~~~~
In file included from /workspace/morpheus/_lib/src/doca/samples/common.c:18:
/opt/mellanox/doca/include/doca_ctx.h:450:14: note: declared here
  450 | doca_error_t doca_ctx_stop(struct doca_ctx *ctx);
      |              ^~~~~~~~~~~~~
/workspace/morpheus/_lib/src/doca/samples/common.c:362:25: warning: 'doca_log' is deprecated: Symbol is defined as experimental [-Wdeprecated-declarations]
  362 |                         DOCA_LOG_ERR("Unable to stop context: %s", doca_get_error_string(tmp_result));
      |                         ^~~~~~~~~~~~
In file included from /workspace/morpheus/_lib/src/doca/samples/common.c:21:
/opt/mellanox/doca/include/doca_log.h:285:14: note: declared here
  285 | doca_error_t doca_log(uint32_t level, int source, int line, const char *format, ...) __attribute__ ((format (printf, 4, 5)));
      |              ^~~~~~~~
/workspace/morpheus/_lib/src/doca/samples/common.c:362:25: warning: 'doca_get_error_string' is deprecated: Symbol is defined as experimental [-Wdeprecated-declarations]
  362 |                         DOCA_LOG_ERR("Unable to stop context: %s", doca_get_error_string(tmp_result));
      |                         ^~~~~~~~~~~~
In file included from /workspace/morpheus/_lib/include/morpheus/doca/samples/common.h:17,
                 from ../morpheus/_lib/src/doca/samples/common.c:14:
/opt/mellanox/doca/include/doca_error.h:95:13: note: declared here
   95 | const char *doca_get_error_string(doca_error_t error);
      |             ^~~~~~~~~~~~~~~~~~~~~
/workspace/morpheus/_lib/src/doca/samples/common.c:365:17: warning: 'doca_ctx_dev_rm' is deprecated: Symbol is defined as experimental [-Wdeprecated-declarations]
  365 |                 tmp_result = doca_ctx_dev_rm(state->ctx, state->dev);
      |                 ^~~~~~~~~~
In file included from /workspace/morpheus/_lib/src/doca/samples/common.c:18:
/opt/mellanox/doca/include/doca_ctx.h:401:14: note: declared here
  401 | doca_error_t doca_ctx_dev_rm(struct doca_ctx *ctx, struct doca_dev *dev);
      |              ^~~~~~~~~~~~~~~
/workspace/morpheus/_lib/src/doca/samples/common.c:368:25: warning: 'doca_log' is deprecated: Symbol is defined as experimental [-Wdeprecated-declarations]
  368 |                         DOCA_LOG_ERR("Failed to remove device from ctx: %s", doca_get_error_string(tmp_result));
      |                         ^~~~~~~~~~~~
In file included from /workspace/morpheus/_lib/src/doca/samples/common.c:21:
/opt/mellanox/doca/include/doca_log.h:285:14: note: declared here
  285 | doca_error_t doca_log(uint32_t level, int source, int line, const char *format, ...) __attribute__ ((format (printf, 4, 5)));
      |              ^~~~~~~~
/workspace/morpheus/_lib/src/doca/samples/common.c:368:25: warning: 'doca_get_error_string' is deprecated: Symbol is defined as experimental [-Wdeprecated-declarations]
  368 |                         DOCA_LOG_ERR("Failed to remove device from ctx: %s", doca_get_error_string(tmp_result));
      |                         ^~~~~~~~~~~~
In file included from /workspace/morpheus/_lib/include/morpheus/doca/samples/common.h:17,
                 from ../morpheus/_lib/src/doca/samples/common.c:14:
/opt/mellanox/doca/include/doca_error.h:95:13: note: declared here
   95 | const char *doca_get_error_string(doca_error_t error);
      |             ^~~~~~~~~~~~~~~~~~~~~
/workspace/morpheus/_lib/src/doca/samples/common.c:373:17: warning: 'doca_dev_close' is deprecated: Symbol is defined as experimental [-Wdeprecated-declarations]
  373 |                 tmp_result = doca_dev_close(state->dev);
      |                 ^~~~~~~~~~
In file included from /workspace/morpheus/_lib/include/morpheus/doca/samples/common.h:18,
                 from ../morpheus/_lib/src/doca/samples/common.c:14:
/opt/mellanox/doca/include/doca_dev.h:191:14: note: declared here
  191 | doca_error_t doca_dev_close(struct doca_dev *dev);
      |              ^~~~~~~~~~~~~~
/workspace/morpheus/_lib/src/doca/samples/common.c:376:25: warning: 'doca_log' is deprecated: Symbol is defined as experimental [-Wdeprecated-declarations]
  376 |                         DOCA_LOG_ERR("Failed to close device: %s", doca_get_error_string(tmp_result));
      |                         ^~~~~~~~~~~~
In file included from /workspace/morpheus/_lib/src/doca/samples/common.c:21:
/opt/mellanox/doca/include/doca_log.h:285:14: note: declared here
  285 | doca_error_t doca_log(uint32_t level, int source, int line, const char *format, ...) __attribute__ ((format (printf, 4, 5)));
      |              ^~~~~~~~
/workspace/morpheus/_lib/src/doca/samples/common.c:376:25: warning: 'doca_get_error_string' is deprecated: Symbol is defined as experimental [-Wdeprecated-declarations]
  376 |                         DOCA_LOG_ERR("Failed to close device: %s", doca_get_error_string(tmp_result));
      |                         ^~~~~~~~~~~~
In file included from /workspace/morpheus/_lib/include/morpheus/doca/samples/common.h:17,
                 from ../morpheus/_lib/src/doca/samples/common.c:14:
/opt/mellanox/doca/include/doca_error.h:95:13: note: declared here
   95 | const char *doca_get_error_string(doca_error_t error);
      |             ^~~~~~~~~~~~~~~~~~~~~
[201/209] Linking CXX shared library morpheus/_lib/cudf_helpers.so
[202/209] Building C object morpheus/_lib/CMakeFiles/morpheus.dir/src/doca/flows.c.o
FAILED: morpheus/_lib/CMakeFiles/morpheus.dir/src/doca/flows.c.o 
/workspace/build/run_ccache_c.sh /opt/conda/envs/morpheus/bin/x86_64-conda-linux-gnu-cc -DBOOST_ALL_NO_LIB -DBOOST_CONTEXT_DYN_LINK -DBOOST_FIBER_DYN_LINK -DBOOST_FILESYSTEM_DYN_LINK -DCUDF_VERSION=22.10.00 -DENABLE_CUTLASS=0 -DGFLAGS_IS_A_DLL=0 -DGLOG_CUSTOM_PREFIX_SUPPORT -DINDEX_64_BIT -DJITIFY_USE_CACHE -DRXCPP_USE_FIBERS -DSPDLOG_ACTIVE_LEVEL=SPDLOG_LEVEL_INFO -DTHRUST_DEVICE_SYSTEM=THRUST_DEVICE_SYSTEM_CUDA -DTHRUST_HOST_SYSTEM=THRUST_HOST_SYSTEM_CPP -DTRITON_ENABLE_GPU=1 -Dmorpheus_EXPORTS -I/workspace/morpheus/_lib/include -I/opt/mellanox/doca/include -I/opt/mellanox/dpdk/include/dpdk -I/opt/mellanox/dpdk/include/x86_64-linux-gnu/dpdk -I/usr/local/include -I/opt/conda/envs/morpheus/include/rapids -I/opt/conda/envs/morpheus/include/rapids/libcudacxx -I/workspace/.cache/cpm/matx/4e3a7306e9a205860dad58afc9ec5c7f922d9594/include -I/workspace/.cache/cpm/matx/4e3a7306e9a205860dad58afc9ec5c7f922d9594/include/kernels -I/workspace/build/morpheus/_lib -I/workspace/.cache/cpm/tritonclient/f2dd9277615c6e3c56858568bcd1e470c4d30a1f/src/c++/library -isystem /opt/conda/envs/morpheus/include/rxcpp -isystem /opt/conda/envs/morpheus/include/python3.8 -isystem /opt/conda/envs/morpheus/lib/python3.8/site-packages/numpy/core/include -isystem /opt/conda/envs/morpheus/include/librdkafka -march=nocona -mtune=haswell -ftree-vectorize -fPIC -fstack-protector-strong -fno-plt -O2 -ffunction-sections -pipe -isystem /opt/conda/envs/morpheus/include -isystem /usr/local/cuda/include -O3 -DNDEBUG -fPIC -MD -MT morpheus/_lib/CMakeFiles/morpheus.dir/src/doca/flows.c.o -MF morpheus/_lib/CMakeFiles/morpheus.dir/src/doca/flows.c.o.d -o morpheus/_lib/CMakeFiles/morpheus.dir/src/doca/flows.c.o -c /workspace/morpheus/_lib/src/doca/flows.c
/workspace/morpheus/_lib/src/doca/flows.c: In function 'DOCA_LOG_CTOR___FILE__':
/workspace/morpheus/_lib/src/doca/flows.c:17:1: warning: 'doca_log_source_register' is deprecated: Symbol is defined as experimental [-Wdeprecated-declarations]
   17 | DOCA_LOG_REGISTER(GPU_FLOWS);
      | ^~~~~~~~~~~~~~~~~
In file included from /workspace/morpheus/_lib/include/morpheus/doca/utils.h:22,
                 from ../morpheus/_lib/include/morpheus/doca/common.h:27,
                 from ../morpheus/_lib/src/doca/flows.c:14:
/opt/mellanox/doca/include/doca_log.h:169:14: note: declared here
  169 | doca_error_t doca_log_source_register(const char *source_name, int *source);
      |              ^~~~~~~~~~~~~~~~~~~~~~~~
/workspace/morpheus/_lib/src/doca/flows.c: In function 'DOCA_LOG_DTOR___FILE__':
/workspace/morpheus/_lib/src/doca/flows.c:17:1: warning: 'doca_log_source_destroy' is deprecated: Symbol is defined as experimental [-Wdeprecated-declarations]
   17 | DOCA_LOG_REGISTER(GPU_FLOWS);
      | ^~~~~~~~~~~~~~~~~
In file included from /workspace/morpheus/_lib/include/morpheus/doca/utils.h:22,
                 from ../morpheus/_lib/include/morpheus/doca/common.h:27,
                 from ../morpheus/_lib/src/doca/flows.c:14:
/opt/mellanox/doca/include/doca_log.h:184:14: note: declared here
  184 | doca_error_t doca_log_source_destroy(int source);
      |              ^~~~~~~~~~~~~~~~~~~~~~~
/workspace/morpheus/_lib/src/doca/flows.c: In function 'init_doca_flow':
/workspace/morpheus/_lib/src/doca/flows.c:42:10: warning: type defaults to 'int' in declaration of 'ret_0' [-Wimplicit-int]
   42 |     auto ret_0 = rte_eth_dev_configure(port_id, 1, 0, &eth_conf);
      |          ^~~~~
/workspace/morpheus/_lib/src/doca/flows.c:46:10: warning: type defaults to 'int' in declaration of 'ret_1' [-Wimplicit-int]
   46 |     auto ret_1 = rte_eth_rx_queue_setup(port_id, 0, 2048, rte_eth_dev_socket_id(port_id), NULL, mp);
      |          ^~~~~
/workspace/morpheus/_lib/src/doca/flows.c:53:34: error: stray '\342' in program
   53 |         rxq_flow_cfg.mode_args = vnf,hws,isolated;
      |                                  ^
/workspace/morpheus/_lib/src/doca/flows.c:53:35: error: 'vnf' undeclared (first use in this function)
   53 |         rxq_flow_cfg.mode_args = vnf,hws,isolated;
      |                                   ^~~
/workspace/morpheus/_lib/src/doca/flows.c:53:35: note: each undeclared identifier is reported only once for each function it appears in
/workspace/morpheus/_lib/src/doca/flows.c:53:39: error: 'hws' undeclared (first use in this function)
   53 |         rxq_flow_cfg.mode_args = vnf,hws,isolated;
      |                                       ^~~
/workspace/morpheus/_lib/src/doca/flows.c:53:51: error: stray '\342' in program
   53 |         rxq_flow_cfg.mode_args = vnf,hws,isolated;
      |                                                   ^
/workspace/morpheus/_lib/src/doca/flows.c:53:43: error: 'isolated' undeclared (first use in this function)
   53 |         rxq_flow_cfg.mode_args = vnf,hws,isolated;
      |                                           ^~~~~~~~
/workspace/morpheus/_lib/src/doca/flows.c:54:5: warning: 'doca_flow_init' is deprecated: Symbol is defined as experimental [-Wdeprecated-declarations]
   54 |     result = doca_flow_init(&rxq_flow_cfg);
      |     ^~~~~~
In file included from /workspace/morpheus/_lib/include/morpheus/doca/common.h:36,
                 from ../morpheus/_lib/src/doca/flows.c:14:
/opt/mellanox/doca/include/doca_flow.h:752:1: note: declared here
  752 | doca_flow_init(const struct doca_flow_cfg *cfg);
      | ^~~~~~~~~~~~~~
/workspace/morpheus/_lib/src/doca/flows.c:56:17: warning: 'doca_log' is deprecated: Symbol is defined as experimental [-Wdeprecated-declarations]
   56 |                 DOCA_LOG_ERR("failed to init doca flow with: %s", doca_get_error_string(result));
      |                 ^~~~~~~~~~~~
In file included from /workspace/morpheus/_lib/include/morpheus/doca/utils.h:22,
                 from ../morpheus/_lib/include/morpheus/doca/common.h:27,
                 from ../morpheus/_lib/src/doca/flows.c:14:
/opt/mellanox/doca/include/doca_log.h:285:14: note: declared here
  285 | doca_error_t doca_log(uint32_t level, int source, int line, const char *format, ...) __attribute__ ((format (printf, 4, 5)));
      |              ^~~~~~~~
/workspace/morpheus/_lib/src/doca/flows.c:56:17: warning: 'doca_get_error_string' is deprecated: Symbol is defined as experimental [-Wdeprecated-declarations]
   56 |                 DOCA_LOG_ERR("failed to init doca flow with: %s", doca_get_error_string(result));
      |                 ^~~~~~~~~~~~
In file included from /workspace/morpheus/_lib/include/morpheus/doca/utils.h:21,
                 from ../morpheus/_lib/include/morpheus/doca/common.h:27,
                 from ../morpheus/_lib/src/doca/flows.c:14:
/opt/mellanox/doca/include/doca_error.h:95:13: note: declared here
   95 | const char *doca_get_error_string(doca_error_t error);
      |             ^~~~~~~~~~~~~~~~~~~~~
/workspace/morpheus/_lib/src/doca/flows.c:65:9: warning: 'doca_flow_port_start' is deprecated: Symbol is defined as experimental [-Wdeprecated-declarations]
   65 |         result = doca_flow_port_start(&port_cfg, &df_port);
      |         ^~~~~~
In file included from /workspace/morpheus/_lib/include/morpheus/doca/common.h:36,
                 from ../morpheus/_lib/src/doca/flows.c:14:
/opt/mellanox/doca/include/doca_flow.h:787:1: note: declared here
  787 | doca_flow_port_start(const struct doca_flow_port_cfg *cfg,
      | ^~~~~~~~~~~~~~~~~~~~
/workspace/morpheus/_lib/src/doca/flows.c:67:17: warning: 'doca_log' is deprecated: Symbol is defined as experimental [-Wdeprecated-declarations]
   67 |                 DOCA_LOG_ERR("failed to initialize doca flow port with: %s", doca_get_error_string(result));
      |                 ^~~~~~~~~~~~
In file included from /workspace/morpheus/_lib/include/morpheus/doca/utils.h:22,
                 from ../morpheus/_lib/include/morpheus/doca/common.h:27,
                 from ../morpheus/_lib/src/doca/flows.c:14:
/opt/mellanox/doca/include/doca_log.h:285:14: note: declared here
  285 | doca_error_t doca_log(uint32_t level, int source, int line, const char *format, ...) __attribute__ ((format (printf, 4, 5)));
      |              ^~~~~~~~
/workspace/morpheus/_lib/src/doca/flows.c:67:17: warning: 'doca_get_error_string' is deprecated: Symbol is defined as experimental [-Wdeprecated-declarations]
   67 |                 DOCA_LOG_ERR("failed to initialize doca flow port with: %s", doca_get_error_string(result));
      |                 ^~~~~~~~~~~~
In file included from /workspace/morpheus/_lib/include/morpheus/doca/utils.h:21,
                 from ../morpheus/_lib/include/morpheus/doca/common.h:27,
                 from ../morpheus/_lib/src/doca/flows.c:14:
/opt/mellanox/doca/include/doca_error.h:95:13: note: declared here
   95 | const char *doca_get_error_string(doca_error_t error);
      |             ^~~~~~~~~~~~~~~~~~~~~
/workspace/morpheus/_lib/src/doca/flows.c: In function 'build_rxq_pipe':
/workspace/morpheus/_lib/src/doca/flows.c:129:9: warning: 'doca_flow_pipe_create' is deprecated: Symbol is defined as experimental [-Wdeprecated-declarations]
  129 |         res_doca = doca_flow_pipe_create(&rxq_pipe_cfg, &fwd, &miss_fwd, &rxq_pipe);
      |         ^~~~~~~~
In file included from /workspace/morpheus/_lib/include/morpheus/doca/common.h:36,
                 from ../morpheus/_lib/src/doca/flows.c:14:
/opt/mellanox/doca/include/doca_flow.h:965:1: note: declared here
  965 | doca_flow_pipe_create(const struct doca_flow_pipe_cfg *cfg,
      | ^~~~~~~~~~~~~~~~~~~~~
/workspace/morpheus/_lib/src/doca/flows.c:131:17: warning: 'doca_log' is deprecated: Symbol is defined as experimental [-Wdeprecated-declarations]
  131 |                 DOCA_LOG_ERR("RxQ pipe creation failed with: %s", doca_get_error_string(res_doca));
      |                 ^~~~~~~~~~~~
In file included from /workspace/morpheus/_lib/include/morpheus/doca/utils.h:22,
                 from ../morpheus/_lib/include/morpheus/doca/common.h:27,
                 from ../morpheus/_lib/src/doca/flows.c:14:
/opt/mellanox/doca/include/doca_log.h:285:14: note: declared here
  285 | doca_error_t doca_log(uint32_t level, int source, int line, const char *format, ...) __attribute__ ((format (printf, 4, 5)));
      |              ^~~~~~~~
/workspace/morpheus/_lib/src/doca/flows.c:131:17: warning: 'doca_get_error_string' is deprecated: Symbol is defined as experimental [-Wdeprecated-declarations]
  131 |                 DOCA_LOG_ERR("RxQ pipe creation failed with: %s", doca_get_error_string(res_doca));
      |                 ^~~~~~~~~~~~
In file included from /workspace/morpheus/_lib/include/morpheus/doca/utils.h:21,
                 from ../morpheus/_lib/include/morpheus/doca/common.h:27,
                 from ../morpheus/_lib/src/doca/flows.c:14:
/opt/mellanox/doca/include/doca_error.h:95:13: note: declared here
   95 | const char *doca_get_error_string(doca_error_t error);
      |             ^~~~~~~~~~~~~~~~~~~~~
/workspace/morpheus/_lib/src/doca/flows.c:165:9: warning: 'doca_flow_pipe_add_entry' is deprecated: Symbol is defined as experimental [-Wdeprecated-declarations]
  165 |         res_doca = doca_flow_pipe_add_entry(0, rxq_pipe, &rxq_match, &actions, NULL, NULL, 0, NULL, &entry);
      |         ^~~~~~~~
In file included from /workspace/morpheus/_lib/include/morpheus/doca/common.h:36,
                 from ../morpheus/_lib/src/doca/flows.c:14:
/opt/mellanox/doca/include/doca_flow.h:1012:1: note: declared here
 1012 | doca_flow_pipe_add_entry(uint16_t pipe_queue,
      | ^~~~~~~~~~~~~~~~~~~~~~~~
/workspace/morpheus/_lib/src/doca/flows.c:167:17: warning: 'doca_log' is deprecated: Symbol is defined as experimental [-Wdeprecated-declarations]
  167 |                 DOCA_LOG_ERR("RxQ pipe entry creation failed with: %s", doca_get_error_string(res_doca));
      |                 ^~~~~~~~~~~~
In file included from /workspace/morpheus/_lib/include/morpheus/doca/utils.h:22,
                 from ../morpheus/_lib/include/morpheus/doca/common.h:27,
                 from ../morpheus/_lib/src/doca/flows.c:14:
/opt/mellanox/doca/include/doca_log.h:285:14: note: declared here
  285 | doca_error_t doca_log(uint32_t level, int source, int line, const char *format, ...) __attribute__ ((format (printf, 4, 5)));
      |              ^~~~~~~~
/workspace/morpheus/_lib/src/doca/flows.c:167:17: warning: 'doca_get_error_string' is deprecated: Symbol is defined as experimental [-Wdeprecated-declarations]
  167 |                 DOCA_LOG_ERR("RxQ pipe entry creation failed with: %s", doca_get_error_string(res_doca));
      |                 ^~~~~~~~~~~~
In file included from /workspace/morpheus/_lib/include/morpheus/doca/utils.h:21,
                 from ../morpheus/_lib/include/morpheus/doca/common.h:27,
                 from ../morpheus/_lib/src/doca/flows.c:14:
/opt/mellanox/doca/include/doca_error.h:95:13: note: declared here
   95 | const char *doca_get_error_string(doca_error_t error);
      |             ^~~~~~~~~~~~~~~~~~~~~
/workspace/morpheus/_lib/src/doca/flows.c: In function 'destroy_doca_flow':
/workspace/morpheus/_lib/src/doca/flows.c:183:9: warning: 'doca_flow_destroy' is deprecated: Symbol is defined as experimental [-Wdeprecated-declarations]
  183 |         doca_flow_destroy();
      |         ^~~~~~~~~~~~~~~~~
In file included from /workspace/morpheus/_lib/include/morpheus/doca/common.h:36,
                 from ../morpheus/_lib/src/doca/flows.c:14:
/opt/mellanox/doca/include/doca_flow.h:763:1: note: declared here
  763 | doca_flow_destroy(void);
      | ^~~~~~~~~~~~~~~~~
ninja: build stopped: subcommand failed.
